CLEAN master-dashboard (nothing to commit)
[main 0930fe8] auto: snapshot 2026-02-22T23:00:01Z
 8 files changed, 576 insertions(+), 5 deletions(-)
 create mode 100644 backfill_coin_eligibility.py
 create mode 100644 coin_eligibility.py
 create mode 100644 show_coin_blacklist.py
COMMITTED blofin-stack
[main af571d5] auto: snapshot 2026-02-22T23:00:01Z
 16 files changed, 1289 insertions(+), 32 deletions(-)
 create mode 100644 campsite-crm/backend/backups/crm-backup-20260222_151020-auto.json
 create mode 100644 campsite-crm/backend/backups/crm-backup-20260222_151520-auto.json
 create mode 100644 campsite-crm/backend/backups/crm-backup-20260222_152020-auto.json
 create mode 100644 campsite-crm/backend/backups/crm-backup-20260222_152112-startup.json
 create mode 100644 campsite-crm/backend/backups/crm-backup-20260222_152610-auto.json
 create mode 100644 campsite-crm/backend/backups/crm-backup-20260222_153110-auto.json
 create mode 100644 campsite-crm/backend/backups/crm-backup-20260222_153610-auto.json
 create mode 100644 campsite-crm/backend/backups/crm-backup-20260222_154110-auto.json
 create mode 100644 campsite-crm/backend/backups/crm-backup-20260222_154610-auto.json
 create mode 100644 campsite-crm/backend/backups/crm-backup-20260222_155110-auto.json
 create mode 100644 campsite-crm/backend/backups/crm-backup-20260222_155610-auto.json
 create mode 100644 logs/auto-git-commit.log
COMMITTED blofin-dashboard
[main 4aa44f4] auto: snapshot 2026-02-22T23:00:01Z
 2 files changed, 105 insertions(+), 7 deletions(-)
COMMITTED arb-dashboard
CLEAN kanban-dashboard (nothing to commit)
CLEAN numerai-tournament (nothing to commit)
CLEAN ai-workshop (nothing to commit)
[main f92daae] auto: snapshot 2026-02-22T23:00:01Z
 1 file changed, 21 insertions(+)
COMMITTED campsite-crm
[main 1d9790d] auto: snapshot 2026-02-22T23:00:01Z
 1 file changed, 3 insertions(+)
COMMITTED gilbert-pd-radio-trainer
Done: 5 committed, 4 skipped
CLEAN master-dashboard (nothing to commit)
[main d56e820] auto: snapshot 2026-02-23T00:00:01Z
 1 file changed, 2 insertions(+), 2 deletions(-)
COMMITTED blofin-stack
[main 4e32749] auto: snapshot 2026-02-23T00:00:01Z
 15 files changed, 1353 insertions(+), 1 deletion(-)
 create mode 100644 campsite-crm/backend/backups/crm-backup-20260222_160110-auto.json
 create mode 100644 campsite-crm/backend/backups/crm-backup-20260222_160610-auto.json
 create mode 100644 campsite-crm/backend/backups/crm-backup-20260222_161110-auto.json
 create mode 100644 campsite-crm/backend/backups/crm-backup-20260222_161610-auto.json
 create mode 100644 campsite-crm/backend/backups/crm-backup-20260222_162110-auto.json
 create mode 100644 campsite-crm/backend/backups/crm-backup-20260222_162610-auto.json
 create mode 100644 campsite-crm/backend/backups/crm-backup-20260222_163111-auto.json
 create mode 100644 campsite-crm/backend/backups/crm-backup-20260222_163611-auto.json
 create mode 100644 campsite-crm/backend/backups/crm-backup-20260222_164111-auto.json
 create mode 100644 campsite-crm/backend/backups/crm-backup-20260222_164611-auto.json
 create mode 100644 campsite-crm/backend/backups/crm-backup-20260222_165111-auto.json
 create mode 100644 campsite-crm/backend/backups/crm-backup-20260222_165611-auto.json
COMMITTED blofin-dashboard
CLEAN arb-dashboard (nothing to commit)
CLEAN kanban-dashboard (nothing to commit)
CLEAN numerai-tournament (nothing to commit)
CLEAN ai-workshop (nothing to commit)
[main d7d4b52] auto: snapshot 2026-02-23T00:00:01Z
 1 file changed, 19 insertions(+)
COMMITTED campsite-crm
[main 742d462] auto: snapshot 2026-02-23T00:00:01Z
 1 file changed, 3 insertions(+)
COMMITTED gilbert-pd-radio-trainer
Done: 4 committed, 5 skipped
CLEAN master-dashboard (nothing to commit)
[main 49dec3a] auto: snapshot 2026-02-23T01:00:01Z
 7 files changed, 2264 insertions(+), 62 deletions(-)
 create mode 100644 docs/STRATEGY_RANKING_REDESIGN.md
 create mode 100644 ml_pipeline/experiment_engine.py
 create mode 100644 ml_pipeline/tournament.py
 create mode 100644 ml_pipeline/walk_forward.py
COMMITTED blofin-stack
warning: adding embedded git repository: ninja_trader_strategies
hint: You've added another git repository inside your current repository.
hint: Clones of the outer repository will not contain the contents of
hint: the embedded repository and will not know how to obtain it.
hint: If you meant to add a submodule, use:
hint: 
hint: 	git submodule add <url> ninja_trader_strategies
hint: 
hint: If you added this path by mistake, you can remove it from the
hint: index with:
hint: 
hint: 	git rm --cached ninja_trader_strategies
hint: 
hint: See "git help submodule" for more information.
[main 61239a9] auto: snapshot 2026-02-23T01:00:01Z
 28 files changed, 1556 insertions(+), 24 deletions(-)
 create mode 100644 campsite-crm/backend/backups/crm-backup-20260222_170111-auto.json
 create mode 100644 campsite-crm/backend/backups/crm-backup-20260222_170611-auto.json
 create mode 100644 campsite-crm/backend/backups/crm-backup-20260222_171111-auto.json
 create mode 100644 campsite-crm/backend/backups/crm-backup-20260222_171611-auto.json
 create mode 100644 campsite-crm/backend/backups/crm-backup-20260222_171728-startup.json
 create mode 100644 campsite-crm/backend/backups/crm-backup-20260222_172226-auto.json
 create mode 100644 campsite-crm/backend/backups/crm-backup-20260222_172726-auto.json
 create mode 100644 campsite-crm/backend/backups/crm-backup-20260222_173226-auto.json
 create mode 100644 campsite-crm/backend/backups/crm-backup-20260222_173726-auto.json
 create mode 100644 campsite-crm/backend/backups/crm-backup-20260222_174226-auto.json
 create mode 100644 campsite-crm/backend/backups/crm-backup-20260222_174726-auto.json
 create mode 100644 campsite-crm/backend/backups/crm-backup-20260222_175226-auto.json
 create mode 100644 campsite-crm/backend/backups/crm-backup-20260222_175726-auto.json
 delete mode 100644 campsite-crm/frontend/build/static/css/main.5ffe8b41.css.map
 rename campsite-crm/frontend/build/static/css/{main.5ffe8b41.css => main.689231bf.css} (87%)
 create mode 100644 campsite-crm/frontend/build/static/css/main.689231bf.css.map
 rename campsite-crm/frontend/build/static/js/{main.ff3e0287.js => main.1e158015.js} (51%)
 rename campsite-crm/frontend/build/static/js/{main.ff3e0287.js.LICENSE.txt => main.1e158015.js.LICENSE.txt} (100%)
 create mode 100644 campsite-crm/frontend/build/static/js/main.1e158015.js.map
 delete mode 100644 campsite-crm/frontend/build/static/js/main.ff3e0287.js.map
 create mode 160000 ninja_trader_strategies
COMMITTED blofin-dashboard
[main 04dfc9f] auto: snapshot 2026-02-23T01:00:01Z
 2 files changed, 84 insertions(+), 9 deletions(-)
COMMITTED arb-dashboard
CLEAN kanban-dashboard (nothing to commit)
CLEAN numerai-tournament (nothing to commit)
CLEAN ai-workshop (nothing to commit)
[main b63de89] auto: snapshot 2026-02-23T01:00:01Z
 1 file changed, 44 insertions(+)
COMMITTED campsite-crm
[main 0eed570] auto: snapshot 2026-02-23T01:00:01Z
 1 file changed, 3 insertions(+)
COMMITTED gilbert-pd-radio-trainer
Done: 5 committed, 4 skipped
CLEAN master-dashboard (nothing to commit)
[main b753a1c] auto: snapshot 2026-02-23T02:00:01Z
 24 files changed, 482 insertions(+), 73 deletions(-)
 create mode 100644 data/ml_experiment_queue.json
COMMITTED blofin-stack
[main bc3f969] auto: snapshot 2026-02-23T02:00:01Z
 29 files changed, 1630 insertions(+), 158 deletions(-)
 create mode 100644 campsite-crm/backend/backups/crm-backup-20260222_180226-auto.json
 create mode 100644 campsite-crm/backend/backups/crm-backup-20260222_180726-auto.json
 create mode 100644 campsite-crm/backend/backups/crm-backup-20260222_181226-auto.json
 create mode 100644 campsite-crm/backend/backups/crm-backup-20260222_181726-auto.json
 create mode 100644 campsite-crm/backend/backups/crm-backup-20260222_182226-auto.json
 create mode 100644 campsite-crm/backend/backups/crm-backup-20260222_182233-startup.json
 create mode 100644 campsite-crm/backend/backups/crm-backup-20260222_182731-auto.json
 create mode 100644 campsite-crm/backend/backups/crm-backup-20260222_183231-auto.json
 create mode 100644 campsite-crm/backend/backups/crm-backup-20260222_183731-auto.json
 create mode 100644 campsite-crm/backend/backups/crm-backup-20260222_184231-auto.json
 create mode 100644 campsite-crm/backend/backups/crm-backup-20260222_184731-auto.json
 create mode 100644 campsite-crm/backend/backups/crm-backup-20260222_185231-auto.json
 create mode 100644 campsite-crm/backend/backups/crm-backup-20260222_185731-auto.json
 delete mode 100644 campsite-crm/frontend/build/static/css/main.689231bf.css.map
 rename campsite-crm/frontend/build/static/css/{main.689231bf.css => main.8790ba87.css} (88%)
 create mode 100644 campsite-crm/frontend/build/static/css/main.8790ba87.css.map
 delete mode 100644 campsite-crm/frontend/build/static/js/main.1e158015.js.map
 rename campsite-crm/frontend/build/static/js/{main.1e158015.js => main.27172cd4.js} (81%)
 rename campsite-crm/frontend/build/static/js/{main.1e158015.js.LICENSE.txt => main.27172cd4.js.LICENSE.txt} (100%)
 create mode 100644 campsite-crm/frontend/build/static/js/main.27172cd4.js.map
COMMITTED blofin-dashboard
CLEAN arb-dashboard (nothing to commit)
CLEAN kanban-dashboard (nothing to commit)
CLEAN numerai-tournament (nothing to commit)
CLEAN ai-workshop (nothing to commit)
[main 3973915] auto: snapshot 2026-02-23T02:00:01Z
 1 file changed, 27 insertions(+)
COMMITTED campsite-crm
[main 10365fc] auto: snapshot 2026-02-23T02:00:01Z
 1 file changed, 3 insertions(+)
COMMITTED gilbert-pd-radio-trainer
Done: 4 committed, 5 skipped
[master e6f8a47] auto: snapshot 2026-02-23T03:00:01Z
 1 file changed, 21 insertions(+), 2 deletions(-)
COMMITTED master-dashboard
[main 77a3d42] auto: snapshot 2026-02-23T03:00:01Z
 4 files changed, 416 insertions(+), 146 deletions(-)
 create mode 100644 scoring/__init__.py
 create mode 100644 scoring/gate_ranker.py
COMMITTED blofin-stack
[main eaa6c6f] auto: snapshot 2026-02-23T03:00:01Z
 24 files changed, 1484 insertions(+), 10 deletions(-)
 create mode 100644 campsite-crm/backend/backups/crm-backup-20260222_190231-auto.json
 create mode 100644 campsite-crm/backend/backups/crm-backup-20260222_190731-auto.json
 create mode 100644 campsite-crm/backend/backups/crm-backup-20260222_191231-auto.json
 create mode 100644 campsite-crm/backend/backups/crm-backup-20260222_191728-startup.json
 create mode 100644 campsite-crm/backend/backups/crm-backup-20260222_191833-startup.json
 create mode 100644 campsite-crm/backend/backups/crm-backup-20260222_192331-auto.json
 create mode 100644 campsite-crm/backend/backups/crm-backup-20260222_192831-auto.json
 create mode 100644 campsite-crm/backend/backups/crm-backup-20260222_193331-auto.json
 create mode 100644 campsite-crm/backend/backups/crm-backup-20260222_193831-auto.json
 create mode 100644 campsite-crm/backend/backups/crm-backup-20260222_194331-auto.json
 create mode 100644 campsite-crm/backend/backups/crm-backup-20260222_194831-auto.json
 create mode 100644 campsite-crm/backend/backups/crm-backup-20260222_195331-auto.json
 create mode 100644 campsite-crm/backend/backups/crm-backup-20260222_195831-auto.json
 delete mode 100644 campsite-crm/frontend/build/static/js/main.27172cd4.js.map
 rename campsite-crm/frontend/build/static/js/{main.27172cd4.js => main.edacf953.js} (91%)
 rename campsite-crm/frontend/build/static/js/{main.27172cd4.js.LICENSE.txt => main.edacf953.js.LICENSE.txt} (100%)
 create mode 100644 campsite-crm/frontend/build/static/js/main.edacf953.js.map
COMMITTED blofin-dashboard
CLEAN arb-dashboard (nothing to commit)
CLEAN kanban-dashboard (nothing to commit)
CLEAN numerai-tournament (nothing to commit)
CLEAN ai-workshop (nothing to commit)
[main 8cb5ff0] auto: snapshot 2026-02-23T03:00:01Z
 1 file changed, 24 insertions(+)
COMMITTED campsite-crm
[main bb77db1] auto: snapshot 2026-02-23T03:00:01Z
 1 file changed, 3 insertions(+)
COMMITTED gilbert-pd-radio-trainer
Done: 5 committed, 4 skipped
CLEAN master-dashboard (nothing to commit)
[main 85efd76] auto: snapshot 2026-02-23T04:00:01Z
 1 file changed, 2 insertions(+), 2 deletions(-)
COMMITTED blofin-stack
[main c04d757] auto: snapshot 2026-02-23T04:00:01Z
 15 files changed, 1353 insertions(+), 1 deletion(-)
 create mode 100644 campsite-crm/backend/backups/crm-backup-20260222_200331-auto.json
 create mode 100644 campsite-crm/backend/backups/crm-backup-20260222_200831-auto.json
 create mode 100644 campsite-crm/backend/backups/crm-backup-20260222_201332-auto.json
 create mode 100644 campsite-crm/backend/backups/crm-backup-20260222_201832-auto.json
 create mode 100644 campsite-crm/backend/backups/crm-backup-20260222_202332-auto.json
 create mode 100644 campsite-crm/backend/backups/crm-backup-20260222_202832-auto.json
 create mode 100644 campsite-crm/backend/backups/crm-backup-20260222_203332-auto.json
 create mode 100644 campsite-crm/backend/backups/crm-backup-20260222_203832-auto.json
 create mode 100644 campsite-crm/backend/backups/crm-backup-20260222_204332-auto.json
 create mode 100644 campsite-crm/backend/backups/crm-backup-20260222_204832-auto.json
 create mode 100644 campsite-crm/backend/backups/crm-backup-20260222_205332-auto.json
 create mode 100644 campsite-crm/backend/backups/crm-backup-20260222_205832-auto.json
COMMITTED blofin-dashboard
CLEAN arb-dashboard (nothing to commit)
CLEAN kanban-dashboard (nothing to commit)
CLEAN numerai-tournament (nothing to commit)
[sports-betting/phase2-real-apps d008102] auto: snapshot 2026-02-23T04:00:01Z
 3 files changed, 258 insertions(+)
 create mode 100644 projects/sports-betting/analysis/arb_opportunities_20260222_200002.json
 create mode 100644 projects/sports-betting/analysis/daily_report_20260222_200002.json
 create mode 100644 projects/sports-betting/analysis/sportsbook_data_20260222_200002.json
COMMITTED ai-workshop
[main 9b29397] auto: snapshot 2026-02-23T04:00:01Z
 2 files changed, 25 insertions(+), 1 deletion(-)
COMMITTED campsite-crm
[main 4f47864] auto: snapshot 2026-02-23T04:00:01Z
 1 file changed, 3 insertions(+)
COMMITTED gilbert-pd-radio-trainer
Done: 5 committed, 4 skipped
[master ff0f6b4] auto: snapshot 2026-02-23T05:00:01Z
 1 file changed, 152 insertions(+), 16 deletions(-)
COMMITTED master-dashboard
[main 2a4ad38] auto: snapshot 2026-02-23T05:00:01Z
 1 file changed, 8 insertions(+), 2 deletions(-)
COMMITTED blofin-stack
[main 29c3ea0] auto: snapshot 2026-02-23T05:00:01Z
 18 files changed, 1425 insertions(+), 62 deletions(-)
 create mode 100644 campsite-crm/backend/backups/crm-backup-20260222_210332-auto.json
 create mode 100644 campsite-crm/backend/backups/crm-backup-20260222_210832-auto.json
 create mode 100644 campsite-crm/backend/backups/crm-backup-20260222_211332-auto.json
 create mode 100644 campsite-crm/backend/backups/crm-backup-20260222_211832-auto.json
 create mode 100644 campsite-crm/backend/backups/crm-backup-20260222_212332-auto.json
 create mode 100644 campsite-crm/backend/backups/crm-backup-20260222_212832-auto.json
 create mode 100644 campsite-crm/backend/backups/crm-backup-20260222_213332-auto.json
 create mode 100644 campsite-crm/backend/backups/crm-backup-20260222_213832-auto.json
 create mode 100644 campsite-crm/backend/backups/crm-backup-20260222_214024-startup.json
 create mode 100644 campsite-crm/backend/backups/crm-backup-20260222_214522-auto.json
 create mode 100644 campsite-crm/backend/backups/crm-backup-20260222_215022-auto.json
 create mode 100644 campsite-crm/backend/backups/crm-backup-20260222_215522-auto.json
COMMITTED blofin-dashboard
CLEAN arb-dashboard (nothing to commit)
[main 23cbf8b] auto: snapshot 2026-02-23T05:00:01Z
 1 file changed, 41 insertions(+), 6 deletions(-)
COMMITTED kanban-dashboard
CLEAN numerai-tournament (nothing to commit)
CLEAN ai-workshop (nothing to commit)
[main 1df8bcc] auto: snapshot 2026-02-23T05:00:01Z
 2 files changed, 22 insertions(+), 1 deletion(-)
COMMITTED campsite-crm
[main 1d2e4b9] auto: snapshot 2026-02-23T05:00:01Z
 1 file changed, 3 insertions(+)
COMMITTED gilbert-pd-radio-trainer
Done: 6 committed, 3 skipped
CLEAN master-dashboard (nothing to commit)
[main 4255bb1] auto: snapshot 2026-02-23T06:00:01Z
 2 files changed, 25 insertions(+), 9 deletions(-)
COMMITTED blofin-stack
[main 3246901] auto: snapshot 2026-02-23T06:00:01Z
 16 files changed, 1354 insertions(+), 2 deletions(-)
 create mode 100644 campsite-crm/backend/backups/crm-backup-20260222_220022-auto.json
 create mode 100644 campsite-crm/backend/backups/crm-backup-20260222_220522-auto.json
 create mode 100644 campsite-crm/backend/backups/crm-backup-20260222_221022-auto.json
 create mode 100644 campsite-crm/backend/backups/crm-backup-20260222_221522-auto.json
 create mode 100644 campsite-crm/backend/backups/crm-backup-20260222_222022-auto.json
 create mode 100644 campsite-crm/backend/backups/crm-backup-20260222_222522-auto.json
 create mode 100644 campsite-crm/backend/backups/crm-backup-20260222_223022-auto.json
 create mode 100644 campsite-crm/backend/backups/crm-backup-20260222_223522-auto.json
 create mode 100644 campsite-crm/backend/backups/crm-backup-20260222_224022-auto.json
 create mode 100644 campsite-crm/backend/backups/crm-backup-20260222_224522-auto.json
 create mode 100644 campsite-crm/backend/backups/crm-backup-20260222_225022-auto.json
 create mode 100644 campsite-crm/backend/backups/crm-backup-20260222_225522-auto.json
COMMITTED blofin-dashboard
CLEAN arb-dashboard (nothing to commit)
CLEAN kanban-dashboard (nothing to commit)
CLEAN numerai-tournament (nothing to commit)
CLEAN ai-workshop (nothing to commit)
[main 0e33919] auto: snapshot 2026-02-23T06:00:01Z
 1 file changed, 19 insertions(+)
COMMITTED campsite-crm
[main 01ad503] auto: snapshot 2026-02-23T06:00:01Z
 1 file changed, 3 insertions(+)
COMMITTED gilbert-pd-radio-trainer
Done: 4 committed, 5 skipped
CLEAN master-dashboard (nothing to commit)
CLEAN blofin-stack (nothing to commit)
[main cdbf60b] auto: snapshot 2026-02-23T07:00:01Z
 19 files changed, 1619 insertions(+), 5 deletions(-)
 create mode 100644 campsite-crm/backend/backups/crm-backup-20260222_230022-auto.json
 create mode 100644 campsite-crm/backend/backups/crm-backup-20260222_230522-auto.json
 create mode 100644 campsite-crm/backend/backups/crm-backup-20260222_231022-auto.json
 create mode 100644 campsite-crm/backend/backups/crm-backup-20260222_231522-auto.json
 create mode 100644 campsite-crm/backend/backups/crm-backup-20260222_232022-auto.json
 create mode 100644 campsite-crm/backend/backups/crm-backup-20260222_232522-auto.json
 create mode 100644 campsite-crm/backend/backups/crm-backup-20260222_233022-auto.json
 create mode 100644 campsite-crm/backend/backups/crm-backup-20260222_233522-auto.json
 create mode 100644 campsite-crm/backend/backups/crm-backup-20260222_234022-auto.json
 create mode 100644 campsite-crm/backend/backups/crm-backup-20260222_234522-auto.json
 create mode 100644 campsite-crm/backend/backups/crm-backup-20260222_235022-auto.json
 create mode 100644 campsite-crm/backend/backups/crm-backup-20260222_235522-auto.json
COMMITTED blofin-dashboard
CLEAN arb-dashboard (nothing to commit)
CLEAN kanban-dashboard (nothing to commit)
CLEAN numerai-tournament (nothing to commit)
CLEAN ai-workshop (nothing to commit)
[main 9567147] auto: snapshot 2026-02-23T07:00:01Z
 1 file changed, 19 insertions(+)
COMMITTED campsite-crm
[main 5be3ca4] auto: snapshot 2026-02-23T07:00:01Z
 1 file changed, 3 insertions(+)
COMMITTED gilbert-pd-radio-trainer
Done: 3 committed, 6 skipped
[master cb4b0f5] auto: snapshot 2026-02-23T08:00:01Z
 1 file changed, 423 insertions(+), 2 deletions(-)
COMMITTED master-dashboard
[main faa4144] auto: snapshot 2026-02-23T08:00:01Z
 39 files changed, 414 insertions(+), 139 deletions(-)
COMMITTED blofin-stack
[main 291503b] auto: snapshot 2026-02-23T08:00:01Z
 16 files changed, 1356 insertions(+), 2 deletions(-)
 create mode 100644 campsite-crm/backend/backups/crm-backup-20260223_000022-auto.json
 create mode 100644 campsite-crm/backend/backups/crm-backup-20260223_000522-auto.json
 create mode 100644 campsite-crm/backend/backups/crm-backup-20260223_001022-auto.json
 create mode 100644 campsite-crm/backend/backups/crm-backup-20260223_001522-auto.json
 create mode 100644 campsite-crm/backend/backups/crm-backup-20260223_002022-auto.json
 create mode 100644 campsite-crm/backend/backups/crm-backup-20260223_002522-auto.json
 create mode 100644 campsite-crm/backend/backups/crm-backup-20260223_003022-auto.json
 create mode 100644 campsite-crm/backend/backups/crm-backup-20260223_003522-auto.json
 create mode 100644 campsite-crm/backend/backups/crm-backup-20260223_004022-auto.json
 create mode 100644 campsite-crm/backend/backups/crm-backup-20260223_004522-auto.json
 create mode 100644 campsite-crm/backend/backups/crm-backup-20260223_005022-auto.json
 create mode 100644 campsite-crm/backend/backups/crm-backup-20260223_005522-auto.json
COMMITTED blofin-dashboard
CLEAN arb-dashboard (nothing to commit)
CLEAN kanban-dashboard (nothing to commit)
[master 4aa416d] auto: snapshot 2026-02-23T08:00:01Z
 3 files changed, 28 insertions(+), 23 deletions(-)
COMMITTED numerai-tournament
CLEAN ai-workshop (nothing to commit)
[main 93aa309] auto: snapshot 2026-02-23T08:00:01Z
 2 files changed, 22 insertions(+), 1 deletion(-)
COMMITTED campsite-crm
[main b339730] auto: snapshot 2026-02-23T08:00:01Z
 1 file changed, 3 insertions(+)
COMMITTED gilbert-pd-radio-trainer
Done: 6 committed, 3 skipped
CLEAN master-dashboard (nothing to commit)
CLEAN blofin-stack (nothing to commit)
[main 2eadd54] auto: snapshot 2026-02-23T09:00:01Z
 16 files changed, 1352 insertions(+), 2 deletions(-)
 create mode 100644 campsite-crm/backend/backups/crm-backup-20260223_010022-auto.json
 create mode 100644 campsite-crm/backend/backups/crm-backup-20260223_010522-auto.json
 create mode 100644 campsite-crm/backend/backups/crm-backup-20260223_011022-auto.json
 create mode 100644 campsite-crm/backend/backups/crm-backup-20260223_011522-auto.json
 create mode 100644 campsite-crm/backend/backups/crm-backup-20260223_012023-auto.json
 create mode 100644 campsite-crm/backend/backups/crm-backup-20260223_012523-auto.json
 create mode 100644 campsite-crm/backend/backups/crm-backup-20260223_013023-auto.json
 create mode 100644 campsite-crm/backend/backups/crm-backup-20260223_013523-auto.json
 create mode 100644 campsite-crm/backend/backups/crm-backup-20260223_014023-auto.json
 create mode 100644 campsite-crm/backend/backups/crm-backup-20260223_014523-auto.json
 create mode 100644 campsite-crm/backend/backups/crm-backup-20260223_015023-auto.json
 create mode 100644 campsite-crm/backend/backups/crm-backup-20260223_015523-auto.json
COMMITTED blofin-dashboard
CLEAN arb-dashboard (nothing to commit)
CLEAN kanban-dashboard (nothing to commit)
[master 0fbcfcd] auto: snapshot 2026-02-23T09:00:01Z
 1 file changed, 1 insertion(+), 1 deletion(-)
COMMITTED numerai-tournament
CLEAN ai-workshop (nothing to commit)
[main 9d655ad] auto: snapshot 2026-02-23T09:00:01Z
 2 files changed, 22 insertions(+), 1 deletion(-)
COMMITTED campsite-crm
[main eb618ed] auto: snapshot 2026-02-23T09:00:01Z
 1 file changed, 3 insertions(+)
COMMITTED gilbert-pd-radio-trainer
Done: 4 committed, 5 skipped
CLEAN master-dashboard (nothing to commit)
[main b991322] auto: snapshot 2026-02-23T10:00:01Z
 1 file changed, 1 insertion(+)
COMMITTED blofin-stack
[main 8511a44] auto: snapshot 2026-02-23T10:00:01Z
 15 files changed, 1353 insertions(+), 1 deletion(-)
 create mode 100644 campsite-crm/backend/backups/crm-backup-20260223_020023-auto.json
 create mode 100644 campsite-crm/backend/backups/crm-backup-20260223_020523-auto.json
 create mode 100644 campsite-crm/backend/backups/crm-backup-20260223_021023-auto.json
 create mode 100644 campsite-crm/backend/backups/crm-backup-20260223_021523-auto.json
 create mode 100644 campsite-crm/backend/backups/crm-backup-20260223_022023-auto.json
 create mode 100644 campsite-crm/backend/backups/crm-backup-20260223_022523-auto.json
 create mode 100644 campsite-crm/backend/backups/crm-backup-20260223_023023-auto.json
 create mode 100644 campsite-crm/backend/backups/crm-backup-20260223_023523-auto.json
 create mode 100644 campsite-crm/backend/backups/crm-backup-20260223_024023-auto.json
 create mode 100644 campsite-crm/backend/backups/crm-backup-20260223_024523-auto.json
 create mode 100644 campsite-crm/backend/backups/crm-backup-20260223_025023-auto.json
 create mode 100644 campsite-crm/backend/backups/crm-backup-20260223_025523-auto.json
COMMITTED blofin-dashboard
CLEAN arb-dashboard (nothing to commit)
CLEAN kanban-dashboard (nothing to commit)
CLEAN numerai-tournament (nothing to commit)
CLEAN ai-workshop (nothing to commit)
[main 6433718] auto: snapshot 2026-02-23T10:00:01Z
 1 file changed, 19 insertions(+)
COMMITTED campsite-crm
[main 66870b8] auto: snapshot 2026-02-23T10:00:01Z
 1 file changed, 3 insertions(+)
COMMITTED gilbert-pd-radio-trainer
Done: 4 committed, 5 skipped
CLEAN master-dashboard (nothing to commit)
[main bf896c9] auto: snapshot 2026-02-23T11:00:01Z
 2 files changed, 21 insertions(+)
COMMITTED blofin-stack
[main 9626f00] auto: snapshot 2026-02-23T11:00:01Z
 15 files changed, 1353 insertions(+), 1 deletion(-)
 create mode 100644 campsite-crm/backend/backups/crm-backup-20260223_030023-auto.json
 create mode 100644 campsite-crm/backend/backups/crm-backup-20260223_030523-auto.json
 create mode 100644 campsite-crm/backend/backups/crm-backup-20260223_031023-auto.json
 create mode 100644 campsite-crm/backend/backups/crm-backup-20260223_031523-auto.json
 create mode 100644 campsite-crm/backend/backups/crm-backup-20260223_032023-auto.json
 create mode 100644 campsite-crm/backend/backups/crm-backup-20260223_032523-auto.json
 create mode 100644 campsite-crm/backend/backups/crm-backup-20260223_033023-auto.json
 create mode 100644 campsite-crm/backend/backups/crm-backup-20260223_033523-auto.json
 create mode 100644 campsite-crm/backend/backups/crm-backup-20260223_034023-auto.json
 create mode 100644 campsite-crm/backend/backups/crm-backup-20260223_034523-auto.json
 create mode 100644 campsite-crm/backend/backups/crm-backup-20260223_035023-auto.json
 create mode 100644 campsite-crm/backend/backups/crm-backup-20260223_035523-auto.json
COMMITTED blofin-dashboard
CLEAN arb-dashboard (nothing to commit)
CLEAN kanban-dashboard (nothing to commit)
[master f510bec] auto: snapshot 2026-02-23T11:00:01Z
 1 file changed, 32 insertions(+), 8 deletions(-)
COMMITTED numerai-tournament
CLEAN ai-workshop (nothing to commit)
[main 32f1b05] auto: snapshot 2026-02-23T11:00:01Z
 2 files changed, 22 insertions(+), 1 deletion(-)
COMMITTED campsite-crm
[main a4b878e] auto: snapshot 2026-02-23T11:00:01Z
 1 file changed, 3 insertions(+)
COMMITTED gilbert-pd-radio-trainer
Done: 5 committed, 4 skipped
CLEAN master-dashboard (nothing to commit)
[main 8ea2f56] auto: snapshot 2026-02-23T12:00:01Z
 8 files changed, 314 insertions(+), 60 deletions(-)
 create mode 100644 scripts/backtest_jto.py
COMMITTED blofin-stack
[main 5808ea6] auto: snapshot 2026-02-23T12:00:01Z
 15 files changed, 1354 insertions(+), 1 deletion(-)
 create mode 100644 campsite-crm/backend/backups/crm-backup-20260223_040023-auto.json
 create mode 100644 campsite-crm/backend/backups/crm-backup-20260223_040523-auto.json
 create mode 100644 campsite-crm/backend/backups/crm-backup-20260223_041023-auto.json
 create mode 100644 campsite-crm/backend/backups/crm-backup-20260223_041523-auto.json
 create mode 100644 campsite-crm/backend/backups/crm-backup-20260223_042023-auto.json
 create mode 100644 campsite-crm/backend/backups/crm-backup-20260223_042523-auto.json
 create mode 100644 campsite-crm/backend/backups/crm-backup-20260223_043023-auto.json
 create mode 100644 campsite-crm/backend/backups/crm-backup-20260223_043523-auto.json
 create mode 100644 campsite-crm/backend/backups/crm-backup-20260223_044023-auto.json
 create mode 100644 campsite-crm/backend/backups/crm-backup-20260223_044523-auto.json
 create mode 100644 campsite-crm/backend/backups/crm-backup-20260223_045023-auto.json
 create mode 100644 campsite-crm/backend/backups/crm-backup-20260223_045523-auto.json
COMMITTED blofin-dashboard
CLEAN arb-dashboard (nothing to commit)
CLEAN kanban-dashboard (nothing to commit)
CLEAN numerai-tournament (nothing to commit)
CLEAN ai-workshop (nothing to commit)
[main 7a25dc5] auto: snapshot 2026-02-23T12:00:01Z
 1 file changed, 19 insertions(+)
COMMITTED campsite-crm
[main 707b9fa] auto: snapshot 2026-02-23T12:00:01Z
 1 file changed, 3 insertions(+)
COMMITTED gilbert-pd-radio-trainer
Done: 4 committed, 5 skipped
CLEAN master-dashboard (nothing to commit)
[main 2779397] auto: snapshot 2026-02-23T13:00:01Z
 4 files changed, 1567 insertions(+), 2 deletions(-)
 create mode 100644 aggressive_optimizer.py
 create mode 100644 promote_to_ft.py
COMMITTED blofin-stack
[main 9a8fb07] auto: snapshot 2026-02-23T13:00:01Z
 15 files changed, 1355 insertions(+), 1 deletion(-)
 create mode 100644 campsite-crm/backend/backups/crm-backup-20260223_050023-auto.json
 create mode 100644 campsite-crm/backend/backups/crm-backup-20260223_050523-auto.json
 create mode 100644 campsite-crm/backend/backups/crm-backup-20260223_051023-auto.json
 create mode 100644 campsite-crm/backend/backups/crm-backup-20260223_051523-auto.json
 create mode 100644 campsite-crm/backend/backups/crm-backup-20260223_052023-auto.json
 create mode 100644 campsite-crm/backend/backups/crm-backup-20260223_052523-auto.json
 create mode 100644 campsite-crm/backend/backups/crm-backup-20260223_053023-auto.json
 create mode 100644 campsite-crm/backend/backups/crm-backup-20260223_053523-auto.json
 create mode 100644 campsite-crm/backend/backups/crm-backup-20260223_054023-auto.json
 create mode 100644 campsite-crm/backend/backups/crm-backup-20260223_054523-auto.json
 create mode 100644 campsite-crm/backend/backups/crm-backup-20260223_055023-auto.json
 create mode 100644 campsite-crm/backend/backups/crm-backup-20260223_055523-auto.json
COMMITTED blofin-dashboard
CLEAN arb-dashboard (nothing to commit)
CLEAN kanban-dashboard (nothing to commit)
CLEAN numerai-tournament (nothing to commit)
CLEAN ai-workshop (nothing to commit)
[main 4ba7794] auto: snapshot 2026-02-23T13:00:01Z
 1 file changed, 19 insertions(+)
COMMITTED campsite-crm
[main 885cfce] auto: snapshot 2026-02-23T13:00:01Z
 1 file changed, 3 insertions(+)
COMMITTED gilbert-pd-radio-trainer
Done: 4 committed, 5 skipped
[master 1cf51a3] auto: snapshot 2026-02-23T14:00:01Z
 1 file changed, 318 insertions(+), 4 deletions(-)
COMMITTED master-dashboard
[main 0661daf] auto: snapshot 2026-02-23T14:00:01Z
 3 files changed, 339 insertions(+), 161 deletions(-)
COMMITTED blofin-stack
[main b0f47eb] auto: snapshot 2026-02-23T14:00:01Z
 16 files changed, 1356 insertions(+), 2 deletions(-)
 create mode 100644 campsite-crm/backend/backups/crm-backup-20260223_060023-auto.json
 create mode 100644 campsite-crm/backend/backups/crm-backup-20260223_060523-auto.json
 create mode 100644 campsite-crm/backend/backups/crm-backup-20260223_061023-auto.json
 create mode 100644 campsite-crm/backend/backups/crm-backup-20260223_061523-auto.json
 create mode 100644 campsite-crm/backend/backups/crm-backup-20260223_062023-auto.json
 create mode 100644 campsite-crm/backend/backups/crm-backup-20260223_062523-auto.json
 create mode 100644 campsite-crm/backend/backups/crm-backup-20260223_063023-auto.json
 create mode 100644 campsite-crm/backend/backups/crm-backup-20260223_063523-auto.json
 create mode 100644 campsite-crm/backend/backups/crm-backup-20260223_064023-auto.json
 create mode 100644 campsite-crm/backend/backups/crm-backup-20260223_064523-auto.json
 create mode 100644 campsite-crm/backend/backups/crm-backup-20260223_065023-auto.json
 create mode 100644 campsite-crm/backend/backups/crm-backup-20260223_065523-auto.json
COMMITTED blofin-dashboard
CLEAN arb-dashboard (nothing to commit)
CLEAN kanban-dashboard (nothing to commit)
[master 194dfb2] auto: snapshot 2026-02-23T14:00:01Z
 2 files changed, 2 insertions(+), 1 deletion(-)
 create mode 120000 models_elite_robbyrob2
COMMITTED numerai-tournament
CLEAN ai-workshop (nothing to commit)
[main 290a9e6] auto: snapshot 2026-02-23T14:00:01Z
 2 files changed, 23 insertions(+), 1 deletion(-)
COMMITTED campsite-crm
[main 32738b3] auto: snapshot 2026-02-23T14:00:01Z
 1 file changed, 3 insertions(+)
COMMITTED gilbert-pd-radio-trainer
Done: 6 committed, 3 skipped
[master e713de3] auto: snapshot 2026-02-23T15:00:01Z
 1 file changed, 99 insertions(+), 10 deletions(-)
COMMITTED master-dashboard
[main e2566ec] auto: snapshot 2026-02-23T15:00:01Z
 12 files changed, 1572 insertions(+), 145 deletions(-)
 create mode 100644 catboost_info/catboost_training.json
 create mode 100644 catboost_info/learn/events.out.tfevents
 create mode 100644 catboost_info/learn_error.tsv
 create mode 100644 catboost_info/test/events.out.tfevents
 create mode 100644 catboost_info/test_error.tsv
 create mode 100644 catboost_info/time_left.tsv
COMMITTED blofin-stack
[main 6a5e5f5] auto: snapshot 2026-02-23T15:00:01Z
 16 files changed, 1362 insertions(+), 2 deletions(-)
 create mode 100644 campsite-crm/backend/backups/crm-backup-20260223_070023-auto.json
 create mode 100644 campsite-crm/backend/backups/crm-backup-20260223_070523-auto.json
 create mode 100644 campsite-crm/backend/backups/crm-backup-20260223_071023-auto.json
 create mode 100644 campsite-crm/backend/backups/crm-backup-20260223_071523-auto.json
 create mode 100644 campsite-crm/backend/backups/crm-backup-20260223_072023-auto.json
 create mode 100644 campsite-crm/backend/backups/crm-backup-20260223_072523-auto.json
 create mode 100644 campsite-crm/backend/backups/crm-backup-20260223_073023-auto.json
 create mode 100644 campsite-crm/backend/backups/crm-backup-20260223_073523-auto.json
 create mode 100644 campsite-crm/backend/backups/crm-backup-20260223_074023-auto.json
 create mode 100644 campsite-crm/backend/backups/crm-backup-20260223_074523-auto.json
 create mode 100644 campsite-crm/backend/backups/crm-backup-20260223_075023-auto.json
 create mode 100644 campsite-crm/backend/backups/crm-backup-20260223_075523-auto.json
COMMITTED blofin-dashboard
CLEAN arb-dashboard (nothing to commit)
CLEAN kanban-dashboard (nothing to commit)
CLEAN numerai-tournament (nothing to commit)
CLEAN ai-workshop (nothing to commit)
[main 30624a2] auto: snapshot 2026-02-23T15:00:01Z
 1 file changed, 19 insertions(+)
COMMITTED campsite-crm
[main cc7f0db] auto: snapshot 2026-02-23T15:00:01Z
 1 file changed, 3 insertions(+)
COMMITTED gilbert-pd-radio-trainer
Done: 5 committed, 4 skipped
CLEAN master-dashboard (nothing to commit)
[main ef5d65d] auto: snapshot 2026-02-23T16:00:01Z
 1 file changed, 163 insertions(+), 138 deletions(-)
COMMITTED blofin-stack
[main dc88c53] auto: snapshot 2026-02-23T16:00:01Z
 16 files changed, 1354 insertions(+), 2 deletions(-)
 create mode 100644 campsite-crm/backend/backups/crm-backup-20260223_080023-auto.json
 create mode 100644 campsite-crm/backend/backups/crm-backup-20260223_080523-auto.json
 create mode 100644 campsite-crm/backend/backups/crm-backup-20260223_081023-auto.json
 create mode 100644 campsite-crm/backend/backups/crm-backup-20260223_081523-auto.json
 create mode 100644 campsite-crm/backend/backups/crm-backup-20260223_082023-auto.json
 create mode 100644 campsite-crm/backend/backups/crm-backup-20260223_082523-auto.json
 create mode 100644 campsite-crm/backend/backups/crm-backup-20260223_083023-auto.json
 create mode 100644 campsite-crm/backend/backups/crm-backup-20260223_083524-auto.json
 create mode 100644 campsite-crm/backend/backups/crm-backup-20260223_084024-auto.json
 create mode 100644 campsite-crm/backend/backups/crm-backup-20260223_084524-auto.json
 create mode 100644 campsite-crm/backend/backups/crm-backup-20260223_085024-auto.json
 create mode 100644 campsite-crm/backend/backups/crm-backup-20260223_085524-auto.json
COMMITTED blofin-dashboard
CLEAN arb-dashboard (nothing to commit)
CLEAN kanban-dashboard (nothing to commit)
CLEAN numerai-tournament (nothing to commit)
[sports-betting/phase2-real-apps d0e1826] auto: snapshot 2026-02-23T16:00:01Z
 3 files changed, 258 insertions(+)
 create mode 100644 projects/sports-betting/analysis/arb_opportunities_20260223_080002.json
 create mode 100644 projects/sports-betting/analysis/daily_report_20260223_080002.json
 create mode 100644 projects/sports-betting/analysis/sportsbook_data_20260223_080002.json
COMMITTED ai-workshop
[main 9ef4f49] auto: snapshot 2026-02-23T16:00:01Z
 2 files changed, 25 insertions(+), 1 deletion(-)
COMMITTED campsite-crm
[main d1bd6b0] auto: snapshot 2026-02-23T16:00:01Z
 1 file changed, 3 insertions(+)
COMMITTED gilbert-pd-radio-trainer
Done: 5 committed, 4 skipped
CLEAN master-dashboard (nothing to commit)
[main 92c61d1] auto: snapshot 2026-02-23T17:00:01Z
 2 files changed, 512 insertions(+), 123 deletions(-)
 create mode 100644 sync_ft_metrics.py
COMMITTED blofin-stack
[main 778bf25] auto: snapshot 2026-02-23T17:00:01Z
 15 files changed, 1354 insertions(+), 1 deletion(-)
 create mode 100644 campsite-crm/backend/backups/crm-backup-20260223_090024-auto.json
 create mode 100644 campsite-crm/backend/backups/crm-backup-20260223_090524-auto.json
 create mode 100644 campsite-crm/backend/backups/crm-backup-20260223_091024-auto.json
 create mode 100644 campsite-crm/backend/backups/crm-backup-20260223_091524-auto.json
 create mode 100644 campsite-crm/backend/backups/crm-backup-20260223_092024-auto.json
 create mode 100644 campsite-crm/backend/backups/crm-backup-20260223_092524-auto.json
 create mode 100644 campsite-crm/backend/backups/crm-backup-20260223_093024-auto.json
 create mode 100644 campsite-crm/backend/backups/crm-backup-20260223_093524-auto.json
 create mode 100644 campsite-crm/backend/backups/crm-backup-20260223_094024-auto.json
 create mode 100644 campsite-crm/backend/backups/crm-backup-20260223_094524-auto.json
 create mode 100644 campsite-crm/backend/backups/crm-backup-20260223_095024-auto.json
 create mode 100644 campsite-crm/backend/backups/crm-backup-20260223_095524-auto.json
COMMITTED blofin-dashboard
CLEAN arb-dashboard (nothing to commit)
CLEAN kanban-dashboard (nothing to commit)
CLEAN numerai-tournament (nothing to commit)
CLEAN ai-workshop (nothing to commit)
[main 3deab12] auto: snapshot 2026-02-23T17:00:01Z
 1 file changed, 19 insertions(+)
COMMITTED campsite-crm
[main 98f3bf1] auto: snapshot 2026-02-23T17:00:01Z
 1 file changed, 3 insertions(+)
COMMITTED gilbert-pd-radio-trainer
Done: 4 committed, 5 skipped
[master 45664e7] auto: snapshot 2026-02-23T18:00:01Z
 1 file changed, 94 insertions(+), 7 deletions(-)
COMMITTED master-dashboard
[main 6af9488] auto: snapshot 2026-02-23T18:00:01Z
 4 files changed, 198 insertions(+), 177 deletions(-)
COMMITTED blofin-stack
[main e520c40] auto: snapshot 2026-02-23T18:00:01Z
 16 files changed, 1356 insertions(+), 2 deletions(-)
 create mode 100644 campsite-crm/backend/backups/crm-backup-20260223_100024-auto.json
 create mode 100644 campsite-crm/backend/backups/crm-backup-20260223_100524-auto.json
 create mode 100644 campsite-crm/backend/backups/crm-backup-20260223_101024-auto.json
 create mode 100644 campsite-crm/backend/backups/crm-backup-20260223_101524-auto.json
 create mode 100644 campsite-crm/backend/backups/crm-backup-20260223_102024-auto.json
 create mode 100644 campsite-crm/backend/backups/crm-backup-20260223_102524-auto.json
 create mode 100644 campsite-crm/backend/backups/crm-backup-20260223_103024-auto.json
 create mode 100644 campsite-crm/backend/backups/crm-backup-20260223_103524-auto.json
 create mode 100644 campsite-crm/backend/backups/crm-backup-20260223_104024-auto.json
 create mode 100644 campsite-crm/backend/backups/crm-backup-20260223_104524-auto.json
 create mode 100644 campsite-crm/backend/backups/crm-backup-20260223_105024-auto.json
 create mode 100644 campsite-crm/backend/backups/crm-backup-20260223_105524-auto.json
COMMITTED blofin-dashboard
CLEAN arb-dashboard (nothing to commit)
CLEAN kanban-dashboard (nothing to commit)
CLEAN numerai-tournament (nothing to commit)
CLEAN ai-workshop (nothing to commit)
[main 0c80380] auto: snapshot 2026-02-23T18:00:01Z
 2 files changed, 35 insertions(+), 16 deletions(-)
COMMITTED campsite-crm
[main e29ceeb] auto: snapshot 2026-02-23T18:00:01Z
 1 file changed, 3 insertions(+)
COMMITTED gilbert-pd-radio-trainer
Done: 5 committed, 4 skipped
[master d27b4c6] auto: snapshot 2026-02-23T19:00:01Z
 1 file changed, 231 insertions(+), 2 deletions(-)
COMMITTED master-dashboard
[main 52f8da8] auto: snapshot 2026-02-23T19:00:01Z
 3 files changed, 62 insertions(+), 11 deletions(-)
COMMITTED blofin-stack
[main 39af5c5] auto: snapshot 2026-02-23T19:00:01Z
 17 files changed, 1357 insertions(+), 3 deletions(-)
 create mode 100644 campsite-crm/backend/backups/crm-backup-20260223_110024-auto.json
 create mode 100644 campsite-crm/backend/backups/crm-backup-20260223_110524-auto.json
 create mode 100644 campsite-crm/backend/backups/crm-backup-20260223_111024-auto.json
 create mode 100644 campsite-crm/backend/backups/crm-backup-20260223_111524-auto.json
 create mode 100644 campsite-crm/backend/backups/crm-backup-20260223_112024-auto.json
 create mode 100644 campsite-crm/backend/backups/crm-backup-20260223_112524-auto.json
 create mode 100644 campsite-crm/backend/backups/crm-backup-20260223_113024-auto.json
 create mode 100644 campsite-crm/backend/backups/crm-backup-20260223_113524-auto.json
 create mode 100644 campsite-crm/backend/backups/crm-backup-20260223_114024-auto.json
 create mode 100644 campsite-crm/backend/backups/crm-backup-20260223_114524-auto.json
 create mode 100644 campsite-crm/backend/backups/crm-backup-20260223_115024-auto.json
 create mode 100644 campsite-crm/backend/backups/crm-backup-20260223_115524-auto.json
COMMITTED blofin-dashboard
CLEAN arb-dashboard (nothing to commit)
CLEAN kanban-dashboard (nothing to commit)
CLEAN numerai-tournament (nothing to commit)
CLEAN ai-workshop (nothing to commit)
[main f81b49d] auto: snapshot 2026-02-23T19:00:01Z
 1 file changed, 19 insertions(+)
COMMITTED campsite-crm
[main 3c1d200] auto: snapshot 2026-02-23T19:00:01Z
 1 file changed, 3 insertions(+)
COMMITTED gilbert-pd-radio-trainer
Done: 5 committed, 4 skipped
CLEAN master-dashboard (nothing to commit)
[main e4fe858] auto: snapshot 2026-02-23T20:00:01Z
 1 file changed, 156 insertions(+), 149 deletions(-)
COMMITTED blofin-stack
[main 06ab50e] auto: snapshot 2026-02-23T20:00:01Z
 16 files changed, 1354 insertions(+), 2 deletions(-)
 create mode 100644 campsite-crm/backend/backups/crm-backup-20260223_120024-auto.json
 create mode 100644 campsite-crm/backend/backups/crm-backup-20260223_120524-auto.json
 create mode 100644 campsite-crm/backend/backups/crm-backup-20260223_121024-auto.json
 create mode 100644 campsite-crm/backend/backups/crm-backup-20260223_121524-auto.json
 create mode 100644 campsite-crm/backend/backups/crm-backup-20260223_122024-auto.json
 create mode 100644 campsite-crm/backend/backups/crm-backup-20260223_122524-auto.json
 create mode 100644 campsite-crm/backend/backups/crm-backup-20260223_123024-auto.json
 create mode 100644 campsite-crm/backend/backups/crm-backup-20260223_123524-auto.json
 create mode 100644 campsite-crm/backend/backups/crm-backup-20260223_124024-auto.json
 create mode 100644 campsite-crm/backend/backups/crm-backup-20260223_124524-auto.json
 create mode 100644 campsite-crm/backend/backups/crm-backup-20260223_125024-auto.json
 create mode 100644 campsite-crm/backend/backups/crm-backup-20260223_125524-auto.json
COMMITTED blofin-dashboard
CLEAN arb-dashboard (nothing to commit)
CLEAN kanban-dashboard (nothing to commit)
CLEAN numerai-tournament (nothing to commit)
CLEAN ai-workshop (nothing to commit)
[main f984b37] auto: snapshot 2026-02-23T20:00:01Z
 1 file changed, 19 insertions(+)
COMMITTED campsite-crm
[main 8a19518] auto: snapshot 2026-02-23T20:00:01Z
 1 file changed, 3 insertions(+)
COMMITTED gilbert-pd-radio-trainer
Done: 4 committed, 5 skipped
CLEAN master-dashboard (nothing to commit)
[main 4471c0d] auto: snapshot 2026-02-23T21:00:01Z
 1 file changed, 160 insertions(+), 157 deletions(-)
COMMITTED blofin-stack
[main c156c85] auto: snapshot 2026-02-23T21:00:01Z
 16 files changed, 1354 insertions(+), 2 deletions(-)
 create mode 100644 campsite-crm/backend/backups/crm-backup-20260223_130024-auto.json
 create mode 100644 campsite-crm/backend/backups/crm-backup-20260223_130525-auto.json
 create mode 100644 campsite-crm/backend/backups/crm-backup-20260223_131025-auto.json
 create mode 100644 campsite-crm/backend/backups/crm-backup-20260223_131525-auto.json
 create mode 100644 campsite-crm/backend/backups/crm-backup-20260223_132025-auto.json
 create mode 100644 campsite-crm/backend/backups/crm-backup-20260223_132525-auto.json
 create mode 100644 campsite-crm/backend/backups/crm-backup-20260223_133025-auto.json
 create mode 100644 campsite-crm/backend/backups/crm-backup-20260223_133525-auto.json
 create mode 100644 campsite-crm/backend/backups/crm-backup-20260223_134025-auto.json
 create mode 100644 campsite-crm/backend/backups/crm-backup-20260223_134525-auto.json
 create mode 100644 campsite-crm/backend/backups/crm-backup-20260223_135025-auto.json
 create mode 100644 campsite-crm/backend/backups/crm-backup-20260223_135525-auto.json
COMMITTED blofin-dashboard
CLEAN arb-dashboard (nothing to commit)
CLEAN kanban-dashboard (nothing to commit)
CLEAN numerai-tournament (nothing to commit)
CLEAN ai-workshop (nothing to commit)
[main ed6da37] auto: snapshot 2026-02-23T21:00:01Z
 1 file changed, 19 insertions(+)
COMMITTED campsite-crm
[main 67ee540] auto: snapshot 2026-02-23T21:00:01Z
 1 file changed, 3 insertions(+)
COMMITTED gilbert-pd-radio-trainer
Done: 4 committed, 5 skipped
CLEAN master-dashboard (nothing to commit)
[main c945b96] auto: snapshot 2026-02-23T22:00:01Z
 2 files changed, 449 insertions(+), 238 deletions(-)
 create mode 100755 strategies/strategy_043.py
COMMITTED blofin-stack
[main b1949bf] auto: snapshot 2026-02-23T22:00:01Z
 15 files changed, 1354 insertions(+), 1 deletion(-)
 create mode 100644 campsite-crm/backend/backups/crm-backup-20260223_140025-auto.json
 create mode 100644 campsite-crm/backend/backups/crm-backup-20260223_140525-auto.json
 create mode 100644 campsite-crm/backend/backups/crm-backup-20260223_141025-auto.json
 create mode 100644 campsite-crm/backend/backups/crm-backup-20260223_141525-auto.json
 create mode 100644 campsite-crm/backend/backups/crm-backup-20260223_142025-auto.json
 create mode 100644 campsite-crm/backend/backups/crm-backup-20260223_142525-auto.json
 create mode 100644 campsite-crm/backend/backups/crm-backup-20260223_143025-auto.json
 create mode 100644 campsite-crm/backend/backups/crm-backup-20260223_143525-auto.json
 create mode 100644 campsite-crm/backend/backups/crm-backup-20260223_144025-auto.json
 create mode 100644 campsite-crm/backend/backups/crm-backup-20260223_144525-auto.json
 create mode 100644 campsite-crm/backend/backups/crm-backup-20260223_145025-auto.json
 create mode 100644 campsite-crm/backend/backups/crm-backup-20260223_145525-auto.json
COMMITTED blofin-dashboard
CLEAN arb-dashboard (nothing to commit)
CLEAN kanban-dashboard (nothing to commit)
CLEAN numerai-tournament (nothing to commit)
[sports-betting/phase2-real-apps 1cf8fe0] auto: snapshot 2026-02-23T22:00:01Z
 3 files changed, 168 insertions(+)
 create mode 100644 projects/sports-betting/analysis/arb_opportunities_20260223_140002.json
 create mode 100644 projects/sports-betting/analysis/daily_report_20260223_140002.json
 create mode 100644 projects/sports-betting/analysis/sportsbook_data_20260223_140002.json
COMMITTED ai-workshop
[main 6323eec] auto: snapshot 2026-02-23T22:00:01Z
 2 files changed, 25 insertions(+), 1 deletion(-)
COMMITTED campsite-crm
[main 193f656] auto: snapshot 2026-02-23T22:00:01Z
 1 file changed, 3 insertions(+)
COMMITTED gilbert-pd-radio-trainer
Done: 5 committed, 4 skipped
CLEAN master-dashboard (nothing to commit)
[main e6f0624] auto: snapshot 2026-02-23T23:00:01Z
 2 files changed, 139 insertions(+), 129 deletions(-)
COMMITTED blofin-stack
[main 3e852f8] auto: snapshot 2026-02-23T23:00:01Z
 16 files changed, 1354 insertions(+), 2 deletions(-)
 create mode 100644 campsite-crm/backend/backups/crm-backup-20260223_150025-auto.json
 create mode 100644 campsite-crm/backend/backups/crm-backup-20260223_150525-auto.json
 create mode 100644 campsite-crm/backend/backups/crm-backup-20260223_151025-auto.json
 create mode 100644 campsite-crm/backend/backups/crm-backup-20260223_151525-auto.json
 create mode 100644 campsite-crm/backend/backups/crm-backup-20260223_152025-auto.json
 create mode 100644 campsite-crm/backend/backups/crm-backup-20260223_152525-auto.json
 create mode 100644 campsite-crm/backend/backups/crm-backup-20260223_153025-auto.json
 create mode 100644 campsite-crm/backend/backups/crm-backup-20260223_153525-auto.json
 create mode 100644 campsite-crm/backend/backups/crm-backup-20260223_154025-auto.json
 create mode 100644 campsite-crm/backend/backups/crm-backup-20260223_154525-auto.json
 create mode 100644 campsite-crm/backend/backups/crm-backup-20260223_155025-auto.json
 create mode 100644 campsite-crm/backend/backups/crm-backup-20260223_155525-auto.json
COMMITTED blofin-dashboard
CLEAN arb-dashboard (nothing to commit)
[main 0ae78ed] auto: snapshot 2026-02-23T23:00:01Z
 1 file changed, 44 insertions(+), 4 deletions(-)
COMMITTED kanban-dashboard
CLEAN numerai-tournament (nothing to commit)
CLEAN ai-workshop (nothing to commit)
[main 159d815] auto: snapshot 2026-02-23T23:00:01Z
 2 files changed, 22 insertions(+), 1 deletion(-)
COMMITTED campsite-crm
[main 3a57b01] auto: snapshot 2026-02-23T23:00:01Z
 1 file changed, 3 insertions(+)
COMMITTED gilbert-pd-radio-trainer
Done: 5 committed, 4 skipped
CLEAN master-dashboard (nothing to commit)
[main f354fa0] auto: snapshot 2026-02-24T00:00:01Z
 3 files changed, 195 insertions(+), 185 deletions(-)
COMMITTED blofin-stack
[main 66f698d] auto: snapshot 2026-02-24T00:00:01Z
 15 files changed, 1353 insertions(+), 1 deletion(-)
 create mode 100644 campsite-crm/backend/backups/crm-backup-20260223_160025-auto.json
 create mode 100644 campsite-crm/backend/backups/crm-backup-20260223_160525-auto.json
 create mode 100644 campsite-crm/backend/backups/crm-backup-20260223_161025-auto.json
 create mode 100644 campsite-crm/backend/backups/crm-backup-20260223_161525-auto.json
 create mode 100644 campsite-crm/backend/backups/crm-backup-20260223_162025-auto.json
 create mode 100644 campsite-crm/backend/backups/crm-backup-20260223_162525-auto.json
 create mode 100644 campsite-crm/backend/backups/crm-backup-20260223_163025-auto.json
 create mode 100644 campsite-crm/backend/backups/crm-backup-20260223_163525-auto.json
 create mode 100644 campsite-crm/backend/backups/crm-backup-20260223_164025-auto.json
 create mode 100644 campsite-crm/backend/backups/crm-backup-20260223_164525-auto.json
 create mode 100644 campsite-crm/backend/backups/crm-backup-20260223_165025-auto.json
 create mode 100644 campsite-crm/backend/backups/crm-backup-20260223_165525-auto.json
COMMITTED blofin-dashboard
CLEAN arb-dashboard (nothing to commit)
CLEAN kanban-dashboard (nothing to commit)
CLEAN numerai-tournament (nothing to commit)
CLEAN ai-workshop (nothing to commit)
[main 52a26e6] auto: snapshot 2026-02-24T00:00:01Z
 1 file changed, 19 insertions(+)
COMMITTED campsite-crm
[main 051a0e7] auto: snapshot 2026-02-24T00:00:01Z
 1 file changed, 3 insertions(+)
COMMITTED gilbert-pd-radio-trainer
Done: 4 committed, 5 skipped
[master 2eba504] auto: snapshot 2026-02-24T01:00:01Z
 1 file changed, 1 insertion(+), 1 deletion(-)
COMMITTED master-dashboard
CLEAN blofin-stack (nothing to commit)
[main ea80dfb] auto: snapshot 2026-02-24T01:00:01Z
 19 files changed, 2720 insertions(+), 3 deletions(-)
 create mode 100644 campsite-crm/backend/backups/crm-backup-20260223_170025-auto.json
 create mode 100644 campsite-crm/backend/backups/crm-backup-20260223_170525-auto.json
 create mode 100644 campsite-crm/backend/backups/crm-backup-20260223_171025-auto.json
 create mode 100644 campsite-crm/backend/backups/crm-backup-20260223_171525-auto.json
 create mode 100644 campsite-crm/backend/backups/crm-backup-20260223_172025-auto.json
 create mode 100644 campsite-crm/backend/backups/crm-backup-20260223_172525-auto.json
 create mode 100644 campsite-crm/backend/backups/crm-backup-20260223_173025-auto.json
 create mode 100644 campsite-crm/backend/backups/crm-backup-20260223_173525-auto.json
 create mode 100644 campsite-crm/backend/backups/crm-backup-20260223_174025-auto.json
 create mode 100644 campsite-crm/backend/backups/crm-backup-20260223_174525-auto.json
 create mode 100644 campsite-crm/backend/backups/crm-backup-20260223_175025-auto.json
 create mode 100644 campsite-crm/backend/backups/crm-backup-20260223_175525-auto.json
 create mode 100644 jarvis-home-energy/app.py
 create mode 100644 jarvis-home-energy/config.py
COMMITTED blofin-dashboard
CLEAN arb-dashboard (nothing to commit)
CLEAN kanban-dashboard (nothing to commit)
CLEAN numerai-tournament (nothing to commit)
CLEAN ai-workshop (nothing to commit)
[main 9cd7f73] auto: snapshot 2026-02-24T01:00:01Z
 1 file changed, 21 insertions(+)
COMMITTED campsite-crm
[main b134e96] auto: snapshot 2026-02-24T01:00:01Z
 1 file changed, 3 insertions(+)
COMMITTED gilbert-pd-radio-trainer
Done: 4 committed, 5 skipped
[master 825772b] auto: snapshot 2026-02-24T02:00:01Z
 1 file changed, 241 insertions(+), 26 deletions(-)
COMMITTED master-dashboard
[main 7d7e161] auto: snapshot 2026-02-24T02:00:01Z
 1 file changed, 154 insertions(+), 139 deletions(-)
COMMITTED blofin-stack
[main 9c663a7] auto: snapshot 2026-02-24T02:00:01Z
 20 files changed, 1529 insertions(+), 14 deletions(-)
 create mode 100644 campsite-crm/backend/backups/crm-backup-20260223_180025-auto.json
 create mode 100644 campsite-crm/backend/backups/crm-backup-20260223_180525-auto.json
 create mode 100644 campsite-crm/backend/backups/crm-backup-20260223_181025-auto.json
 create mode 100644 campsite-crm/backend/backups/crm-backup-20260223_181525-auto.json
 create mode 100644 campsite-crm/backend/backups/crm-backup-20260223_182025-auto.json
 create mode 100644 campsite-crm/backend/backups/crm-backup-20260223_182525-auto.json
 create mode 100644 campsite-crm/backend/backups/crm-backup-20260223_183025-auto.json
 create mode 100644 campsite-crm/backend/backups/crm-backup-20260223_183525-auto.json
 create mode 100644 campsite-crm/backend/backups/crm-backup-20260223_184025-auto.json
 create mode 100644 campsite-crm/backend/backups/crm-backup-20260223_184525-auto.json
 create mode 100644 campsite-crm/backend/backups/crm-backup-20260223_185025-auto.json
 create mode 100644 campsite-crm/backend/backups/crm-backup-20260223_185525-auto.json
 create mode 100644 home-energy-os/enphase_auth.py
COMMITTED blofin-dashboard
CLEAN arb-dashboard (nothing to commit)
CLEAN kanban-dashboard (nothing to commit)
CLEAN numerai-tournament (nothing to commit)
CLEAN ai-workshop (nothing to commit)
[main e3def50] auto: snapshot 2026-02-24T02:00:01Z
 1 file changed, 20 insertions(+)
COMMITTED campsite-crm
[main dc044ed] auto: snapshot 2026-02-24T02:00:01Z
 1 file changed, 3 insertions(+)
COMMITTED gilbert-pd-radio-trainer
Done: 5 committed, 4 skipped
CLEAN master-dashboard (nothing to commit)
[main 67ef70a] auto: snapshot 2026-02-24T03:00:01Z
 1 file changed, 193 insertions(+), 172 deletions(-)
COMMITTED blofin-stack
[main 6593c14] auto: snapshot 2026-02-24T03:00:01Z
 17 files changed, 1779 insertions(+), 17 deletions(-)
 create mode 100644 campsite-crm/backend/backups/crm-backup-20260223_190025-auto.json
 create mode 100644 campsite-crm/backend/backups/crm-backup-20260223_190525-auto.json
 create mode 100644 campsite-crm/backend/backups/crm-backup-20260223_191025-auto.json
 create mode 100644 campsite-crm/backend/backups/crm-backup-20260223_191525-auto.json
 create mode 100644 campsite-crm/backend/backups/crm-backup-20260223_192025-auto.json
 create mode 100644 campsite-crm/backend/backups/crm-backup-20260223_192525-auto.json
 create mode 100644 campsite-crm/backend/backups/crm-backup-20260223_193025-auto.json
 create mode 100644 campsite-crm/backend/backups/crm-backup-20260223_193525-auto.json
 create mode 100644 campsite-crm/backend/backups/crm-backup-20260223_194025-auto.json
 create mode 100644 campsite-crm/backend/backups/crm-backup-20260223_194526-auto.json
 create mode 100644 campsite-crm/backend/backups/crm-backup-20260223_195026-auto.json
 create mode 100644 campsite-crm/backend/backups/crm-backup-20260223_195526-auto.json
COMMITTED blofin-dashboard
CLEAN arb-dashboard (nothing to commit)
CLEAN kanban-dashboard (nothing to commit)
CLEAN numerai-tournament (nothing to commit)
CLEAN ai-workshop (nothing to commit)
[main 9242be7] auto: snapshot 2026-02-24T03:00:01Z
 1 file changed, 19 insertions(+)
COMMITTED campsite-crm
[main 4742299] auto: snapshot 2026-02-24T03:00:01Z
 1 file changed, 3 insertions(+)
COMMITTED gilbert-pd-radio-trainer
Done: 4 committed, 5 skipped
CLEAN master-dashboard (nothing to commit)
[main 09c8e28] auto: snapshot 2026-02-24T04:00:01Z
 3 files changed, 383 insertions(+), 249 deletions(-)
COMMITTED blofin-stack
[main d49fba2] auto: snapshot 2026-02-24T04:00:01Z
 17 files changed, 2393 insertions(+), 12 deletions(-)
 create mode 100644 campsite-crm/backend/backups/crm-backup-20260223_200026-auto.json
 create mode 100644 campsite-crm/backend/backups/crm-backup-20260223_200526-auto.json
 create mode 100644 campsite-crm/backend/backups/crm-backup-20260223_201026-auto.json
 create mode 100644 campsite-crm/backend/backups/crm-backup-20260223_201526-auto.json
 create mode 100644 campsite-crm/backend/backups/crm-backup-20260223_202026-auto.json
 create mode 100644 campsite-crm/backend/backups/crm-backup-20260223_202526-auto.json
 create mode 100644 campsite-crm/backend/backups/crm-backup-20260223_203026-auto.json
 create mode 100644 campsite-crm/backend/backups/crm-backup-20260223_203526-auto.json
 create mode 100644 campsite-crm/backend/backups/crm-backup-20260223_204026-auto.json
 create mode 100644 campsite-crm/backend/backups/crm-backup-20260223_204526-auto.json
 create mode 100644 campsite-crm/backend/backups/crm-backup-20260223_205026-auto.json
 create mode 100644 campsite-crm/backend/backups/crm-backup-20260223_205526-auto.json
COMMITTED blofin-dashboard
CLEAN arb-dashboard (nothing to commit)
CLEAN kanban-dashboard (nothing to commit)
CLEAN numerai-tournament (nothing to commit)
[sports-betting/phase2-real-apps 61f8205] auto: snapshot 2026-02-24T04:00:01Z
 3 files changed, 153 insertions(+)
 create mode 100644 projects/sports-betting/analysis/arb_opportunities_20260223_200002.json
 create mode 100644 projects/sports-betting/analysis/daily_report_20260223_200002.json
 create mode 100644 projects/sports-betting/analysis/sportsbook_data_20260223_200002.json
COMMITTED ai-workshop
