2026-03-24 10:08:55.957997: I tensorflow/tsl/cuda/cudart_stub.cc:28] Could not find cuda drivers on your machine, GPU will not be used.
2026-03-24 10:08:56.001430: I tensorflow/core/platform/cpu_feature_guard.cc:182] This TensorFlow binary is optimized to use available CPU instructions in performance-critical operations.
To enable the following instructions: AVX2 FMA, in other operations, rebuild TensorFlow with the appropriate compiler flags.
2026-03-24 10:08:56.673901: W tensorflow/compiler/tf2tensorrt/utils/py_utils.cc:38] TF-TRT Warning: Could not find TensorRT
All required model files exist.
Traceback (most recent call last):
  File "/home/rob/ai-projects/MuseTalk/app.py", line 172, in <module>
    from musetalk.utils.preprocessing import get_landmark_and_bbox, read_imgs, coord_placeholder, get_bbox_range
  File "/home/rob/ai-projects/MuseTalk/musetalk/utils/preprocessing.py", line 10, in <module>
    from mmpose.apis import inference_topdown, init_model
  File "/home/rob/ai-projects/MuseTalk/.venv/lib/python3.10/site-packages/mmpose/apis/__init__.py", line 2, in <module>
    from .inference import (collect_multi_frames, inference_bottomup,
  File "/home/rob/ai-projects/MuseTalk/.venv/lib/python3.10/site-packages/mmpose/apis/inference.py", line 17, in <module>
    from mmpose.models.builder import build_pose_estimator
  File "/home/rob/ai-projects/MuseTalk/.venv/lib/python3.10/site-packages/mmpose/models/__init__.py", line 8, in <module>
    from .heads import *  # noqa
  File "/home/rob/ai-projects/MuseTalk/.venv/lib/python3.10/site-packages/mmpose/models/heads/__init__.py", line 6, in <module>
    from .hybrid_heads import DEKRHead, RTMOHead, VisPredictHead
  File "/home/rob/ai-projects/MuseTalk/.venv/lib/python3.10/site-packages/mmpose/models/heads/hybrid_heads/__init__.py", line 3, in <module>
    from .rtmo_head import RTMOHead
  File "/home/rob/ai-projects/MuseTalk/.venv/lib/python3.10/site-packages/mmpose/models/heads/hybrid_heads/rtmo_head.py", line 9, in <module>
    from mmdet.utils import ConfigType, reduce_mean
ModuleNotFoundError: No module named 'mmdet'
