#0 building with "default" instance using docker driver

#1 [internal] load build definition from Dockerfile
#1 transferring dockerfile: 1.10kB done
#1 DONE 0.0s

#2 [internal] load metadata for docker.io/nvidia/cuda:11.8.0-cudnn8-runtime-ubuntu22.04
#2 DONE 0.6s

#3 [internal] load .dockerignore
#3 transferring context: 2B done
#3 DONE 0.0s

#4 [1/7] FROM docker.io/nvidia/cuda:11.8.0-cudnn8-runtime-ubuntu22.04@sha256:85fb7ac694079fff1061a0140fd5b5a641997880e12112d92589c3bbb1e8b7ca
#4 resolve docker.io/nvidia/cuda:11.8.0-cudnn8-runtime-ubuntu22.04@sha256:85fb7ac694079fff1061a0140fd5b5a641997880e12112d92589c3bbb1e8b7ca 0.0s done
#4 DONE 0.0s

#5 [2/7] RUN apt-get update && apt-get install -y     python3.10     python3.10-dev     python3-pip     git     wget     ffmpeg     libsm6     libxext6     libxrender-dev     libgomp1     && rm -rf /var/lib/apt/lists/*
#5 CACHED

#6 [3/7] WORKDIR /app
#6 CACHED

#7 [internal] load build context
#7 transferring context: 9.06MB 1.6s done
#7 DONE 1.7s

#8 [4/7] COPY . /app
#8 DONE 55.6s

#9 [5/7] RUN pip3 install torch==2.0.1 torchvision==0.15.2 torchaudio==2.0.2 --index-url https://download.pytorch.org/whl/cu118
#9 1.124 Looking in indexes: https://download.pytorch.org/whl/cu118
#9 1.655 Collecting torch==2.0.1
#9 1.702   Downloading https://download.pytorch.org/whl/cu118/torch-2.0.1%2Bcu118-cp310-cp310-linux_x86_64.whl (2267.3 MB)
#9 207.5      ━━━━━━━━━━━━━━━━━━━━━━━━━━━━━━━━━━━━━━━━ 2.3/2.3 GB 2.1 MB/s eta 0:00:00
#9 213.2 Collecting torchvision==0.15.2
#9 213.3   Downloading https://download-r2.pytorch.org/whl/cu118/torchvision-0.15.2%2Bcu118-cp310-cp310-linux_x86_64.whl (6.1 MB)
#9 213.9      ━━━━━━━━━━━━━━━━━━━━━━━━━━━━━━━━━━━━━━━━ 6.1/6.1 MB 10.7 MB/s eta 0:00:00
#9 214.4 Collecting torchaudio==2.0.2
#9 214.5   Downloading https://download-r2.pytorch.org/whl/cu118/torchaudio-2.0.2%2Bcu118-cp310-cp310-linux_x86_64.whl (4.4 MB)
#9 214.9      ━━━━━━━━━━━━━━━━━━━━━━━━━━━━━━━━━━━━━━━━ 4.4/4.4 MB 11.2 MB/s eta 0:00:00
#9 215.4 Collecting networkx
#9 215.5   Downloading networkx-3.4.2-py3-none-any.whl (1.7 MB)
#9 215.8      ━━━━━━━━━━━━━━━━━━━━━━━━━━━━━━━━━━━━━━━━ 1.7/1.7 MB 6.5 MB/s eta 0:00:00
#9 216.3 Collecting triton==2.0.0
#9 216.4   Downloading https://download.pytorch.org/whl/triton-2.0.0-1-cp310-cp310-manylinux2014_x86_64.manylinux_2_17_x86_64.whl (63.3 MB)
#9 223.2      ━━━━━━━━━━━━━━━━━━━━━━━━━━━━━━━━━━━━━━━━ 63.3/63.3 MB 9.3 MB/s eta 0:00:00
#9 223.8 Collecting filelock
#9 223.8   Downloading filelock-3.25.2-py3-none-any.whl (26 kB)
#9 224.1 Collecting jinja2
#9 224.2   Downloading https://download.pytorch.org/whl/jinja2-3.1.6-py3-none-any.whl (134 kB)
#9 224.2      ━━━━━━━━━━━━━━━━━━━━━━━━━━━━━━━━━━━━━━━ 134.9/134.9 KB 7.8 MB/s eta 0:00:00
#9 224.5 Collecting typing-extensions
#9 224.8   Downloading https://download.pytorch.org/whl/typing_extensions-4.15.0-py3-none-any.whl (44 kB)
#9 224.9      ━━━━━━━━━━━━━━━━━━━━━━━━━━━━━━━━━━━━━━━━ 44.6/44.6 KB 3.8 MB/s eta 0:00:00
#9 225.3 Collecting sympy
#9 225.3   Downloading sympy-1.14.0-py3-none-any.whl (6.3 MB)
#9 225.9      ━━━━━━━━━━━━━━━━━━━━━━━━━━━━━━━━━━━━━━━━ 6.3/6.3 MB 11.4 MB/s eta 0:00:00
#9 226.2 Collecting requests
#9 226.2   Downloading https://download.pytorch.org/whl/requests-2.28.1-py3-none-any.whl (62 kB)
#9 226.2      ━━━━━━━━━━━━━━━━━━━━━━━━━━━━━━━━━━━━━━━━ 62.8/62.8 KB 3.9 MB/s eta 0:00:00
#9 227.2 Collecting pillow!=8.3.*,>=5.3.0
#9 227.2   Downloading pillow-12.1.1-cp310-cp310-manylinux_2_27_x86_64.manylinux_2_28_x86_64.whl (7.0 MB)
#9 227.9      ━━━━━━━━━━━━━━━━━━━━━━━━━━━━━━━━━━━━━━━━ 7.0/7.0 MB 11.2 MB/s eta 0:00:00
#9 229.0 Collecting numpy
#9 229.0   Downloading numpy-2.2.6-cp310-cp310-manylinux_2_17_x86_64.manylinux2014_x86_64.whl (16.8 MB)
#9 230.5      ━━━━━━━━━━━━━━━━━━━━━━━━━━━━━━━━━━━━━━━━ 16.8/16.8 MB 11.3 MB/s eta 0:00:00
#9 230.8 Collecting cmake
#9 230.8   Downloading https://download.pytorch.org/whl/cmake-3.25.0-py2.py3-none-manylinux_2_17_x86_64.manylinux2014_x86_64.whl (23.7 MB)
#9 233.2      ━━━━━━━━━━━━━━━━━━━━━━━━━━━━━━━━━━━━━━━━ 23.7/23.7 MB 11.0 MB/s eta 0:00:00
#9 233.5 Collecting lit
#9 233.6   Downloading https://download.pytorch.org/whl/lit-15.0.7.tar.gz (132 kB)
#9 233.6      ━━━━━━━━━━━━━━━━━━━━━━━━━━━━━━━━━━━━━━━ 132.3/132.3 KB 7.9 MB/s eta 0:00:00
#9 233.7   Preparing metadata (setup.py): started
#9 233.8   Preparing metadata (setup.py): finished with status 'done'
#9 234.3 Collecting MarkupSafe>=2.0
#9 234.5   Downloading https://download.pytorch.org/whl/MarkupSafe-3.0.2-cp310-cp310-manylinux_2_17_x86_64.manylinux2014_x86_64.whl (20 kB)
#9 234.8 Collecting urllib3<1.27,>=1.21.1
#9 234.8   Downloading https://download.pytorch.org/whl/urllib3-1.26.13-py2.py3-none-any.whl (140 kB)
#9 234.8      ━━━━━━━━━━━━━━━━━━━━━━━━━━━━━━━━━━━━━━━ 140.6/140.6 KB 6.5 MB/s eta 0:00:00
#9 235.1 Collecting charset-normalizer<3,>=2
#9 235.1   Downloading https://download.pytorch.org/whl/charset_normalizer-2.1.1-py3-none-any.whl (39 kB)
#9 235.5 Collecting certifi>=2017.4.17
#9 235.8   Downloading https://download.pytorch.org/whl/certifi-2022.12.7-py3-none-any.whl (155 kB)
#9 235.8      ━━━━━━━━━━━━━━━━━━━━━━━━━━━━━━━━━━━━━━━ 155.3/155.3 KB 6.9 MB/s eta 0:00:00
#9 236.2 Collecting idna<4,>=2.5
#9 236.2   Downloading https://download.pytorch.org/whl/idna-3.4-py3-none-any.whl (61 kB)
#9 236.2      ━━━━━━━━━━━━━━━━━━━━━━━━━━━━━━━━━━━━━━━━ 61.5/61.5 KB 3.8 MB/s eta 0:00:00
#9 236.5 Collecting mpmath<1.4,>=1.1.0
#9 236.6   Downloading mpmath-1.3.0-py3-none-any.whl (536 kB)
#9 236.6      ━━━━━━━━━━━━━━━━━━━━━━━━━━━━━━━━━━━━━━━ 536.2/536.2 KB 9.4 MB/s eta 0:00:00
#9 236.7 Building wheels for collected packages: lit
#9 236.7   Building wheel for lit (setup.py): started
#9 236.8   Building wheel for lit (setup.py): finished with status 'done'
#9 236.8   Created wheel for lit: filename=lit-15.0.7-py3-none-any.whl size=90005 sha256=862d0b74ecd6a4be42cd111dac1423ea199eedb1d2edd1740c27500a62d923d0
#9 236.8   Stored in directory: /root/.cache/pip/wheels/27/2c/b6/3ed2983b1b44fe0dea1bb35234b09f2c22fb8ebb308679c922
#9 236.8 Successfully built lit
#9 237.0 Installing collected packages: mpmath, lit, cmake, urllib3, typing-extensions, sympy, pillow, numpy, networkx, MarkupSafe, idna, filelock, charset-normalizer, certifi, requests, jinja2, triton, torch, torchvision, torchaudio
#9 269.5 Successfully installed MarkupSafe-3.0.2 certifi-2022.12.7 charset-normalizer-2.1.1 cmake-3.25.0 filelock-3.25.2 idna-3.4 jinja2-3.1.6 lit-15.0.7 mpmath-1.3.0 networkx-3.4.2 numpy-2.2.6 pillow-12.1.1 requests-2.28.1 sympy-1.14.0 torch-2.0.1+cu118 torchaudio-2.0.2+cu118 torchvision-0.15.2+cu118 triton-2.0.0 typing-extensions-4.15.0 urllib3-1.26.13
#9 269.5 WARNING: Running pip as the 'root' user can result in broken permissions and conflicting behaviour with the system package manager. It is recommended to use a virtual environment instead: https://pip.pypa.io/warnings/venv
#9 DONE 271.4s

#10 [6/7] RUN pip3 install -r requirements.txt
#10 0.827 Collecting diffusers==0.30.2
#10 0.975   Downloading diffusers-0.30.2-py3-none-any.whl (2.6 MB)
#10 1.273      ━━━━━━━━━━━━━━━━━━━━━━━━━━━━━━━━━━━━━━━━ 2.6/2.6 MB 9.0 MB/s eta 0:00:00
#10 1.349 Collecting accelerate==0.28.0
#10 1.377   Downloading accelerate-0.28.0-py3-none-any.whl (290 kB)
#10 1.410      ━━━━━━━━━━━━━━━━━━━━━━━━━━━━━━━━━━━━━━━ 290.1/290.1 KB 9.2 MB/s eta 0:00:00
#10 1.995 Collecting numpy==1.23.5
#10 2.017   Downloading numpy-1.23.5-cp310-cp310-manylinux_2_17_x86_64.manylinux2014_x86_64.whl (17.1 MB)
#10 3.526      ━━━━━━━━━━━━━━━━━━━━━━━━━━━━━━━━━━━━━━━━ 17.1/17.1 MB 11.1 MB/s eta 0:00:00
#10 3.847 Collecting tensorflow==2.12.0
#10 3.878   Downloading tensorflow-2.12.0-cp310-cp310-manylinux_2_17_x86_64.manylinux2014_x86_64.whl (585.9 MB)
#10 56.11      ━━━━━━━━━━━━━━━━━━━━━━━━━━━━━━━━━━━━━━━ 585.9/585.9 MB 3.4 MB/s eta 0:00:00
#10 57.56 Collecting tensorboard==2.12.0
#10 57.62   Downloading tensorboard-2.12.0-py3-none-any.whl (5.6 MB)
#10 58.13      ━━━━━━━━━━━━━━━━━━━━━━━━━━━━━━━━━━━━━━━━ 5.6/5.6 MB 11.1 MB/s eta 0:00:00
#10 58.36 Collecting opencv-python==4.9.0.80
#10 58.38   Downloading opencv_python-4.9.0.80-cp37-abi3-manylinux_2_17_x86_64.manylinux2014_x86_64.whl (62.2 MB)
#10 63.99      ━━━━━━━━━━━━━━━━━━━━━━━━━━━━━━━━━━━━━━━━ 62.2/62.2 MB 9.4 MB/s eta 0:00:00
#10 64.22 Collecting soundfile==0.12.1
#10 64.25   Downloading soundfile-0.12.1-py2.py3-none-manylinux_2_31_x86_64.whl (1.2 MB)
#10 64.37      ━━━━━━━━━━━━━━━━━━━━━━━━━━━━━━━━━━━━━━━━ 1.2/1.2 MB 9.7 MB/s eta 0:00:00
#10 64.49 Collecting transformers==4.39.2
#10 64.51   Downloading transformers-4.39.2-py3-none-any.whl (8.8 MB)
#10 65.30      ━━━━━━━━━━━━━━━━━━━━━━━━━━━━━━━━━━━━━━━━ 8.8/8.8 MB 11.2 MB/s eta 0:00:00
#10 65.45 Collecting huggingface_hub==0.30.2
#10 65.48   Downloading huggingface_hub-0.30.2-py3-none-any.whl (481 kB)
#10 65.54      ━━━━━━━━━━━━━━━━━━━━━━━━━━━━━━━━━━━━━━━ 481.4/481.4 KB 7.6 MB/s eta 0:00:00
#10 65.65 Collecting librosa==0.11.0
#10 65.67   Downloading librosa-0.11.0-py3-none-any.whl (260 kB)
#10 65.71      ━━━━━━━━━━━━━━━━━━━━━━━━━━━━━━━━━━━━━━━ 260.7/260.7 KB 7.1 MB/s eta 0:00:00
#10 65.79 Collecting einops==0.8.1
#10 65.82   Downloading einops-0.8.1-py3-none-any.whl (64 kB)
#10 65.83      ━━━━━━━━━━━━━━━━━━━━━━━━━━━━━━━━━━━━━━━━ 64.4/64.4 KB 6.4 MB/s eta 0:00:00
#10 66.14 Collecting gradio==5.24.0
#10 66.16   Downloading gradio-5.24.0-py3-none-any.whl (46.9 MB)
#10 70.32      ━━━━━━━━━━━━━━━━━━━━━━━━━━━━━━━━━━━━━━━━ 46.9/46.9 MB 10.1 MB/s eta 0:00:00
#10 70.55 Collecting gdown
#10 70.58   Downloading gdown-5.2.1-py3-none-any.whl (18 kB)
#10 70.59 Requirement already satisfied: requests in /usr/local/lib/python3.10/dist-packages (from -r requirements.txt (line 15)) (2.28.1)
#10 70.73 Collecting imageio[ffmpeg]
#10 70.76   Downloading imageio-2.37.3-py3-none-any.whl (317 kB)
#10 70.80      ━━━━━━━━━━━━━━━━━━━━━━━━━━━━━━━━━━━━━━━ 317.6/317.6 KB 7.9 MB/s eta 0:00:00
#10 70.96 Collecting omegaconf
#10 70.98   Downloading omegaconf-2.3.0-py3-none-any.whl (79 kB)
#10 70.99      ━━━━━━━━━━━━━━━━━━━━━━━━━━━━━━━━━━━━━━━━ 79.5/79.5 KB 6.5 MB/s eta 0:00:00
#10 71.09 Collecting ffmpeg-python
#10 71.12   Downloading ffmpeg_python-0.2.0-py3-none-any.whl (25 kB)
#10 71.28 Collecting moviepy
#10 71.31   Downloading moviepy-2.2.1-py3-none-any.whl (129 kB)
#10 71.32      ━━━━━━━━━━━━━━━━━━━━━━━━━━━━━━━━━━━━━━━ 129.9/129.9 KB 8.0 MB/s eta 0:00:00
#10 72.34 Collecting regex!=2019.12.17
#10 72.36   Downloading regex-2026.2.28-cp310-cp310-manylinux2014_x86_64.manylinux_2_17_x86_64.manylinux_2_28_x86_64.whl (791 kB)
#10 72.45      ━━━━━━━━━━━━━━━━━━━━━━━━━━━━━━━━━━━━━━ 791.7/791.7 KB 10.1 MB/s eta 0:00:00
#10 72.86 Collecting safetensors>=0.3.1
#10 72.89   Downloading safetensors-0.7.0-cp38-abi3-manylinux_2_17_x86_64.manylinux2014_x86_64.whl (507 kB)
#10 72.94      ━━━━━━━━━━━━━━━━━━━━━━━━━━━━━━━━━━━━━━━ 507.2/507.2 KB 9.5 MB/s eta 0:00:00
#10 72.96 Requirement already satisfied: filelock in /usr/local/lib/python3.10/dist-packages (from diffusers==0.30.2->-r requirements.txt (line 1)) (3.25.2)
#10 73.06 Collecting importlib-metadata
#10 73.09   Downloading importlib_metadata-9.0.0-py3-none-any.whl (27 kB)
#10 73.09 Requirement already satisfied: Pillow in /usr/local/lib/python3.10/dist-packages (from diffusers==0.30.2->-r requirements.txt (line 1)) (12.1.1)
#10 73.27 Collecting pyyaml
#10 73.28   Downloading pyyaml-6.0.3-cp310-cp310-manylinux2014_x86_64.manylinux_2_17_x86_64.manylinux_2_28_x86_64.whl (770 kB)
#10 73.35      ━━━━━━━━━━━━━━━━━━━━━━━━━━━━━━━━━━━━━━ 770.3/770.3 KB 11.0 MB/s eta 0:00:00
#10 73.41 Collecting packaging>=20.0
#10 73.43   Downloading packaging-26.0-py3-none-any.whl (74 kB)
#10 73.44      ━━━━━━━━━━━━━━━━━━━━━━━━━━━━━━━━━━━━━━━━ 74.4/74.4 KB 8.2 MB/s eta 0:00:00
#10 73.63 Collecting psutil
#10 73.65   Downloading psutil-7.2.2-cp36-abi3-manylinux2010_x86_64.manylinux_2_12_x86_64.manylinux_2_28_x86_64.whl (155 kB)
#10 73.67      ━━━━━━━━━━━━━━━━━━━━━━━━━━━━━━━━━━━━━━━ 155.6/155.6 KB 6.3 MB/s eta 0:00:00
#10 73.67 Requirement already satisfied: torch>=1.10.0 in /usr/local/lib/python3.10/dist-packages (from accelerate==0.28.0->-r requirements.txt (line 2)) (2.0.1+cu118)
#10 73.82 Collecting jax>=0.3.15
#10 73.84   Downloading jax-0.6.2-py3-none-any.whl (2.7 MB)
#10 74.10      ━━━━━━━━━━━━━━━━━━━━━━━━━━━━━━━━━━━━━━━━ 2.7/2.7 MB 11.0 MB/s eta 0:00:00
#10 74.59 Collecting wrapt<1.15,>=1.11.0
#10 74.61   Downloading wrapt-1.14.2-cp310-cp310-manylinux1_x86_64.manylinux_2_28_x86_64.manylinux_2_5_x86_64.whl (76 kB)
#10 74.63      ━━━━━━━━━━━━━━━━━━━━━━━━━━━━━━━━━━━━━━━━ 76.9/76.9 KB 6.4 MB/s eta 0:00:00
#10 74.67 Collecting termcolor>=1.1.0
#10 74.69   Downloading termcolor-3.3.0-py3-none-any.whl (7.7 kB)
#10 74.74 Collecting gast<=0.4.0,>=0.2.1
#10 74.77   Downloading gast-0.4.0-py3-none-any.whl (9.8 kB)
#10 76.10 Collecting grpcio<2.0,>=1.24.3
#10 76.12   Downloading grpcio-1.78.0-cp310-cp310-manylinux2014_x86_64.manylinux_2_17_x86_64.whl (6.7 MB)
#10 76.73      ━━━━━━━━━━━━━━━━━━━━━━━━━━━━━━━━━━━━━━━━ 6.7/6.7 MB 11.3 MB/s eta 0:00:00
#10 77.05 Collecting google-pasta>=0.1.1
#10 77.07   Downloading google_pasta-0.2.0-py3-none-any.whl (57 kB)
#10 77.08      ━━━━━━━━━━━━━━━━━━━━━━━━━━━━━━━━━━━━━━━━ 57.5/57.5 KB 6.4 MB/s eta 0:00:00
#10 77.19 Collecting h5py>=2.9.0
#10 77.21   Downloading h5py-3.16.0-cp310-cp310-manylinux_2_28_x86_64.whl (5.1 MB)
#10 77.69      ━━━━━━━━━━━━━━━━━━━━━━━━━━━━━━━━━━━━━━━━ 5.1/5.1 MB 10.5 MB/s eta 0:00:00
#10 77.72 Requirement already satisfied: setuptools in /usr/lib/python3/dist-packages (from tensorflow==2.12.0->-r requirements.txt (line 4)) (59.6.0)
#10 78.22 Collecting protobuf!=4.21.0,!=4.21.1,!=4.21.2,!=4.21.3,!=4.21.4,!=4.21.5,<5.0.0dev,>=3.20.3
#10 78.24   Downloading protobuf-4.25.8-cp37-abi3-manylinux2014_x86_64.whl (294 kB)
#10 78.28      ━━━━━━━━━━━━━━━━━━━━━━━━━━━━━━━━━━━━━━━ 294.9/294.9 KB 8.4 MB/s eta 0:00:00
#10 78.32 Collecting tensorflow-estimator<2.13,>=2.12.0
#10 78.34   Downloading tensorflow_estimator-2.12.0-py2.py3-none-any.whl (440 kB)
#10 78.39      ━━━━━━━━━━━━━━━━━━━━━━━━━━━━━━━━━━━━━━ 440.7/440.7 KB 10.9 MB/s eta 0:00:00
#10 78.46 Collecting tensorflow-io-gcs-filesystem>=0.23.1
#10 78.49   Downloading tensorflow_io_gcs_filesystem-0.37.1-cp310-cp310-manylinux_2_17_x86_64.manylinux2014_x86_64.whl (5.1 MB)
#10 78.98      ━━━━━━━━━━━━━━━━━━━━━━━━━━━━━━━━━━━━━━━━ 5.1/5.1 MB 10.4 MB/s eta 0:00:00
#10 79.09 Collecting astunparse>=1.6.0
#10 79.11   Downloading astunparse-1.6.3-py2.py3-none-any.whl (12 kB)
#10 79.15 Collecting absl-py>=1.0.0
#10 79.17   Downloading absl_py-2.4.0-py3-none-any.whl (135 kB)
#10 79.19      ━━━━━━━━━━━━━━━━━━━━━━━━━━━━━━━━━━━━━━━ 135.8/135.8 KB 8.0 MB/s eta 0:00:00
#10 79.24 Collecting libclang>=13.0.0
#10 79.29   Downloading libclang-18.1.1-py2.py3-none-manylinux2010_x86_64.whl (24.5 MB)
#10 81.45      ━━━━━━━━━━━━━━━━━━━━━━━━━━━━━━━━━━━━━━━━ 24.5/24.5 MB 11.1 MB/s eta 0:00:00
#10 81.50 Requirement already satisfied: typing-extensions>=3.6.6 in /usr/local/lib/python3.10/dist-packages (from tensorflow==2.12.0->-r requirements.txt (line 4)) (4.15.0)
#10 81.56 Collecting keras<2.13,>=2.12.0
#10 81.58   Downloading keras-2.12.0-py2.py3-none-any.whl (1.7 MB)
#10 81.75      ━━━━━━━━━━━━━━━━━━━━━━━━━━━━━━━━━━━━━━━━ 1.7/1.7 MB 10.9 MB/s eta 0:00:00
#10 81.79 Collecting six>=1.12.0
#10 81.81   Downloading six-1.17.0-py2.py3-none-any.whl (11 kB)
#10 81.86 Collecting flatbuffers>=2.0
#10 81.88   Downloading flatbuffers-25.12.19-py2.py3-none-any.whl (26 kB)
#10 81.92 Collecting opt-einsum>=2.3.2
#10 81.94   Downloading opt_einsum-3.4.0-py3-none-any.whl (71 kB)
#10 81.95      ━━━━━━━━━━━━━━━━━━━━━━━━━━━━━━━━━━━━━━━━ 71.9/71.9 KB 7.3 MB/s eta 0:00:00
#10 82.03 Collecting werkzeug>=1.0.1
#10 82.05   Downloading werkzeug-3.1.7-py3-none-any.whl (226 kB)
#10 82.08      ━━━━━━━━━━━━━━━━━━━━━━━━━━━━━━━━━━━━━━━ 226.3/226.3 KB 9.5 MB/s eta 0:00:00
#10 82.08 Requirement already satisfied: wheel>=0.26 in /usr/lib/python3/dist-packages (from tensorboard==2.12.0->-r requirements.txt (line 5)) (0.37.1)
#10 82.12 Collecting tensorboard-plugin-wit>=1.6.0
#10 82.14   Downloading tensorboard_plugin_wit-1.8.1-py3-none-any.whl (781 kB)
#10 82.21      ━━━━━━━━━━━━━━━━━━━━━━━━━━━━━━━━━━━━━━ 781.3/781.3 KB 11.2 MB/s eta 0:00:00
#10 82.25 Collecting tensorboard-data-server<0.8.0,>=0.7.0
#10 82.28   Downloading tensorboard_data_server-0.7.2-py3-none-manylinux_2_31_x86_64.whl (6.6 MB)
#10 82.86      ━━━━━━━━━━━━━━━━━━━━━━━━━━━━━━━━━━━━━━━━ 6.6/6.6 MB 11.4 MB/s eta 0:00:00
#10 82.92 Collecting markdown>=2.6.8
#10 82.94   Downloading markdown-3.10.2-py3-none-any.whl (108 kB)
#10 82.96      ━━━━━━━━━━━━━━━━━━━━━━━━━━━━━━━━━━━━━━━ 108.2/108.2 KB 7.1 MB/s eta 0:00:00
#10 83.02 Collecting google-auth-oauthlib<0.5,>=0.4.1
#10 83.04   Downloading google_auth_oauthlib-0.4.6-py2.py3-none-any.whl (18 kB)
#10 83.19 Collecting google-auth<3,>=1.6.3
#10 83.21   Downloading google_auth-2.49.1-py3-none-any.whl (240 kB)
#10 83.24      ━━━━━━━━━━━━━━━━━━━━━━━━━━━━━━━━━━━━━━━ 240.7/240.7 KB 7.7 MB/s eta 0:00:00
#10 83.62 Collecting cffi>=1.0
#10 83.64   Downloading cffi-2.0.0-cp310-cp310-manylinux2014_x86_64.manylinux_2_17_x86_64.whl (216 kB)
#10 83.67      ━━━━━━━━━━━━━━━━━━━━━━━━━━━━━━━━━━━━━━━ 216.5/216.5 KB 7.4 MB/s eta 0:00:00
#10 84.10 Collecting tqdm>=4.27
#10 84.11   Downloading tqdm-4.67.3-py3-none-any.whl (78 kB)
#10 84.14      ━━━━━━━━━━━━━━━━━━━━━━━━━━━━━━━━━━━━━━━━ 78.4/78.4 KB 4.3 MB/s eta 0:00:00
#10 84.52 Collecting tokenizers<0.19,>=0.14
#10 84.54   Downloading tokenizers-0.15.2-cp310-cp310-manylinux_2_17_x86_64.manylinux2014_x86_64.whl (3.6 MB)
#10 84.87      ━━━━━━━━━━━━━━━━━━━━━━━━━━━━━━━━━━━━━━━━ 3.6/3.6 MB 10.9 MB/s eta 0:00:00
#10 85.02 Collecting fsspec>=2023.5.0
#10 85.04   Downloading fsspec-2026.2.0-py3-none-any.whl (202 kB)
#10 85.06      ━━━━━━━━━━━━━━━━━━━━━━━━━━━━━━━━━━━━━━━ 202.5/202.5 KB 8.1 MB/s eta 0:00:00
#10 85.13 Collecting decorator>=4.3.0
#10 85.16   Downloading decorator-5.2.1-py3-none-any.whl (9.2 kB)
#10 85.22 Collecting joblib>=1.0
#10 85.25   Downloading joblib-1.5.3-py3-none-any.whl (309 kB)
#10 85.29      ━━━━━━━━━━━━━━━━━━━━━━━━━━━━━━━━━━━━━━━ 309.1/309.1 KB 9.5 MB/s eta 0:00:00
#10 85.35 Collecting pooch>=1.1
#10 85.37   Downloading pooch-1.9.0-py3-none-any.whl (67 kB)
#10 85.38      ━━━━━━━━━━━━━━━━━━━━━━━━━━━━━━━━━━━━━━━━ 67.2/67.2 KB 7.1 MB/s eta 0:00:00
#10 85.56 Collecting soxr>=0.3.2
#10 85.58   Downloading soxr-1.0.0-cp310-cp310-manylinux_2_27_x86_64.manylinux_2_28_x86_64.whl (242 kB)
#10 85.61      ━━━━━━━━━━━━━━━━━━━━━━━━━━━━━━━━━━━━━━━ 242.3/242.3 KB 7.5 MB/s eta 0:00:00
#10 85.86 Collecting numba>=0.51.0
#10 86.11   Downloading numba-0.64.0-cp310-cp310-manylinux2014_x86_64.manylinux_2_17_x86_64.whl (3.7 MB)
#10 86.43      ━━━━━━━━━━━━━━━━━━━━━━━━━━━━━━━━━━━━━━━━ 3.7/3.7 MB 11.5 MB/s eta 0:00:00
#10 86.56 Collecting audioread>=2.1.9
#10 86.58   Downloading audioread-3.1.0-py3-none-any.whl (23 kB)
#10 86.77 Collecting msgpack>=1.0
#10 86.79   Downloading msgpack-1.1.2-cp310-cp310-manylinux2014_x86_64.manylinux_2_17_x86_64.manylinux_2_28_x86_64.whl (406 kB)
#10 86.83      ━━━━━━━━━━━━━━━━━━━━━━━━━━━━━━━━━━━━━━━ 406.1/406.1 KB 8.7 MB/s eta 0:00:00
#10 86.93 Collecting lazy_loader>=0.1
#10 86.95   Downloading lazy_loader-0.5-py3-none-any.whl (8.0 kB)
#10 87.16 Collecting scikit-learn>=1.1.0
#10 87.18   Downloading scikit_learn-1.7.2-cp310-cp310-manylinux2014_x86_64.manylinux_2_17_x86_64.whl (9.7 MB)
#10 88.03      ━━━━━━━━━━━━━━━━━━━━━━━━━━━━━━━━━━━━━━━━ 9.7/9.7 MB 11.4 MB/s eta 0:00:00
#10 88.36 Collecting scipy>=1.6.0
#10 88.38   Downloading scipy-1.15.3-cp310-cp310-manylinux_2_17_x86_64.manylinux2014_x86_64.whl (37.7 MB)
#10 91.67      ━━━━━━━━━━━━━━━━━━━━━━━━━━━━━━━━━━━━━━━━ 37.7/37.7 MB 10.8 MB/s eta 0:00:00
#10 91.80 Requirement already satisfied: markupsafe<4.0,>=2.0 in /usr/local/lib/python3.10/dist-packages (from gradio==5.24.0->-r requirements.txt (line 12)) (3.0.2)
#10 92.36 Collecting Pillow
#10 92.39   Downloading pillow-11.3.0-cp310-cp310-manylinux_2_27_x86_64.manylinux_2_28_x86_64.whl (6.6 MB)
#10 92.97      ━━━━━━━━━━━━━━━━━━━━━━━━━━━━━━━━━━━━━━━━ 6.6/6.6 MB 11.5 MB/s eta 0:00:00
#10 93.85 Collecting ruff>=0.9.3
#10 93.87   Downloading ruff-0.15.7-py3-none-manylinux_2_17_x86_64.manylinux2014_x86_64.whl (11.2 MB)
#10 94.88      ━━━━━━━━━━━━━━━━━━━━━━━━━━━━━━━━━━━━━━━━ 11.2/11.2 MB 11.3 MB/s eta 0:00:00
#10 95.52 Collecting orjson~=3.0
#10 95.54   Downloading orjson-3.11.7-cp310-cp310-manylinux_2_17_x86_64.manylinux2014_x86_64.whl (133 kB)
#10 95.57      ━━━━━━━━━━━━━━━━━━━━━━━━━━━━━━━━━━━━━━━ 133.7/133.7 KB 5.5 MB/s eta 0:00:00
#10 95.63 Collecting httpx>=0.24.1
#10 95.65   Downloading httpx-0.28.1-py3-none-any.whl (73 kB)
#10 95.66      ━━━━━━━━━━━━━━━━━━━━━━━━━━━━━━━━━━━━━━━━ 73.5/73.5 KB 7.5 MB/s eta 0:00:00
#10 95.94 Collecting pandas<3.0,>=1.0
#10 95.96   Downloading pandas-2.3.3-cp310-cp310-manylinux_2_24_x86_64.manylinux_2_28_x86_64.whl (12.8 MB)
#10 97.07      ━━━━━━━━━━━━━━━━━━━━━━━━━━━━━━━━━━━━━━━━ 12.8/12.8 MB 11.5 MB/s eta 0:00:00
#10 97.20 Collecting starlette<1.0,>=0.40.0
#10 97.22   Downloading starlette-0.52.1-py3-none-any.whl (74 kB)
#10 97.23      ━━━━━━━━━━━━━━━━━━━━━━━━━━━━━━━━━━━━━━━━ 74.3/74.3 KB 7.7 MB/s eta 0:00:00
#10 97.32 Collecting ffmpy
#10 97.33   Downloading ffmpy-1.0.0-py3-none-any.whl (5.6 kB)
#10 97.43 Collecting pydub
#10 97.45   Downloading pydub-0.25.1-py2.py3-none-any.whl (32 kB)
#10 97.46 Requirement already satisfied: jinja2<4.0 in /usr/local/lib/python3.10/dist-packages (from gradio==5.24.0->-r requirements.txt (line 12)) (3.1.6)
#10 97.52 Collecting anyio<5.0,>=3.0
#10 97.54   Downloading anyio-4.13.0-py3-none-any.whl (114 kB)
#10 97.55      ━━━━━━━━━━━━━━━━━━━━━━━━━━━━━━━━━━━━━━━ 114.4/114.4 KB 8.6 MB/s eta 0:00:00
#10 97.61 Collecting tomlkit<0.14.0,>=0.12.0
#10 97.63   Downloading tomlkit-0.13.3-py3-none-any.whl (38 kB)
#10 97.73 Collecting safehttpx<0.2.0,>=0.1.6
#10 97.74   Downloading safehttpx-0.1.7-py3-none-any.whl (9.0 kB)
#10 97.87 Collecting fastapi<1.0,>=0.115.2
#10 97.89   Downloading fastapi-0.135.2-py3-none-any.whl (117 kB)
#10 97.91      ━━━━━━━━━━━━━━━━━━━━━━━━━━━━━━━━━━━━━━━ 117.4/117.4 KB 8.6 MB/s eta 0:00:00
#10 98.00 Collecting groovy~=0.1
#10 98.01   Downloading groovy-0.1.2-py3-none-any.whl (14 kB)
#10 98.39 Collecting pydantic<2.12,>=2.0
#10 98.42   Downloading pydantic-2.11.10-py3-none-any.whl (444 kB)
#10 98.47      ━━━━━━━━━━━━━━━━━━━━━━━━━━━━━━━━━━━━━━ 444.8/444.8 KB 10.2 MB/s eta 0:00:00
#10 98.52 Collecting aiofiles<25.0,>=22.0
#10 98.54   Downloading aiofiles-24.1.0-py3-none-any.whl (15 kB)
#10 98.67 Collecting gradio-client==1.8.0
#10 98.69   Downloading gradio_client-1.8.0-py3-none-any.whl (322 kB)
#10 98.72      ━━━━━━━━━━━━━━━━━━━━━━━━━━━━━━━━━━━━━━ 322.2/322.2 KB 10.4 MB/s eta 0:00:00
#10 98.78 Collecting typer<1.0,>=0.12
#10 98.80   Downloading typer-0.24.1-py3-none-any.whl (56 kB)
#10 98.81      ━━━━━━━━━━━━━━━━━━━━━━━━━━━━━━━━━━━━━━━━ 56.1/56.1 KB 6.4 MB/s eta 0:00:00
#10 98.85 Collecting semantic-version~=2.0
#10 98.87   Downloading semantic_version-2.10.0-py2.py3-none-any.whl (15 kB)
#10 98.94 Collecting uvicorn>=0.14.0
#10 98.96   Downloading uvicorn-0.42.0-py3-none-any.whl (68 kB)
#10 98.98      ━━━━━━━━━━━━━━━━━━━━━━━━━━━━━━━━━━━━━━━━ 68.8/68.8 KB 7.2 MB/s eta 0:00:00
#10 99.01 Collecting python-multipart>=0.0.18
#10 99.03   Downloading python_multipart-0.0.22-py3-none-any.whl (24 kB)
#10 99.27 Collecting websockets<16.0,>=10.0
#10 99.29   Downloading websockets-15.0.1-cp310-cp310-manylinux_2_5_x86_64.manylinux1_x86_64.manylinux_2_17_x86_64.manylinux2014_x86_64.whl (181 kB)
#10 99.31      ━━━━━━━━━━━━━━━━━━━━━━━━━━━━━━━━━━━━━━━ 181.6/181.6 KB 9.7 MB/s eta 0:00:00
#10 99.38 Collecting beautifulsoup4
#10 99.40   Downloading beautifulsoup4-4.14.3-py3-none-any.whl (107 kB)
#10 99.42      ━━━━━━━━━━━━━━━━━━━━━━━━━━━━━━━━━━━━━━━ 107.7/107.7 KB 8.9 MB/s eta 0:00:00
#10 99.42 Requirement already satisfied: urllib3<1.27,>=1.21.1 in /usr/local/lib/python3.10/dist-packages (from requests->-r requirements.txt (line 15)) (1.26.13)
#10 99.42 Requirement already satisfied: certifi>=2017.4.17 in /usr/local/lib/python3.10/dist-packages (from requests->-r requirements.txt (line 15)) (2022.12.7)
#10 99.42 Requirement already satisfied: idna<4,>=2.5 in /usr/local/lib/python3.10/dist-packages (from requests->-r requirements.txt (line 15)) (3.4)
#10 99.42 Requirement already satisfied: charset-normalizer<3,>=2 in /usr/local/lib/python3.10/dist-packages (from requests->-r requirements.txt (line 15)) (2.1.1)
#10 99.56 Collecting imageio-ffmpeg
#10 99.59   Downloading imageio_ffmpeg-0.6.0-py3-none-manylinux2014_x86_64.whl (29.5 MB)
#10 102.2      ━━━━━━━━━━━━━━━━━━━━━━━━━━━━━━━━━━━━━━━━ 29.5/29.5 MB 10.4 MB/s eta 0:00:00
#10 102.3 Collecting antlr4-python3-runtime==4.9.*
#10 102.4   Downloading antlr4-python3-runtime-4.9.3.tar.gz (117 kB)
#10 102.4      ━━━━━━━━━━━━━━━━━━━━━━━━━━━━━━━━━━━━━━━ 117.0/117.0 KB 6.8 MB/s eta 0:00:00
#10 102.4   Preparing metadata (setup.py): started
#10 102.5   Preparing metadata (setup.py): finished with status 'done'
#10 102.6 Collecting future
#10 102.6   Downloading future-1.0.0-py3-none-any.whl (491 kB)
#10 102.7      ━━━━━━━━━━━━━━━━━━━━━━━━━━━━━━━━━━━━━━ 491.3/491.3 KB 11.0 MB/s eta 0:00:00
#10 102.8 Collecting proglog<=1.0.0
#10 102.8   Downloading proglog-0.1.12-py3-none-any.whl (6.3 kB)
#10 102.9 Collecting moviepy
#10 102.9   Downloading moviepy-2.2.0-py3-none-any.whl (129 kB)
#10 102.9      ━━━━━━━━━━━━━━━━━━━━━━━━━━━━━━━━━━━━━━━ 129.8/129.8 KB 6.0 MB/s eta 0:00:00
#10 103.0   Downloading moviepy-2.1.2-py3-none-any.whl (126 kB)
#10 103.0      ━━━━━━━━━━━━━━━━━━━━━━━━━━━━━━━━━━━━━━━ 126.7/126.7 KB 8.1 MB/s eta 0:00:00
#10 103.1 Collecting Pillow
#10 103.1   Downloading pillow-10.4.0-cp310-cp310-manylinux_2_28_x86_64.whl (4.5 MB)
#10 103.5      ━━━━━━━━━━━━━━━━━━━━━━━━━━━━━━━━━━━━━━━━ 4.5/4.5 MB 11.1 MB/s eta 0:00:00
#10 103.5 Collecting moviepy
#10 103.6   Downloading moviepy-2.1.1-py3-none-any.whl (123 kB)
#10 103.6      ━━━━━━━━━━━━━━━━━━━━━━━━━━━━━━━━━━━━━━━ 123.5/123.5 KB 8.9 MB/s eta 0:00:00
#10 103.6   Downloading moviepy-2.1.0-py3-none-any.whl (123 kB)
#10 103.7      ━━━━━━━━━━━━━━━━━━━━━━━━━━━━━━━━━━━━━━━ 123.4/123.4 KB 8.6 MB/s eta 0:00:00
#10 103.7   Downloading moviepy-2.0.0-py3-none-any.whl (122 kB)
#10 103.7      ━━━━━━━━━━━━━━━━━━━━━━━━━━━━━━━━━━━━━━━ 123.0/123.0 KB 8.4 MB/s eta 0:00:00
#10 103.8   Downloading moviepy-1.0.3.tar.gz (388 kB)
#10 103.8      ━━━━━━━━━━━━━━━━━━━━━━━━━━━━━━━━━━━━━━━ 388.3/388.3 KB 8.9 MB/s eta 0:00:00
#10 103.9   Preparing metadata (setup.py): started
#10 104.0   Preparing metadata (setup.py): finished with status 'done'
#10 104.0 Collecting decorator>=4.3.0
#10 104.1   Downloading decorator-4.4.2-py2.py3-none-any.whl (9.2 kB)
#10 104.2 Collecting exceptiongroup>=1.0.2
#10 104.2   Downloading exceptiongroup-1.3.1-py3-none-any.whl (16 kB)
#10 104.3 Collecting pycparser
#10 104.4   Downloading pycparser-3.0-py3-none-any.whl (48 kB)
#10 104.4      ━━━━━━━━━━━━━━━━━━━━━━━━━━━━━━━━━━━━━━━━ 48.2/48.2 KB 6.9 MB/s eta 0:00:00
#10 104.4 Collecting annotated-doc>=0.0.2
#10 104.5   Downloading annotated_doc-0.0.4-py3-none-any.whl (5.3 kB)
#10 104.6 Collecting typing-inspection>=0.4.2
#10 104.6   Downloading typing_inspection-0.4.2-py3-none-any.whl (14 kB)
#10 104.8 Collecting pyasn1-modules>=0.2.1
#10 104.8   Downloading pyasn1_modules-0.4.2-py3-none-any.whl (181 kB)
#10 104.8      ━━━━━━━━━━━━━━━━━━━━━━━━━━━━━━━━━━━━━━━ 181.3/181.3 KB 7.4 MB/s eta 0:00:00
#10 105.3 Collecting cryptography>=38.0.3
#10 105.4   Downloading cryptography-46.0.5-cp38-abi3-manylinux_2_34_x86_64.whl (4.5 MB)
#10 105.8      ━━━━━━━━━━━━━━━━━━━━━━━━━━━━━━━━━━━━━━━━ 4.5/4.5 MB 11.2 MB/s eta 0:00:00
#10 105.9 Collecting requests-oauthlib>=0.7.0
#10 105.9   Downloading requests_oauthlib-2.0.0-py2.py3-none-any.whl (24 kB)
#10 106.0 Collecting httpcore==1.*
#10 106.0   Downloading httpcore-1.0.9-py3-none-any.whl (78 kB)
#10 106.1      ━━━━━━━━━━━━━━━━━━━━━━━━━━━━━━━━━━━━━━━━ 78.8/78.8 KB 6.4 MB/s eta 0:00:00
#10 106.1 Collecting h11>=0.16
#10 106.2   Downloading h11-0.16.0-py3-none-any.whl (37 kB)
#10 106.3 Collecting ml_dtypes>=0.5.0
#10 106.3   Downloading ml_dtypes-0.5.4-cp310-cp310-manylinux_2_27_x86_64.manylinux_2_28_x86_64.whl (5.0 MB)
#10 106.8      ━━━━━━━━━━━━━━━━━━━━━━━━━━━━━━━━━━━━━━━━ 5.0/5.0 MB 11.0 MB/s eta 0:00:00
#10 107.0 Collecting jaxlib<=0.6.2,>=0.6.2
#10 107.0   Downloading jaxlib-0.6.2-cp310-cp310-manylinux2014_x86_64.whl (89.9 MB)
#10 115.2      ━━━━━━━━━━━━━━━━━━━━━━━━━━━━━━━━━━━━━━━━ 89.9/89.9 MB 7.8 MB/s eta 0:00:00
#10 115.4 Collecting jax>=0.3.15
#10 115.4   Downloading jax-0.6.1-py3-none-any.whl (2.4 MB)
#10 115.6      ━━━━━━━━━━━━━━━━━━━━━━━━━━━━━━━━━━━━━━━━ 2.4/2.4 MB 10.3 MB/s eta 0:00:00
#10 115.7   Downloading jax-0.6.0-py3-none-any.whl (2.3 MB)
#10 115.9      ━━━━━━━━━━━━━━━━━━━━━━━━━━━━━━━━━━━━━━━━ 2.3/2.3 MB 10.7 MB/s eta 0:00:00
#10 116.0   Downloading jax-0.5.3-py3-none-any.whl (2.4 MB)
#10 116.2      ━━━━━━━━━━━━━━━━━━━━━━━━━━━━━━━━━━━━━━━━ 2.4/2.4 MB 9.7 MB/s eta 0:00:00
#10 116.3 Collecting jaxlib<=0.5.3,>=0.5.3
#10 116.3   Downloading jaxlib-0.5.3-cp310-cp310-manylinux2014_x86_64.whl (105.1 MB)
#10 125.7      ━━━━━━━━━━━━━━━━━━━━━━━━━━━━━━━━━━━━━━━ 105.1/105.1 MB 8.2 MB/s eta 0:00:00
#10 126.0 Collecting jax>=0.3.15
#10 126.0   Downloading jax-0.5.2-py3-none-any.whl (2.4 MB)
#10 126.2      ━━━━━━━━━━━━━━━━━━━━━━━━━━━━━━━━━━━━━━━━ 2.4/2.4 MB 10.5 MB/s eta 0:00:00
#10 126.3   Downloading jax-0.5.1-py3-none-any.whl (2.4 MB)
#10 126.6      ━━━━━━━━━━━━━━━━━━━━━━━━━━━━━━━━━━━━━━━━ 2.4/2.4 MB 10.1 MB/s eta 0:00:00
#10 126.6   Downloading jax-0.5.0-py3-none-any.whl (2.3 MB)
#10 126.9      ━━━━━━━━━━━━━━━━━━━━━━━━━━━━━━━━━━━━━━━━ 2.3/2.3 MB 10.3 MB/s eta 0:00:00
#10 126.9   Downloading jax-0.4.38-py3-none-any.whl (2.2 MB)
#10 127.1      ━━━━━━━━━━━━━━━━━━━━━━━━━━━━━━━━━━━━━━━━ 2.2/2.2 MB 10.5 MB/s eta 0:00:00
#10 127.2 Collecting jaxlib<=0.4.38,>=0.4.38
#10 127.2   Downloading jaxlib-0.4.38-cp310-cp310-manylinux2014_x86_64.whl (101.7 MB)
#10 136.6      ━━━━━━━━━━━━━━━━━━━━━━━━━━━━━━━━━━━━━━━ 101.7/101.7 MB 7.7 MB/s eta 0:00:00
#10 136.8 Collecting jax>=0.3.15
#10 136.9   Downloading jax-0.4.37-py3-none-any.whl (2.2 MB)
#10 137.1      ━━━━━━━━━━━━━━━━━━━━━━━━━━━━━━━━━━━━━━━━ 2.2/2.2 MB 10.2 MB/s eta 0:00:00
#10 137.1 Collecting jaxlib<=0.4.37,>=0.4.36
#10 137.2   Downloading jaxlib-0.4.36-cp310-cp310-manylinux2014_x86_64.whl (100.3 MB)
#10 146.8      ━━━━━━━━━━━━━━━━━━━━━━━━━━━━━━━━━━━━━━━ 100.3/100.3 MB 7.8 MB/s eta 0:00:00
#10 147.0 Collecting jax>=0.3.15
#10 147.1   Downloading jax-0.4.36-py3-none-any.whl (2.2 MB)
#10 147.3      ━━━━━━━━━━━━━━━━━━━━━━━━━━━━━━━━━━━━━━━━ 2.2/2.2 MB 10.7 MB/s eta 0:00:00
#10 147.3   Downloading jax-0.4.35-py3-none-any.whl (2.2 MB)
#10 147.5      ━━━━━━━━━━━━━━━━━━━━━━━━━━━━━━━━━━━━━━━━ 2.2/2.2 MB 10.5 MB/s eta 0:00:00
#10 147.6 Collecting jaxlib<=0.4.35,>=0.4.34
#10 147.7   Downloading jaxlib-0.4.35-cp310-cp310-manylinux2014_x86_64.whl (87.3 MB)
#10 155.7      ━━━━━━━━━━━━━━━━━━━━━━━━━━━━━━━━━━━━━━━━ 87.3/87.3 MB 8.2 MB/s eta 0:00:00
#10 155.9 Collecting jax>=0.3.15
#10 155.9   Downloading jax-0.4.34-py3-none-any.whl (2.1 MB)
#10 156.1      ━━━━━━━━━━━━━━━━━━━━━━━━━━━━━━━━━━━━━━━━ 2.1/2.1 MB 11.1 MB/s eta 0:00:00
#10 156.2 Collecting jaxlib<=0.4.34,>=0.4.34
#10 156.2   Downloading jaxlib-0.4.34-cp310-cp310-manylinux2014_x86_64.whl (86.1 MB)
#10 163.9      ━━━━━━━━━━━━━━━━━━━━━━━━━━━━━━━━━━━━━━━━ 86.1/86.1 MB 8.6 MB/s eta 0:00:00
#10 164.1 Collecting jax>=0.3.15
#10 164.1   Downloading jax-0.4.33-py3-none-any.whl (2.1 MB)
#10 164.3      ━━━━━━━━━━━━━━━━━━━━━━━━━━━━━━━━━━━━━━━━ 2.1/2.1 MB 10.9 MB/s eta 0:00:00
#10 164.3 Collecting jaxlib<=0.4.33,>=0.4.33
#10 164.3   Downloading jaxlib-0.4.33-cp310-cp310-manylinux2014_x86_64.whl (85.0 MB)
#10 171.7      ━━━━━━━━━━━━━━━━━━━━━━━━━━━━━━━━━━━━━━━━ 85.0/85.0 MB 10.1 MB/s eta 0:00:00
#10 171.9 Collecting jax>=0.3.15
#10 172.0   Downloading jax-0.4.31-py3-none-any.whl (2.0 MB)
#10 172.2      ━━━━━━━━━━━━━━━━━━━━━━━━━━━━━━━━━━━━━━━━ 2.0/2.0 MB 11.4 MB/s eta 0:00:00
#10 172.2 Collecting jaxlib<=0.4.31,>=0.4.30
#10 172.3   Downloading jaxlib-0.4.31-cp310-cp310-manylinux2014_x86_64.whl (88.1 MB)
#10 180.1      ━━━━━━━━━━━━━━━━━━━━━━━━━━━━━━━━━━━━━━━━ 88.1/88.1 MB 8.5 MB/s eta 0:00:00
#10 180.3 Collecting jax>=0.3.15
#10 180.3   Downloading jax-0.4.30-py3-none-any.whl (2.0 MB)
#10 180.5      ━━━━━━━━━━━━━━━━━━━━━━━━━━━━━━━━━━━━━━━━ 2.0/2.0 MB 11.0 MB/s eta 0:00:00
#10 180.6 Collecting jaxlib<=0.4.30,>=0.4.27
#10 180.6   Downloading jaxlib-0.4.30-cp310-cp310-manylinux2014_x86_64.whl (79.6 MB)
#10 187.8      ━━━━━━━━━━━━━━━━━━━━━━━━━━━━━━━━━━━━━━━━ 79.6/79.6 MB 8.2 MB/s eta 0:00:00
#10 188.1 Collecting llvmlite<0.47,>=0.46.0dev0
#10 188.2   Downloading llvmlite-0.46.0-cp310-cp310-manylinux2014_x86_64.manylinux_2_17_x86_64.whl (56.3 MB)
#10 193.2      ━━━━━━━━━━━━━━━━━━━━━━━━━━━━━━━━━━━━━━━━ 56.3/56.3 MB 9.1 MB/s eta 0:00:00
#10 193.5 Collecting python-dateutil>=2.8.2
#10 193.5   Downloading python_dateutil-2.9.0.post0-py2.py3-none-any.whl (229 kB)
#10 193.5      ━━━━━━━━━━━━━━━━━━━━━━━━━━━━━━━━━━━━━━━ 229.9/229.9 KB 8.2 MB/s eta 0:00:00
#10 193.7 Collecting pytz>=2020.1
#10 193.7   Downloading pytz-2026.1.post1-py2.py3-none-any.whl (510 kB)
#10 193.7      ━━━━━━━━━━━━━━━━━━━━━━━━━━━━━━━━━━━━━━━ 510.5/510.5 KB 9.0 MB/s eta 0:00:00
#10 193.8 Collecting tzdata>=2022.7
#10 193.8   Downloading tzdata-2025.3-py2.py3-none-any.whl (348 kB)
#10 193.9      ━━━━━━━━━━━━━━━━━━━━━━━━━━━━━━━━━━━━━━ 348.5/348.5 KB 10.5 MB/s eta 0:00:00
#10 194.0 Collecting platformdirs>=2.5.0
#10 194.0   Downloading platformdirs-4.9.4-py3-none-any.whl (21 kB)
#10 196.1 Collecting pydantic-core==2.33.2
#10 196.1   Downloading pydantic_core-2.33.2-cp310-cp310-manylinux_2_17_x86_64.manylinux2014_x86_64.whl (2.0 MB)
#10 196.3      ━━━━━━━━━━━━━━━━━━━━━━━━━━━━━━━━━━━━━━━━ 2.0/2.0 MB 11.2 MB/s eta 0:00:00
#10 196.3 Collecting annotated-types>=0.6.0
#10 196.4   Downloading annotated_types-0.7.0-py3-none-any.whl (13 kB)
#10 196.5 Collecting threadpoolctl>=3.1.0
#10 196.5   Downloading threadpoolctl-3.6.0-py3-none-any.whl (18 kB)
#10 196.7 Requirement already satisfied: networkx in /usr/local/lib/python3.10/dist-packages (from torch>=1.10.0->accelerate==0.28.0->-r requirements.txt (line 2)) (3.4.2)
#10 196.7 Requirement already satisfied: sympy in /usr/local/lib/python3.10/dist-packages (from torch>=1.10.0->accelerate==0.28.0->-r requirements.txt (line 2)) (1.14.0)
#10 196.7 Requirement already satisfied: triton==2.0.0 in /usr/local/lib/python3.10/dist-packages (from torch>=1.10.0->accelerate==0.28.0->-r requirements.txt (line 2)) (2.0.0)
#10 196.7 Requirement already satisfied: cmake in /usr/local/lib/python3.10/dist-packages (from triton==2.0.0->torch>=1.10.0->accelerate==0.28.0->-r requirements.txt (line 2)) (3.25.0)
#10 196.7 Requirement already satisfied: lit in /usr/local/lib/python3.10/dist-packages (from triton==2.0.0->torch>=1.10.0->accelerate==0.28.0->-r requirements.txt (line 2)) (15.0.7)
#10 196.9 Collecting rich>=12.3.0
#10 196.9   Downloading rich-14.3.3-py3-none-any.whl (310 kB)
#10 196.9      ━━━━━━━━━━━━━━━━━━━━━━━━━━━━━━━━━━━━━━ 310.5/310.5 KB 10.4 MB/s eta 0:00:00
#10 197.0 Collecting click>=8.2.1
#10 197.0   Downloading click-8.3.1-py3-none-any.whl (108 kB)
#10 197.2      ━━━━━━━━━━━━━━━━━━━━━━━━━━━━━━━━━━━━━ 108.3/108.3 KB 692.6 kB/s eta 0:00:00
#10 197.2 Collecting shellingham>=1.3.0
#10 197.2   Downloading shellingham-1.5.4-py2.py3-none-any.whl (9.8 kB)
#10 197.4 Collecting soupsieve>=1.6.1
#10 197.4   Downloading soupsieve-2.8.3-py3-none-any.whl (37 kB)
#10 197.5 Collecting zipp>=3.20
#10 197.5   Downloading zipp-3.23.0-py3-none-any.whl (10 kB)
#10 197.6 Collecting PySocks!=1.5.7,>=1.5.6
#10 197.6   Downloading PySocks-1.7.1-py3-none-any.whl (16 kB)
#10 197.8 Collecting pyasn1<0.7.0,>=0.6.1
#10 197.8   Downloading pyasn1-0.6.3-py3-none-any.whl (83 kB)
#10 197.8      ━━━━━━━━━━━━━━━━━━━━━━━━━━━━━━━━━━━━━━━━ 84.0/84.0 KB 7.0 MB/s eta 0:00:00
#10 197.9 Collecting oauthlib>=3.0.0
#10 197.9   Downloading oauthlib-3.3.1-py3-none-any.whl (160 kB)
#10 198.0      ━━━━━━━━━━━━━━━━━━━━━━━━━━━━━━━━━━━━━━━ 160.1/160.1 KB 9.4 MB/s eta 0:00:00
#10 198.0 Collecting markdown-it-py>=2.2.0
#10 198.0   Downloading markdown_it_py-4.0.0-py3-none-any.whl (87 kB)
#10 198.1      ━━━━━━━━━━━━━━━━━━━━━━━━━━━━━━━━━━━━━━━━ 87.3/87.3 KB 8.0 MB/s eta 0:00:00
#10 198.1 Collecting pygments<3.0.0,>=2.13.0
#10 198.2   Downloading pygments-2.19.2-py3-none-any.whl (1.2 MB)
#10 198.3      ━━━━━━━━━━━━━━━━━━━━━━━━━━━━━━━━━━━━━━━━ 1.2/1.2 MB 10.8 MB/s eta 0:00:00
#10 198.4 Requirement already satisfied: mpmath<1.4,>=1.1.0 in /usr/local/lib/python3.10/dist-packages (from sympy->torch>=1.10.0->accelerate==0.28.0->-r requirements.txt (line 2)) (1.3.0)
#10 198.5 Collecting mdurl~=0.1
#10 198.5   Downloading mdurl-0.1.2-py3-none-any.whl (10.0 kB)
#10 198.6 Building wheels for collected packages: antlr4-python3-runtime, moviepy
#10 198.6   Building wheel for antlr4-python3-runtime (setup.py): started
#10 198.8   Building wheel for antlr4-python3-runtime (setup.py): finished with status 'done'
#10 198.8   Created wheel for antlr4-python3-runtime: filename=antlr4_python3_runtime-4.9.3-py3-none-any.whl size=144575 sha256=10a98836da19723f9c115910b81e5a6b11529576f0913f1d3f3e4466c2019ae0
#10 198.8   Stored in directory: /root/.cache/pip/wheels/12/93/dd/1f6a127edc45659556564c5730f6d4e300888f4bca2d4c5a88
#10 198.8   Building wheel for moviepy (setup.py): started
#10 199.0   Building wheel for moviepy (setup.py): finished with status 'done'
#10 199.0   Created wheel for moviepy: filename=moviepy-1.0.3-py3-none-any.whl size=110747 sha256=753b2cf2372e3475c476afd02011f18efdfb5e3e37f24d6cb603f307282cbe89
#10 199.0   Stored in directory: /root/.cache/pip/wheels/96/32/2d/e10123bd88fbfc02fed53cc18c80a171d3c87479ed845fa7c1
#10 199.0 Successfully built antlr4-python3-runtime moviepy
#10 200.2 Installing collected packages: tensorboard-plugin-wit, pytz, pydub, libclang, flatbuffers, antlr4-python3-runtime, zipp, wrapt, werkzeug, websockets, tzdata, typing-inspection, tqdm, tomlkit, threadpoolctl, termcolor, tensorflow-io-gcs-filesystem, tensorflow-estimator, tensorboard-data-server, soupsieve, six, shellingham, semantic-version, safetensors, ruff, regex, pyyaml, python-multipart, PySocks, pygments, pydantic-core, pycparser, pyasn1, psutil, protobuf, platformdirs, Pillow, packaging, orjson, opt-einsum, oauthlib, numpy, msgpack, mdurl, markdown, llvmlite, keras, joblib, imageio-ffmpeg, h11, grpcio, groovy, gast, future, fsspec, ffmpy, exceptiongroup, einops, decorator, click, audioread, annotated-types, annotated-doc, aiofiles, absl-py, uvicorn, soxr, scipy, requests-oauthlib, python-dateutil, pydantic, pyasn1-modules, proglog, pooch, opencv-python, omegaconf, numba, ml_dtypes, markdown-it-py, lazy_loader, importlib-metadata, imageio, huggingface_hub, httpcore, h5py, google-pasta, ffmpeg-python, cffi, beautifulsoup4, astunparse, anyio, tokenizers, starlette, soundfile, scikit-learn, rich, pandas, moviepy, jaxlib, httpx, gdown, diffusers, cryptography, typer, transformers, safehttpx, librosa, jax, gradio-client, google-auth, fastapi, gradio, google-auth-oauthlib, tensorboard, tensorflow, accelerate
#10 203.1   Attempting uninstall: Pillow
#10 203.1     Found existing installation: pillow 12.1.1
#10 203.1     Uninstalling pillow-12.1.1:
#10 203.2       Successfully uninstalled pillow-12.1.1
#10 203.7   Attempting uninstall: numpy
#10 203.7     Found existing installation: numpy 2.2.6
#10 204.2     Uninstalling numpy-2.2.6:
#10 205.0       Successfully uninstalled numpy-2.2.6
#10 240.3 Successfully installed Pillow-11.3.0 PySocks-1.7.1 absl-py-2.4.0 accelerate-0.28.0 aiofiles-24.1.0 annotated-doc-0.0.4 annotated-types-0.7.0 antlr4-python3-runtime-4.9.3 anyio-4.13.0 astunparse-1.6.3 audioread-3.1.0 beautifulsoup4-4.14.3 cffi-2.0.0 click-8.3.1 cryptography-46.0.5 decorator-4.4.2 diffusers-0.30.2 einops-0.8.1 exceptiongroup-1.3.1 fastapi-0.135.2 ffmpeg-python-0.2.0 ffmpy-1.0.0 flatbuffers-25.12.19 fsspec-2026.2.0 future-1.0.0 gast-0.4.0 gdown-5.2.1 google-auth-2.49.1 google-auth-oauthlib-0.4.6 google-pasta-0.2.0 gradio-5.24.0 gradio-client-1.8.0 groovy-0.1.2 grpcio-1.78.0 h11-0.16.0 h5py-3.16.0 httpcore-1.0.9 httpx-0.28.1 huggingface_hub-0.30.2 imageio-2.37.3 imageio-ffmpeg-0.6.0 importlib-metadata-9.0.0 jax-0.4.30 jaxlib-0.4.30 joblib-1.5.3 keras-2.12.0 lazy_loader-0.5 libclang-18.1.1 librosa-0.11.0 llvmlite-0.46.0 markdown-3.10.2 markdown-it-py-4.0.0 mdurl-0.1.2 ml_dtypes-0.5.4 moviepy-1.0.3 msgpack-1.1.2 numba-0.64.0 numpy-1.23.5 oauthlib-3.3.1 omegaconf-2.3.0 opencv-python-4.9.0.80 opt-einsum-3.4.0 orjson-3.11.7 packaging-26.0 pandas-2.3.3 platformdirs-4.9.4 pooch-1.9.0 proglog-0.1.12 protobuf-4.25.8 psutil-7.2.2 pyasn1-0.6.3 pyasn1-modules-0.4.2 pycparser-3.0 pydantic-2.11.10 pydantic-core-2.33.2 pydub-0.25.1 pygments-2.19.2 python-dateutil-2.9.0.post0 python-multipart-0.0.22 pytz-2026.1.post1 pyyaml-6.0.3 regex-2026.2.28 requests-oauthlib-2.0.0 rich-14.3.3 ruff-0.15.7 safehttpx-0.1.7 safetensors-0.7.0 scikit-learn-1.7.2 scipy-1.15.3 semantic-version-2.10.0 shellingham-1.5.4 six-1.17.0 soundfile-0.12.1 soupsieve-2.8.3 soxr-1.0.0 starlette-0.52.1 tensorboard-2.12.0 tensorboard-data-server-0.7.2 tensorboard-plugin-wit-1.8.1 tensorflow-2.12.0 tensorflow-estimator-2.12.0 tensorflow-io-gcs-filesystem-0.37.1 termcolor-3.3.0 threadpoolctl-3.6.0 tokenizers-0.15.2 tomlkit-0.13.3 tqdm-4.67.3 transformers-4.39.2 typer-0.24.1 typing-inspection-0.4.2 tzdata-2025.3 uvicorn-0.42.0 websockets-15.0.1 werkzeug-3.1.7 wrapt-1.14.2 zipp-3.23.0
#10 240.3 WARNING: Running pip as the 'root' user can result in broken permissions and conflicting behaviour with the system package manager. It is recommended to use a virtual environment instead: https://pip.pypa.io/warnings/venv
#10 DONE 243.1s

#11 [7/7] RUN pip3 install --no-cache-dir -U openmim &&     mim install mmengine &&     mim install "mmcv==2.0.1" &&     mim install "mmdet==3.1.0" &&     mim install "mmpose==1.1.0"
#11 0.937 Collecting openmim
#11 1.080   Downloading openmim-0.3.9-py2.py3-none-any.whl (52 kB)
#11 1.110      ━━━━━━━━━━━━━━━━━━━━━━━━━━━━━━━━━━━━━━━━ 52.7/52.7 KB 2.3 MB/s eta 0:00:00
#11 1.142 Requirement already satisfied: requests in /usr/local/lib/python3.10/dist-packages (from openmim) (2.28.1)
#11 1.143 Requirement already satisfied: Click in /usr/local/lib/python3.10/dist-packages (from openmim) (8.3.1)
#11 1.143 Requirement already satisfied: rich in /usr/local/lib/python3.10/dist-packages (from openmim) (14.3.3)
#11 1.144 Requirement already satisfied: pip>=19.3 in /usr/lib/python3/dist-packages (from openmim) (22.0.2)
#11 1.185 Collecting colorama
#11 1.205   Downloading colorama-0.4.6-py2.py3-none-any.whl (25 kB)
#11 1.209 Requirement already satisfied: pandas in /usr/local/lib/python3.10/dist-packages (from openmim) (2.3.3)
#11 1.291 Collecting model-index
#11 1.308   Downloading model_index-0.1.11-py3-none-any.whl (34 kB)
#11 1.399 Collecting opendatalab
#11 1.422   Downloading opendatalab-0.0.10-py3-none-any.whl (29 kB)
#11 1.457 Collecting tabulate
#11 1.480   Downloading tabulate-0.10.0-py3-none-any.whl (39 kB)
#11 1.491 Requirement already satisfied: markdown in /usr/local/lib/python3.10/dist-packages (from model-index->openmim) (3.10.2)
#11 1.523 Collecting ordered-set
#11 1.547   Downloading ordered_set-4.1.0-py3-none-any.whl (7.6 kB)
#11 1.549 Requirement already satisfied: pyyaml in /usr/local/lib/python3.10/dist-packages (from model-index->openmim) (6.0.3)
#11 1.650 Collecting openxlab
#11 1.668   Downloading openxlab-0.1.3-py3-none-any.whl (314 kB)
#11 1.712      ━━━━━━━━━━━━━━━━━━━━━━━━━━━━━━━━━━━━━━━ 314.5/314.5 KB 7.4 MB/s eta 0:00:00
#11 1.933 Collecting pycryptodome
#11 1.965   Downloading pycryptodome-3.23.0-cp37-abi3-manylinux_2_17_x86_64.manylinux2014_x86_64.whl (2.3 MB)
#11 2.160      ━━━━━━━━━━━━━━━━━━━━━━━━━━━━━━━━━━━━━━━━ 2.3/2.3 MB 11.7 MB/s eta 0:00:00
#11 2.169 Requirement already satisfied: tqdm in /usr/local/lib/python3.10/dist-packages (from opendatalab->openmim) (4.67.3)
#11 2.174 Requirement already satisfied: urllib3<1.27,>=1.21.1 in /usr/local/lib/python3.10/dist-packages (from requests->openmim) (1.26.13)
#11 2.175 Requirement already satisfied: idna<4,>=2.5 in /usr/local/lib/python3.10/dist-packages (from requests->openmim) (3.4)
#11 2.175 Requirement already satisfied: charset-normalizer<3,>=2 in /usr/local/lib/python3.10/dist-packages (from requests->openmim) (2.1.1)
#11 2.176 Requirement already satisfied: certifi>=2017.4.17 in /usr/local/lib/python3.10/dist-packages (from requests->openmim) (2022.12.7)
#11 2.240 Requirement already satisfied: numpy>=1.22.4 in /usr/local/lib/python3.10/dist-packages (from pandas->openmim) (1.23.5)
#11 2.241 Requirement already satisfied: tzdata>=2022.7 in /usr/local/lib/python3.10/dist-packages (from pandas->openmim) (2025.3)
#11 2.241 Requirement already satisfied: python-dateutil>=2.8.2 in /usr/local/lib/python3.10/dist-packages (from pandas->openmim) (2.9.0.post0)
#11 2.242 Requirement already satisfied: pytz>=2020.1 in /usr/local/lib/python3.10/dist-packages (from pandas->openmim) (2026.1.post1)
#11 2.246 Requirement already satisfied: markdown-it-py>=2.2.0 in /usr/local/lib/python3.10/dist-packages (from rich->openmim) (4.0.0)
#11 2.246 Requirement already satisfied: pygments<3.0.0,>=2.13.0 in /usr/local/lib/python3.10/dist-packages (from rich->openmim) (2.19.2)
#11 2.282 Requirement already satisfied: mdurl~=0.1 in /usr/local/lib/python3.10/dist-packages (from markdown-it-py>=2.2.0->rich->openmim) (0.1.2)
#11 2.287 Requirement already satisfied: six>=1.5 in /usr/local/lib/python3.10/dist-packages (from python-dateutil>=2.8.2->pandas->openmim) (1.17.0)
#11 2.368 Collecting requests
#11 2.387   Downloading requests-2.28.2-py3-none-any.whl (62 kB)
#11 2.395      ━━━━━━━━━━━━━━━━━━━━━━━━━━━━━━━━━━━━━━━━ 62.8/62.8 KB 8.8 MB/s eta 0:00:00
#11 2.439 Collecting packaging~=24.0
#11 2.454   Downloading packaging-24.2-py3-none-any.whl (65 kB)
#11 2.460      ━━━━━━━━━━━━━━━━━━━━━━━━━━━━━━━━━━━━━━━━ 65.5/65.5 KB 13.5 MB/s eta 0:00:00
#11 2.514 Collecting filelock~=3.14.0
#11 2.538   Downloading filelock-3.14.0-py3-none-any.whl (12 kB)
#11 2.665 Collecting rich
#11 2.684   Downloading rich-13.4.2-py3-none-any.whl (239 kB)
#11 2.705      ━━━━━━━━━━━━━━━━━━━━━━━━━━━━━━━━━━━━━━ 239.4/239.4 KB 12.0 MB/s eta 0:00:00
#11 3.048 Collecting setuptools~=60.2.0
#11 3.068   Downloading setuptools-60.2.0-py3-none-any.whl (953 kB)
#11 3.154      ━━━━━━━━━━━━━━━━━━━━━━━━━━━━━━━━━━━━━━ 953.1/953.1 KB 11.8 MB/s eta 0:00:00
#11 3.268 Collecting tqdm
#11 3.286   Downloading tqdm-4.65.2-py3-none-any.whl (77 kB)
#11 3.300      ━━━━━━━━━━━━━━━━━━━━━━━━━━━━━━━━━━━━━━━━ 77.1/77.1 KB 15.2 MB/s eta 0:00:00
#11 3.381 Collecting pytz>=2020.1
#11 3.396   Downloading pytz-2023.4-py2.py3-none-any.whl (506 kB)
#11 3.441      ━━━━━━━━━━━━━━━━━━━━━━━━━━━━━━━━━━━━━━ 506.5/506.5 KB 12.1 MB/s eta 0:00:00
#11 3.534 Collecting oss2~=2.17.0
#11 3.557   Downloading oss2-2.17.0.tar.gz (259 kB)
#11 3.580      ━━━━━━━━━━━━━━━━━━━━━━━━━━━━━━━━━━━━━━ 259.5/259.5 KB 11.7 MB/s eta 0:00:00
#11 3.610   Preparing metadata (setup.py): started
#11 3.759   Preparing metadata (setup.py): finished with status 'done'
#11 3.897 Collecting aliyun-python-sdk-core>=2.13.12
#11 3.920   Downloading aliyun-python-sdk-core-2.16.0.tar.gz (449 kB)
#11 3.958      ━━━━━━━━━━━━━━━━━━━━━━━━━━━━━━━━━━━━━━ 449.6/449.6 KB 12.2 MB/s eta 0:00:00
#11 4.025   Preparing metadata (setup.py): started
#11 4.186   Preparing metadata (setup.py): finished with status 'done'
#11 4.269 Collecting aliyun-python-sdk-kms>=2.4.1
#11 4.289   Downloading aliyun_python_sdk_kms-2.16.5-py2.py3-none-any.whl (99 kB)
#11 4.298      ━━━━━━━━━━━━━━━━━━━━━━━━━━━━━━━━━━━━━━━━ 99.5/99.5 KB 12.8 MB/s eta 0:00:00
#11 4.326 Collecting crcmod>=1.7
#11 4.347   Downloading crcmod-1.7.tar.gz (89 kB)
#11 4.355      ━━━━━━━━━━━━━━━━━━━━━━━━━━━━━━━━━━━━━━━━ 89.7/89.7 KB 12.9 MB/s eta 0:00:00
#11 4.366   Preparing metadata (setup.py): started
#11 4.519   Preparing metadata (setup.py): finished with status 'done'
#11 4.542 Requirement already satisfied: cryptography>=3.0.0 in /usr/local/lib/python3.10/dist-packages (from aliyun-python-sdk-core>=2.13.12->oss2~=2.17.0->openxlab->opendatalab->openmim) (46.0.5)
#11 4.572 Collecting jmespath<1.0.0,>=0.9.3
#11 4.587   Downloading jmespath-0.10.0-py2.py3-none-any.whl (24 kB)
#11 4.622 Requirement already satisfied: cffi>=2.0.0 in /usr/local/lib/python3.10/dist-packages (from cryptography>=3.0.0->aliyun-python-sdk-core>=2.13.12->oss2~=2.17.0->openxlab->opendatalab->openmim) (2.0.0)
#11 4.623 Requirement already satisfied: typing-extensions>=4.13.2 in /usr/local/lib/python3.10/dist-packages (from cryptography>=3.0.0->aliyun-python-sdk-core>=2.13.12->oss2~=2.17.0->openxlab->opendatalab->openmim) (4.15.0)
#11 4.631 Requirement already satisfied: pycparser in /usr/local/lib/python3.10/dist-packages (from cffi>=2.0.0->cryptography>=3.0.0->aliyun-python-sdk-core>=2.13.12->oss2~=2.17.0->openxlab->opendatalab->openmim) (3.0)
#11 4.679 Building wheels for collected packages: oss2, aliyun-python-sdk-core, crcmod
#11 4.679   Building wheel for oss2 (setup.py): started
#11 4.882   Building wheel for oss2 (setup.py): finished with status 'done'
#11 4.883   Created wheel for oss2: filename=oss2-2.17.0-py3-none-any.whl size=112395 sha256=c53d10c0b9bc32e500b2211a71c1503302c14a52678d949383677cb4ca0fae6a
#11 4.883   Stored in directory: /tmp/pip-ephem-wheel-cache-z1s04zi0/wheels/87/04/7b/7e61b8157fdf211c5131375240d0d86ca82e2a88ead9672c88
#11 4.885   Building wheel for aliyun-python-sdk-core (setup.py): started
#11 5.189   Building wheel for aliyun-python-sdk-core (setup.py): finished with status 'done'
#11 5.192   Created wheel for aliyun-python-sdk-core: filename=aliyun_python_sdk_core-2.16.0-py3-none-any.whl size=535327 sha256=1bb2d553066e59555daae87ee00a0e87059d230ab2d7bb39b470c143d4abd3ac
#11 5.192   Stored in directory: /tmp/pip-ephem-wheel-cache-z1s04zi0/wheels/35/11/5e/08e7cb4e03a3e83b4862edd12d1143c8d3936a3dd57a3ee46d
#11 5.196   Building wheel for crcmod (setup.py): started
#11 5.699   Building wheel for crcmod (setup.py): finished with status 'done'
#11 5.700   Created wheel for crcmod: filename=crcmod-1.7-cp310-cp310-linux_x86_64.whl size=31428 sha256=8a4c9dbff6eaed5ab297bfa412421c642f9791a8e19f5c3b80e34a7ff16a2525
#11 5.700   Stored in directory: /tmp/pip-ephem-wheel-cache-z1s04zi0/wheels/85/4c/07/72215c529bd59d67e3dac29711d7aba1b692f543c808ba9e86
#11 5.701 Successfully built oss2 aliyun-python-sdk-core crcmod
#11 7.021 Installing collected packages: pytz, crcmod, tqdm, tabulate, setuptools, requests, pycryptodome, packaging, ordered-set, jmespath, filelock, colorama, rich, model-index, aliyun-python-sdk-core, aliyun-python-sdk-kms, oss2, openxlab, opendatalab, openmim
#11 7.021   Attempting uninstall: pytz
#11 7.023     Found existing installation: pytz 2026.1.post1
#11 7.200     Uninstalling pytz-2026.1.post1:
#11 7.361       Successfully uninstalled pytz-2026.1.post1
#11 7.501   Attempting uninstall: tqdm
#11 7.502     Found existing installation: tqdm 4.67.3
#11 7.535     Uninstalling tqdm-4.67.3:
#11 7.571       Successfully uninstalled tqdm-4.67.3
#11 7.645   Attempting uninstall: setuptools
#11 7.646     Found existing installation: setuptools 59.6.0
#11 7.647     Not uninstalling setuptools at /usr/lib/python3/dist-packages, outside environment /usr
#11 7.647     Can't uninstall 'setuptools'. No files were found to uninstall.
#11 7.944   Attempting uninstall: requests
#11 7.944     Found existing installation: requests 2.28.1
#11 7.962     Uninstalling requests-2.28.1:
#11 7.980       Successfully uninstalled requests-2.28.1
#11 8.369   Attempting uninstall: packaging
#11 8.370     Found existing installation: packaging 26.0
#11 8.388     Uninstalling packaging-26.0:
#11 8.412       Successfully uninstalled packaging-26.0
#11 8.475   Attempting uninstall: filelock
#11 8.476     Found existing installation: filelock 3.25.2
#11 8.487     Uninstalling filelock-3.25.2:
#11 8.507       Successfully uninstalled filelock-3.25.2
#11 8.551   Attempting uninstall: rich
#11 8.551     Found existing installation: rich 14.3.3
#11 8.627     Uninstalling rich-14.3.3:
#11 8.674       Successfully uninstalled rich-14.3.3
#11 9.316 Successfully installed aliyun-python-sdk-core-2.16.0 aliyun-python-sdk-kms-2.16.5 colorama-0.4.6 crcmod-1.7 filelock-3.14.0 jmespath-0.10.0 model-index-0.1.11 opendatalab-0.0.10 openmim-0.3.9 openxlab-0.1.3 ordered-set-4.1.0 oss2-2.17.0 packaging-24.2 pycryptodome-3.23.0 pytz-2023.4 requests-2.28.2 rich-13.4.2 setuptools-60.2.0 tabulate-0.10.0 tqdm-4.65.2
#11 9.316 WARNING: Running pip as the 'root' user can result in broken permissions and conflicting behaviour with the system package manager. It is recommended to use a virtual environment instead: https://pip.pypa.io/warnings/venv
#11 11.44 Looking in links: https://download.openmmlab.com/mmcv/dist/cu118/torch2.0.0/index.html
#11 12.01 /usr/lib/python3/dist-packages/pip/_internal/index/collector.py:355: PipDeprecationWarning: DEPRECATION: The HTML index page being used (https://download.openmmlab.com/mmcv/dist/cu118/torch2.0.0/index.html) is not a proper HTML 5 document. This is in violation of PEP 503 which requires these pages to be well-formed HTML 5 documents. Please reach out to the owners of this index page, and ask them to update this index page to a valid HTML 5 document. pip 22.2 will enforce this behaviour change. Discussion can be found at https://github.com/pypa/pip/issues/10825
#11 12.01   deprecated(
#11 12.36 Collecting mmengine
#11 12.53   Downloading mmengine-0.10.7-py3-none-any.whl (452 kB)
#11 12.65      ━━━━━━━━━━━━━━━━━━━━━━━━━━━━━━━━━━━━━━━ 452.7/452.7 KB 4.0 MB/s eta 0:00:00
#11 12.68 Requirement already satisfied: opencv-python>=3 in /usr/local/lib/python3.10/dist-packages (from mmengine) (4.9.0.80)
#11 12.79 Collecting yapf
#11 12.81   Downloading yapf-0.43.0-py3-none-any.whl (256 kB)
#11 12.84      ━━━━━━━━━━━━━━━━━━━━━━━━━━━━━━━━━━━━━━━ 256.2/256.2 KB 8.0 MB/s eta 0:00:00
#11 12.85 Requirement already satisfied: termcolor in /usr/local/lib/python3.10/dist-packages (from mmengine) (3.3.0)
#11 12.85 Requirement already satisfied: pyyaml in /usr/local/lib/python3.10/dist-packages (from mmengine) (6.0.3)
#11 12.94 Collecting addict
#11 12.95   Downloading addict-2.4.0-py3-none-any.whl (3.8 kB)
#11 12.96 Requirement already satisfied: numpy in /usr/local/lib/python3.10/dist-packages (from mmengine) (1.23.5)
#11 13.44 Collecting matplotlib
#11 13.46   Downloading matplotlib-3.10.8-cp310-cp310-manylinux2014_x86_64.manylinux_2_17_x86_64.whl (8.7 MB)
#11 14.24      ━━━━━━━━━━━━━━━━━━━━━━━━━━━━━━━━━━━━━━━━ 8.7/8.7 MB 11.2 MB/s eta 0:00:00
#11 14.26 Requirement already satisfied: rich in /usr/local/lib/python3.10/dist-packages (from mmengine) (13.4.2)
#11 14.35 Collecting cycler>=0.10
#11 14.37   Downloading cycler-0.12.1-py3-none-any.whl (8.3 kB)
#11 14.61 Collecting contourpy>=1.0.1
#11 14.63   Downloading contourpy-1.3.2-cp310-cp310-manylinux_2_17_x86_64.manylinux2014_x86_64.whl (325 kB)
#11 14.67      ━━━━━━━━━━━━━━━━━━━━━━━━━━━━━━━━━━━━━━━ 325.0/325.0 KB 8.7 MB/s eta 0:00:00
#11 14.77 Collecting pyparsing>=3
#11 14.80   Downloading pyparsing-3.3.2-py3-none-any.whl (122 kB)
#11 14.82      ━━━━━━━━━━━━━━━━━━━━━━━━━━━━━━━━━━━━━━━ 122.8/122.8 KB 6.2 MB/s eta 0:00:00
#11 15.04 Collecting kiwisolver>=1.3.1
#11 15.06   Downloading kiwisolver-1.5.0-cp310-cp310-manylinux_2_12_x86_64.manylinux2010_x86_64.whl (1.6 MB)
#11 15.21      ━━━━━━━━━━━━━━━━━━━━━━━━━━━━━━━━━━━━━━━━ 1.6/1.6 MB 11.3 MB/s eta 0:00:00
#11 15.63 Collecting fonttools>=4.22.0
#11 15.65   Downloading fonttools-4.62.1-cp310-cp310-manylinux2014_x86_64.manylinux_2_17_x86_64.whl (4.9 MB)
#11 16.09      ━━━━━━━━━━━━━━━━━━━━━━━━━━━━━━━━━━━━━━━━ 4.9/4.9 MB 11.2 MB/s eta 0:00:00
#11 16.10 Requirement already satisfied: pillow>=8 in /usr/local/lib/python3.10/dist-packages (from matplotlib->mmengine) (11.3.0)
#11 16.10 Requirement already satisfied: packaging>=20.0 in /usr/local/lib/python3.10/dist-packages (from matplotlib->mmengine) (24.2)
#11 16.10 Requirement already satisfied: python-dateutil>=2.7 in /usr/local/lib/python3.10/dist-packages (from matplotlib->mmengine) (2.9.0.post0)
#11 16.11 Requirement already satisfied: markdown-it-py>=2.2.0 in /usr/local/lib/python3.10/dist-packages (from rich->mmengine) (4.0.0)
#11 16.11 Requirement already satisfied: pygments<3.0.0,>=2.13.0 in /usr/local/lib/python3.10/dist-packages (from rich->mmengine) (2.19.2)
#11 16.22 Collecting tomli>=2.0.1
#11 16.24   Downloading tomli-2.4.0-py3-none-any.whl (14 kB)
#11 16.25 Requirement already satisfied: platformdirs>=3.5.1 in /usr/local/lib/python3.10/dist-packages (from yapf->mmengine) (4.9.4)
#11 16.31 Requirement already satisfied: mdurl~=0.1 in /usr/local/lib/python3.10/dist-packages (from markdown-it-py>=2.2.0->rich->mmengine) (0.1.2)
#11 16.33 Requirement already satisfied: six>=1.5 in /usr/local/lib/python3.10/dist-packages (from python-dateutil>=2.7->matplotlib->mmengine) (1.17.0)
#11 17.51 Installing collected packages: addict, tomli, pyparsing, kiwisolver, fonttools, cycler, contourpy, yapf, matplotlib, mmengine
#11 19.51 Successfully installed addict-2.4.0 contourpy-1.3.2 cycler-0.12.1 fonttools-4.62.1 kiwisolver-1.5.0 matplotlib-3.10.8 mmengine-0.10.7 pyparsing-3.3.2 tomli-2.4.0 yapf-0.43.0
#11 19.51 WARNING: Running pip as the 'root' user can result in broken permissions and conflicting behaviour with the system package manager. It is recommended to use a virtual environment instead: https://pip.pypa.io/warnings/venv
#11 21.69 Looking in links: https://download.openmmlab.com/mmcv/dist/cu118/torch2.0.0/index.html
#11 22.18 /usr/lib/python3/dist-packages/pip/_internal/index/collector.py:355: PipDeprecationWarning: DEPRECATION: The HTML index page being used (https://download.openmmlab.com/mmcv/dist/cu118/torch2.0.0/index.html) is not a proper HTML 5 document. This is in violation of PEP 503 which requires these pages to be well-formed HTML 5 documents. Please reach out to the owners of this index page, and ask them to update this index page to a valid HTML 5 document. pip 22.2 will enforce this behaviour change. Discussion can be found at https://github.com/pypa/pip/issues/10825
#11 22.18   deprecated(
#11 22.48 Collecting mmcv==2.0.1
#11 22.52   Downloading https://download.openmmlab.com/mmcv/dist/cu118/torch2.0.0/mmcv-2.0.1-cp310-cp310-manylinux1_x86_64.whl (74.4 MB)
#11 30.63      ━━━━━━━━━━━━━━━━━━━━━━━━━━━━━━━━━━━━━━━━ 74.4/74.4 MB 8.2 MB/s eta 0:00:00
#11 30.66 Requirement already satisfied: numpy in /usr/local/lib/python3.10/dist-packages (from mmcv==2.0.1) (1.23.5)
#11 30.66 Requirement already satisfied: mmengine>=0.3.0 in /usr/local/lib/python3.10/dist-packages (from mmcv==2.0.1) (0.10.7)
#11 30.66 Requirement already satisfied: yapf in /usr/local/lib/python3.10/dist-packages (from mmcv==2.0.1) (0.43.0)
#11 30.66 Requirement already satisfied: pyyaml in /usr/local/lib/python3.10/dist-packages (from mmcv==2.0.1) (6.0.3)
#11 30.66 Requirement already satisfied: opencv-python>=3 in /usr/local/lib/python3.10/dist-packages (from mmcv==2.0.1) (4.9.0.80)
#11 30.66 Requirement already satisfied: addict in /usr/local/lib/python3.10/dist-packages (from mmcv==2.0.1) (2.4.0)
#11 30.66 Requirement already satisfied: packaging in /usr/local/lib/python3.10/dist-packages (from mmcv==2.0.1) (24.2)
#11 30.66 Requirement already satisfied: Pillow in /usr/local/lib/python3.10/dist-packages (from mmcv==2.0.1) (11.3.0)
#11 30.70 Requirement already satisfied: rich in /usr/local/lib/python3.10/dist-packages (from mmengine>=0.3.0->mmcv==2.0.1) (13.4.2)
#11 30.70 Requirement already satisfied: matplotlib in /usr/local/lib/python3.10/dist-packages (from mmengine>=0.3.0->mmcv==2.0.1) (3.10.8)
#11 30.70 Requirement already satisfied: termcolor in /usr/local/lib/python3.10/dist-packages (from mmengine>=0.3.0->mmcv==2.0.1) (3.3.0)
#11 30.73 Requirement already satisfied: platformdirs>=3.5.1 in /usr/local/lib/python3.10/dist-packages (from yapf->mmcv==2.0.1) (4.9.4)
#11 30.73 Requirement already satisfied: tomli>=2.0.1 in /usr/local/lib/python3.10/dist-packages (from yapf->mmcv==2.0.1) (2.4.0)
#11 30.74 Requirement already satisfied: kiwisolver>=1.3.1 in /usr/local/lib/python3.10/dist-packages (from matplotlib->mmengine>=0.3.0->mmcv==2.0.1) (1.5.0)
#11 30.74 Requirement already satisfied: contourpy>=1.0.1 in /usr/local/lib/python3.10/dist-packages (from matplotlib->mmengine>=0.3.0->mmcv==2.0.1) (1.3.2)
#11 30.74 Requirement already satisfied: python-dateutil>=2.7 in /usr/local/lib/python3.10/dist-packages (from matplotlib->mmengine>=0.3.0->mmcv==2.0.1) (2.9.0.post0)
#11 30.74 Requirement already satisfied: fonttools>=4.22.0 in /usr/local/lib/python3.10/dist-packages (from matplotlib->mmengine>=0.3.0->mmcv==2.0.1) (4.62.1)
#11 30.74 Requirement already satisfied: cycler>=0.10 in /usr/local/lib/python3.10/dist-packages (from matplotlib->mmengine>=0.3.0->mmcv==2.0.1) (0.12.1)
#11 30.74 Requirement already satisfied: pyparsing>=3 in /usr/local/lib/python3.10/dist-packages (from matplotlib->mmengine>=0.3.0->mmcv==2.0.1) (3.3.2)
#11 30.75 Requirement already satisfied: pygments<3.0.0,>=2.13.0 in /usr/local/lib/python3.10/dist-packages (from rich->mmengine>=0.3.0->mmcv==2.0.1) (2.19.2)
#11 30.75 Requirement already satisfied: markdown-it-py>=2.2.0 in /usr/local/lib/python3.10/dist-packages (from rich->mmengine>=0.3.0->mmcv==2.0.1) (4.0.0)
#11 30.80 Requirement already satisfied: mdurl~=0.1 in /usr/local/lib/python3.10/dist-packages (from markdown-it-py>=2.2.0->rich->mmengine>=0.3.0->mmcv==2.0.1) (0.1.2)
#11 30.81 Requirement already satisfied: six>=1.5 in /usr/local/lib/python3.10/dist-packages (from python-dateutil>=2.7->matplotlib->mmengine>=0.3.0->mmcv==2.0.1) (1.17.0)
#11 31.89 Installing collected packages: mmcv
#11 33.06 Successfully installed mmcv-2.0.1
#11 33.06 WARNING: Running pip as the 'root' user can result in broken permissions and conflicting behaviour with the system package manager. It is recommended to use a virtual environment instead: https://pip.pypa.io/warnings/venv
#11 35.20 Looking in links: https://download.openmmlab.com/mmcv/dist/cu118/torch2.0.0/index.html
#11 35.81 /usr/lib/python3/dist-packages/pip/_internal/index/collector.py:355: PipDeprecationWarning: DEPRECATION: The HTML index page being used (https://download.openmmlab.com/mmcv/dist/cu118/torch2.0.0/index.html) is not a proper HTML 5 document. This is in violation of PEP 503 which requires these pages to be well-formed HTML 5 documents. Please reach out to the owners of this index page, and ask them to update this index page to a valid HTML 5 document. pip 22.2 will enforce this behaviour change. Discussion can be found at https://github.com/pypa/pip/issues/10825
#11 35.81   deprecated(
#11 36.13 Collecting mmdet==3.1.0
#11 36.51   Downloading mmdet-3.1.0-py3-none-any.whl (2.0 MB)
#11 36.84      ━━━━━━━━━━━━━━━━━━━━━━━━━━━━━━━━━━━━━━━━ 2.0/2.0 MB 6.2 MB/s eta 0:00:00
#11 37.00 Collecting pycocotools
#11 37.02   Downloading pycocotools-2.0.11-cp310-cp310-manylinux2014_x86_64.manylinux_2_17_x86_64.manylinux_2_28_x86_64.whl (472 kB)
#11 37.07      ━━━━━━━━━━━━━━━━━━━━━━━━━━━━━━━━━━━━━━━ 472.5/472.5 KB 9.8 MB/s eta 0:00:00
#11 37.07 Requirement already satisfied: six in /usr/local/lib/python3.10/dist-packages (from mmdet==3.1.0) (1.17.0)
#11 37.07 Requirement already satisfied: numpy in /usr/local/lib/python3.10/dist-packages (from mmdet==3.1.0) (1.23.5)
#11 37.15 Collecting terminaltables
#11 37.18   Downloading terminaltables-3.1.10-py2.py3-none-any.whl (15 kB)
#11 37.19 Requirement already satisfied: matplotlib in /usr/local/lib/python3.10/dist-packages (from mmdet==3.1.0) (3.10.8)
#11 37.19 Requirement already satisfied: scipy in /usr/local/lib/python3.10/dist-packages (from mmdet==3.1.0) (1.15.3)
#11 37.51 Collecting shapely
#11 37.53   Downloading shapely-2.1.2-cp310-cp310-manylinux2014_x86_64.manylinux_2_17_x86_64.whl (3.1 MB)
#11 37.81      ━━━━━━━━━━━━━━━━━━━━━━━━━━━━━━━━━━━━━━━━ 3.1/3.1 MB 11.1 MB/s eta 0:00:00
#11 37.82 Requirement already satisfied: mmcv<2.1.0,>=2.0.0rc4 in /usr/local/lib/python3.10/dist-packages (from mmdet==3.1.0) (2.0.1)
#11 37.82 Requirement already satisfied: mmengine<1.0.0,>=0.7.1 in /usr/local/lib/python3.10/dist-packages (from mmdet==3.1.0) (0.10.7)
#11 37.84 Requirement already satisfied: packaging in /usr/local/lib/python3.10/dist-packages (from mmcv<2.1.0,>=2.0.0rc4->mmdet==3.1.0) (24.2)
#11 37.84 Requirement already satisfied: yapf in /usr/local/lib/python3.10/dist-packages (from mmcv<2.1.0,>=2.0.0rc4->mmdet==3.1.0) (0.43.0)
#11 37.84 Requirement already satisfied: pyyaml in /usr/local/lib/python3.10/dist-packages (from mmcv<2.1.0,>=2.0.0rc4->mmdet==3.1.0) (6.0.3)
#11 37.84 Requirement already satisfied: Pillow in /usr/local/lib/python3.10/dist-packages (from mmcv<2.1.0,>=2.0.0rc4->mmdet==3.1.0) (11.3.0)
#11 37.84 Requirement already satisfied: addict in /usr/local/lib/python3.10/dist-packages (from mmcv<2.1.0,>=2.0.0rc4->mmdet==3.1.0) (2.4.0)
#11 37.84 Requirement already satisfied: opencv-python>=3 in /usr/local/lib/python3.10/dist-packages (from mmcv<2.1.0,>=2.0.0rc4->mmdet==3.1.0) (4.9.0.80)
#11 37.87 Requirement already satisfied: termcolor in /usr/local/lib/python3.10/dist-packages (from mmengine<1.0.0,>=0.7.1->mmdet==3.1.0) (3.3.0)
#11 37.87 Requirement already satisfied: rich in /usr/local/lib/python3.10/dist-packages (from mmengine<1.0.0,>=0.7.1->mmdet==3.1.0) (13.4.2)
#11 37.88 Requirement already satisfied: cycler>=0.10 in /usr/local/lib/python3.10/dist-packages (from matplotlib->mmdet==3.1.0) (0.12.1)
#11 37.88 Requirement already satisfied: pyparsing>=3 in /usr/local/lib/python3.10/dist-packages (from matplotlib->mmdet==3.1.0) (3.3.2)
#11 37.88 Requirement already satisfied: fonttools>=4.22.0 in /usr/local/lib/python3.10/dist-packages (from matplotlib->mmdet==3.1.0) (4.62.1)
#11 37.88 Requirement already satisfied: kiwisolver>=1.3.1 in /usr/local/lib/python3.10/dist-packages (from matplotlib->mmdet==3.1.0) (1.5.0)
#11 37.88 Requirement already satisfied: python-dateutil>=2.7 in /usr/local/lib/python3.10/dist-packages (from matplotlib->mmdet==3.1.0) (2.9.0.post0)
#11 37.88 Requirement already satisfied: contourpy>=1.0.1 in /usr/local/lib/python3.10/dist-packages (from matplotlib->mmdet==3.1.0) (1.3.2)
#11 37.99 Requirement already satisfied: pygments<3.0.0,>=2.13.0 in /usr/local/lib/python3.10/dist-packages (from rich->mmengine<1.0.0,>=0.7.1->mmdet==3.1.0) (2.19.2)
#11 38.00 Requirement already satisfied: markdown-it-py>=2.2.0 in /usr/local/lib/python3.10/dist-packages (from rich->mmengine<1.0.0,>=0.7.1->mmdet==3.1.0) (4.0.0)
#11 38.00 Requirement already satisfied: platformdirs>=3.5.1 in /usr/local/lib/python3.10/dist-packages (from yapf->mmcv<2.1.0,>=2.0.0rc4->mmdet==3.1.0) (4.9.4)
#11 38.00 Requirement already satisfied: tomli>=2.0.1 in /usr/local/lib/python3.10/dist-packages (from yapf->mmcv<2.1.0,>=2.0.0rc4->mmdet==3.1.0) (2.4.0)
#11 38.02 Requirement already satisfied: mdurl~=0.1 in /usr/local/lib/python3.10/dist-packages (from markdown-it-py>=2.2.0->rich->mmengine<1.0.0,>=0.7.1->mmdet==3.1.0) (0.1.2)
#11 39.16 Installing collected packages: terminaltables, shapely, pycocotools, mmdet
#11 40.34 Successfully installed mmdet-3.1.0 pycocotools-2.0.11 shapely-2.1.2 terminaltables-3.1.10
#11 40.34 WARNING: Running pip as the 'root' user can result in broken permissions and conflicting behaviour with the system package manager. It is recommended to use a virtual environment instead: https://pip.pypa.io/warnings/venv
#11 42.32 Looking in links: https://download.openmmlab.com/mmcv/dist/cu118/torch2.0.0/index.html
#11 42.52 /usr/lib/python3/dist-packages/pip/_internal/index/collector.py:355: PipDeprecationWarning: DEPRECATION: The HTML index page being used (https://download.openmmlab.com/mmcv/dist/cu118/torch2.0.0/index.html) is not a proper HTML 5 document. This is in violation of PEP 503 which requires these pages to be well-formed HTML 5 documents. Please reach out to the owners of this index page, and ask them to update this index page to a valid HTML 5 document. pip 22.2 will enforce this behaviour change. Discussion can be found at https://github.com/pypa/pip/issues/10825
#11 42.52   deprecated(
#11 42.80 Collecting mmpose==1.1.0
#11 42.96   Downloading mmpose-1.1.0-py2.py3-none-any.whl (1.3 MB)
#11 43.15      ━━━━━━━━━━━━━━━━━━━━━━━━━━━━━━━━━━━━━━━━ 1.3/1.3 MB 6.9 MB/s eta 0:00:00
#11 43.19 Requirement already satisfied: matplotlib in /usr/local/lib/python3.10/dist-packages (from mmpose==1.1.0) (3.10.8)
#11 43.19 Requirement already satisfied: opencv-python in /usr/local/lib/python3.10/dist-packages (from mmpose==1.1.0) (4.9.0.80)
#11 43.19 Requirement already satisfied: torchvision in /usr/local/lib/python3.10/dist-packages (from mmpose==1.1.0) (0.15.2+cu118)
#11 43.19 Requirement already satisfied: scipy in /usr/local/lib/python3.10/dist-packages (from mmpose==1.1.0) (1.15.3)
#11 43.26 Collecting munkres
#11 43.28   Downloading munkres-1.1.4-py2.py3-none-any.whl (7.0 kB)
#11 43.43 Collecting chumpy
#11 43.45   Downloading chumpy-0.70.tar.gz (50 kB)
#11 43.46      ━━━━━━━━━━━━━━━━━━━━━━━━━━━━━━━━━━━━━━━━ 50.6/50.6 KB 4.2 MB/s eta 0:00:00
#11 43.46   Preparing metadata (setup.py): started
#11 43.86   Preparing metadata (setup.py): finished with status 'done'
#11 43.87 Requirement already satisfied: numpy in /usr/local/lib/python3.10/dist-packages (from mmpose==1.1.0) (1.23.5)
#11 44.03 Collecting xtcocotools>=1.12
#11 44.05   Downloading xtcocotools-1.14.3-cp310-cp310-manylinux1_x86_64.whl (436 kB)
#11 44.10      ━━━━━━━━━━━━━━━━━━━━━━━━━━━━━━━━━━━━━━━ 436.0/436.0 KB 9.7 MB/s eta 0:00:00
#11 44.10 Requirement already satisfied: pillow in /usr/local/lib/python3.10/dist-packages (from mmpose==1.1.0) (11.3.0)
#11 44.19 Collecting json-tricks
#11 44.20   Downloading json_tricks-3.17.3-py2.py3-none-any.whl (27 kB)
#11 44.22 Requirement already satisfied: mmdet<3.2.0,>=3.0.0 in /usr/local/lib/python3.10/dist-packages (from mmpose==1.1.0) (3.1.0)
#11 44.22 Requirement already satisfied: mmcv<2.1.0,>=2.0.0 in /usr/local/lib/python3.10/dist-packages (from mmpose==1.1.0) (2.0.1)
#11 44.22 Requirement already satisfied: mmengine<1.0.0,>=0.4.0 in /usr/local/lib/python3.10/dist-packages (from mmpose==1.1.0) (0.10.7)
#11 44.24 Requirement already satisfied: packaging in /usr/local/lib/python3.10/dist-packages (from mmcv<2.1.0,>=2.0.0->mmpose==1.1.0) (24.2)
#11 44.24 Requirement already satisfied: pyyaml in /usr/local/lib/python3.10/dist-packages (from mmcv<2.1.0,>=2.0.0->mmpose==1.1.0) (6.0.3)
#11 44.24 Requirement already satisfied: addict in /usr/local/lib/python3.10/dist-packages (from mmcv<2.1.0,>=2.0.0->mmpose==1.1.0) (2.4.0)
#11 44.24 Requirement already satisfied: yapf in /usr/local/lib/python3.10/dist-packages (from mmcv<2.1.0,>=2.0.0->mmpose==1.1.0) (0.43.0)
#11 44.27 Requirement already satisfied: shapely in /usr/local/lib/python3.10/dist-packages (from mmdet<3.2.0,>=3.0.0->mmpose==1.1.0) (2.1.2)
#11 44.27 Requirement already satisfied: terminaltables in /usr/local/lib/python3.10/dist-packages (from mmdet<3.2.0,>=3.0.0->mmpose==1.1.0) (3.1.10)
#11 44.27 Requirement already satisfied: six in /usr/local/lib/python3.10/dist-packages (from mmdet<3.2.0,>=3.0.0->mmpose==1.1.0) (1.17.0)
#11 44.27 Requirement already satisfied: pycocotools in /usr/local/lib/python3.10/dist-packages (from mmdet<3.2.0,>=3.0.0->mmpose==1.1.0) (2.0.11)
#11 44.29 Requirement already satisfied: rich in /usr/local/lib/python3.10/dist-packages (from mmengine<1.0.0,>=0.4.0->mmpose==1.1.0) (13.4.2)
#11 44.29 Requirement already satisfied: termcolor in /usr/local/lib/python3.10/dist-packages (from mmengine<1.0.0,>=0.4.0->mmpose==1.1.0) (3.3.0)
#11 44.31 Requirement already satisfied: setuptools>=18.0 in /usr/local/lib/python3.10/dist-packages (from xtcocotools>=1.12->mmpose==1.1.0) (60.2.0)
#11 44.93 Collecting cython>=0.27.3
#11 44.95   Downloading cython-3.2.4-cp310-cp310-manylinux2014_x86_64.manylinux_2_17_x86_64.manylinux_2_28_x86_64.whl (3.5 MB)
#11 45.27      ━━━━━━━━━━━━━━━━━━━━━━━━━━━━━━━━━━━━━━━━ 3.5/3.5 MB 10.9 MB/s eta 0:00:00
#11 45.29 Requirement already satisfied: cycler>=0.10 in /usr/local/lib/python3.10/dist-packages (from matplotlib->mmpose==1.1.0) (0.12.1)
#11 45.29 Requirement already satisfied: contourpy>=1.0.1 in /usr/local/lib/python3.10/dist-packages (from matplotlib->mmpose==1.1.0) (1.3.2)
#11 45.29 Requirement already satisfied: kiwisolver>=1.3.1 in /usr/local/lib/python3.10/dist-packages (from matplotlib->mmpose==1.1.0) (1.5.0)
#11 45.29 Requirement already satisfied: python-dateutil>=2.7 in /usr/local/lib/python3.10/dist-packages (from matplotlib->mmpose==1.1.0) (2.9.0.post0)
#11 45.29 Requirement already satisfied: pyparsing>=3 in /usr/local/lib/python3.10/dist-packages (from matplotlib->mmpose==1.1.0) (3.3.2)
#11 45.29 Requirement already satisfied: fonttools>=4.22.0 in /usr/local/lib/python3.10/dist-packages (from matplotlib->mmpose==1.1.0) (4.62.1)
#11 45.34 Requirement already satisfied: requests in /usr/local/lib/python3.10/dist-packages (from torchvision->mmpose==1.1.0) (2.28.2)
#11 45.34 Requirement already satisfied: torch==2.0.1 in /usr/local/lib/python3.10/dist-packages (from torchvision->mmpose==1.1.0) (2.0.1+cu118)
#11 45.34 Requirement already satisfied: jinja2 in /usr/local/lib/python3.10/dist-packages (from torch==2.0.1->torchvision->mmpose==1.1.0) (3.1.6)
#11 45.34 Requirement already satisfied: filelock in /usr/local/lib/python3.10/dist-packages (from torch==2.0.1->torchvision->mmpose==1.1.0) (3.14.0)
#11 45.35 Requirement already satisfied: typing-extensions in /usr/local/lib/python3.10/dist-packages (from torch==2.0.1->torchvision->mmpose==1.1.0) (4.15.0)
#11 45.35 Requirement already satisfied: networkx in /usr/local/lib/python3.10/dist-packages (from torch==2.0.1->torchvision->mmpose==1.1.0) (3.4.2)
#11 45.35 Requirement already satisfied: sympy in /usr/local/lib/python3.10/dist-packages (from torch==2.0.1->torchvision->mmpose==1.1.0) (1.14.0)
#11 45.35 Requirement already satisfied: triton==2.0.0 in /usr/local/lib/python3.10/dist-packages (from torch==2.0.1->torchvision->mmpose==1.1.0) (2.0.0)
#11 45.35 Requirement already satisfied: lit in /usr/local/lib/python3.10/dist-packages (from triton==2.0.0->torch==2.0.1->torchvision->mmpose==1.1.0) (15.0.7)
#11 45.35 Requirement already satisfied: cmake in /usr/local/lib/python3.10/dist-packages (from triton==2.0.0->torch==2.0.1->torchvision->mmpose==1.1.0) (3.25.0)
#11 45.41 Requirement already satisfied: urllib3<1.27,>=1.21.1 in /usr/local/lib/python3.10/dist-packages (from requests->torchvision->mmpose==1.1.0) (1.26.13)
#11 45.42 Requirement already satisfied: certifi>=2017.4.17 in /usr/local/lib/python3.10/dist-packages (from requests->torchvision->mmpose==1.1.0) (2022.12.7)
#11 45.42 Requirement already satisfied: charset-normalizer<4,>=2 in /usr/local/lib/python3.10/dist-packages (from requests->torchvision->mmpose==1.1.0) (2.1.1)
#11 45.42 Requirement already satisfied: idna<4,>=2.5 in /usr/local/lib/python3.10/dist-packages (from requests->torchvision->mmpose==1.1.0) (3.4)
#11 45.42 Requirement already satisfied: pygments<3.0.0,>=2.13.0 in /usr/local/lib/python3.10/dist-packages (from rich->mmengine<1.0.0,>=0.4.0->mmpose==1.1.0) (2.19.2)
#11 45.42 Requirement already satisfied: markdown-it-py>=2.2.0 in /usr/local/lib/python3.10/dist-packages (from rich->mmengine<1.0.0,>=0.4.0->mmpose==1.1.0) (4.0.0)
#11 45.44 Requirement already satisfied: platformdirs>=3.5.1 in /usr/local/lib/python3.10/dist-packages (from yapf->mmcv<2.1.0,>=2.0.0->mmpose==1.1.0) (4.9.4)
#11 45.44 Requirement already satisfied: tomli>=2.0.1 in /usr/local/lib/python3.10/dist-packages (from yapf->mmcv<2.1.0,>=2.0.0->mmpose==1.1.0) (2.4.0)
#11 45.46 Requirement already satisfied: mdurl~=0.1 in /usr/local/lib/python3.10/dist-packages (from markdown-it-py>=2.2.0->rich->mmengine<1.0.0,>=0.4.0->mmpose==1.1.0) (0.1.2)
#11 45.49 Requirement already satisfied: MarkupSafe>=2.0 in /usr/local/lib/python3.10/dist-packages (from jinja2->torch==2.0.1->torchvision->mmpose==1.1.0) (3.0.2)
#11 45.51 Requirement already satisfied: mpmath<1.4,>=1.1.0 in /usr/local/lib/python3.10/dist-packages (from sympy->torch==2.0.1->torchvision->mmpose==1.1.0) (1.3.0)
#11 45.56 Building wheels for collected packages: chumpy
#11 45.57   Building wheel for chumpy (setup.py): started
#11 45.94   Building wheel for chumpy (setup.py): finished with status 'done'
#11 45.94   Created wheel for chumpy: filename=chumpy-0.70-py3-none-any.whl size=58285 sha256=28de369411908298311ad24c701e04094a17ea1a3edd87df6e52e7732da2d8ad
#11 45.94   Stored in directory: /root/.cache/pip/wheels/e0/c1/ef/29ba7be03653a29ef6f2c3e1956d6c4d8877f2b243af411db1
#11 45.94 Successfully built chumpy
#11 46.99 Installing collected packages: munkres, json-tricks, cython, chumpy, xtcocotools, mmpose
#11 48.22 Successfully installed chumpy-0.70 cython-3.2.4 json-tricks-3.17.3 mmpose-1.1.0 munkres-1.1.4 xtcocotools-1.14.3
#11 48.22 WARNING: Running pip as the 'root' user can result in broken permissions and conflicting behaviour with the system package manager. It is recommended to use a virtual environment instead: https://pip.pypa.io/warnings/venv
#11 DONE 50.0s

#12 exporting to image
#12 exporting layers
#12 exporting layers 630.9s done
#12 exporting manifest sha256:458e95944de8dc15e7c2178bdc81b8f42546a563c53934262e07204fd1d5ef0c 0.0s done
#12 exporting config sha256:c90b60a955eade02c84fe06a68357e1674692daa9809d7f4cc3e84e34bd12cae 0.0s done
#12 exporting attestation manifest sha256:40cecf0a8ae8b44758c48989be621ba03c6225944dfd0c38aaced4a8743c1b44
#12 exporting attestation manifest sha256:40cecf0a8ae8b44758c48989be621ba03c6225944dfd0c38aaced4a8743c1b44 0.1s done
#12 exporting manifest list sha256:0189a3771ca515ed4b39cf278eb92bbb1509de403041fc1c153ae8311359e8ec 0.0s done
#12 naming to docker.io/library/musetalk:local
#12 naming to docker.io/library/musetalk:local done
#12 unpacking to docker.io/library/musetalk:local
#12 unpacking to docker.io/library/musetalk:local 201.4s done
#12 DONE 832.6s
