2026-03-24 10:09:47.317396: I tensorflow/tsl/cuda/cudart_stub.cc:28] Could not find cuda drivers on your machine, GPU will not be used.
2026-03-24 10:09:47.351231: I tensorflow/core/platform/cpu_feature_guard.cc:182] This TensorFlow binary is optimized to use available CPU instructions in performance-critical operations.
To enable the following instructions: AVX2 FMA, in other operations, rebuild TensorFlow with the appropriate compiler flags.
2026-03-24 10:09:47.967439: W tensorflow/compiler/tf2tensorrt/utils/py_utils.cc:38] TF-TRT Warning: Could not find TensorRT
All required model files exist.
Traceback (most recent call last):
  File "/home/rob/ai-projects/MuseTalk/app.py", line 172, in <module>
    from musetalk.utils.preprocessing import get_landmark_and_bbox, read_imgs, coord_placeholder, get_bbox_range
  File "/home/rob/ai-projects/MuseTalk/musetalk/utils/preprocessing.py", line 10, in <module>
    from mmpose.apis import inference_topdown, init_model
  File "/home/rob/ai-projects/MuseTalk/.venv/lib/python3.10/site-packages/mmpose/apis/__init__.py", line 2, in <module>
    from .inference import (collect_multi_frames, inference_bottomup,
  File "/home/rob/ai-projects/MuseTalk/.venv/lib/python3.10/site-packages/mmpose/apis/inference.py", line 17, in <module>
    from mmpose.models.builder import build_pose_estimator
  File "/home/rob/ai-projects/MuseTalk/.venv/lib/python3.10/site-packages/mmpose/models/__init__.py", line 8, in <module>
    from .heads import *  # noqa
  File "/home/rob/ai-projects/MuseTalk/.venv/lib/python3.10/site-packages/mmpose/models/heads/__init__.py", line 11, in <module>
    from .transformer_heads import EDPoseHead
  File "/home/rob/ai-projects/MuseTalk/.venv/lib/python3.10/site-packages/mmpose/models/heads/transformer_heads/__init__.py", line 2, in <module>
    from .edpose_head import EDPoseHead
  File "/home/rob/ai-projects/MuseTalk/.venv/lib/python3.10/site-packages/mmpose/models/heads/transformer_heads/edpose_head.py", line 14, in <module>
    from mmcv.ops import MultiScaleDeformableAttention
  File "/home/rob/ai-projects/MuseTalk/.venv/lib/python3.10/site-packages/mmcv/ops/__init__.py", line 2, in <module>
    from .active_rotated_filter import active_rotated_filter
  File "/home/rob/ai-projects/MuseTalk/.venv/lib/python3.10/site-packages/mmcv/ops/active_rotated_filter.py", line 10, in <module>
    ext_module = ext_loader.load_ext(
  File "/home/rob/ai-projects/MuseTalk/.venv/lib/python3.10/site-packages/mmcv/utils/ext_loader.py", line 13, in load_ext
    ext = importlib.import_module('mmcv.' + name)
  File "/usr/lib/python3.10/importlib/__init__.py", line 126, in import_module
    return _bootstrap._gcd_import(name[level:], package, level)
ImportError: /home/rob/ai-projects/MuseTalk/.venv/lib/python3.10/site-packages/mmcv/_ext.cpython-310-x86_64-linux-gnu.so: undefined symbol: _ZN2at4_ops10zeros_like4callERKNS_6TensorEN3c108optionalINS5_10ScalarTypeEEENS6_INS5_6LayoutEEENS6_INS5_6DeviceEEENS6_IbEENS6_INS5_12MemoryFormatEEE
