Collecting diffusers==0.30.2 (from -r requirements.txt (line 1))
  Downloading diffusers-0.30.2-py3-none-any.whl.metadata (18 kB)
Collecting accelerate==0.28.0 (from -r requirements.txt (line 2))
  Downloading accelerate-0.28.0-py3-none-any.whl.metadata (18 kB)
Collecting numpy==1.23.5 (from -r requirements.txt (line 3))
  Downloading numpy-1.23.5-cp310-cp310-manylinux_2_17_x86_64.manylinux2014_x86_64.whl.metadata (2.3 kB)
Collecting tensorflow==2.12.0 (from -r requirements.txt (line 4))
  Downloading tensorflow-2.12.0-cp310-cp310-manylinux_2_17_x86_64.manylinux2014_x86_64.whl.metadata (3.4 kB)
Collecting tensorboard==2.12.0 (from -r requirements.txt (line 5))
  Downloading tensorboard-2.12.0-py3-none-any.whl.metadata (1.8 kB)
Collecting opencv-python==4.9.0.80 (from -r requirements.txt (line 6))
  Downloading opencv_python-4.9.0.80-cp37-abi3-manylinux_2_17_x86_64.manylinux2014_x86_64.whl.metadata (20 kB)
Collecting soundfile==0.12.1 (from -r requirements.txt (line 7))
  Downloading soundfile-0.12.1-py2.py3-none-manylinux_2_31_x86_64.whl.metadata (14 kB)
Collecting transformers==4.39.2 (from -r requirements.txt (line 8))
  Downloading transformers-4.39.2-py3-none-any.whl.metadata (134 kB)
Collecting huggingface_hub==0.30.2 (from -r requirements.txt (line 9))
  Downloading huggingface_hub-0.30.2-py3-none-any.whl.metadata (13 kB)
Collecting librosa==0.11.0 (from -r requirements.txt (line 10))
  Downloading librosa-0.11.0-py3-none-any.whl.metadata (8.7 kB)
Collecting einops==0.8.1 (from -r requirements.txt (line 11))
  Downloading einops-0.8.1-py3-none-any.whl.metadata (13 kB)
Collecting gradio==5.24.0 (from -r requirements.txt (line 12))
  Downloading gradio-5.24.0-py3-none-any.whl.metadata (16 kB)
Collecting gdown (from -r requirements.txt (line 14))
  Downloading gdown-5.2.1-py3-none-any.whl.metadata (5.8 kB)
Collecting requests (from -r requirements.txt (line 15))
  Using cached requests-2.32.5-py3-none-any.whl.metadata (4.9 kB)
Collecting omegaconf (from -r requirements.txt (line 18))
  Downloading omegaconf-2.3.0-py3-none-any.whl.metadata (3.9 kB)
Collecting ffmpeg-python (from -r requirements.txt (line 19))
  Downloading ffmpeg_python-0.2.0-py3-none-any.whl.metadata (1.7 kB)
Collecting moviepy (from -r requirements.txt (line 20))
  Downloading moviepy-2.2.1-py3-none-any.whl.metadata (6.9 kB)
Collecting imageio[ffmpeg] (from -r requirements.txt (line 16))
  Downloading imageio-2.37.3-py3-none-any.whl.metadata (9.7 kB)
Collecting importlib-metadata (from diffusers==0.30.2->-r requirements.txt (line 1))
  Downloading importlib_metadata-9.0.0-py3-none-any.whl.metadata (4.5 kB)
Collecting filelock (from diffusers==0.30.2->-r requirements.txt (line 1))
  Using cached filelock-3.25.2-py3-none-any.whl.metadata (2.0 kB)
Collecting regex!=2019.12.17 (from diffusers==0.30.2->-r requirements.txt (line 1))
  Using cached regex-2026.2.28-cp310-cp310-manylinux2014_x86_64.manylinux_2_17_x86_64.manylinux_2_28_x86_64.whl.metadata (40 kB)
Collecting safetensors>=0.3.1 (from diffusers==0.30.2->-r requirements.txt (line 1))
  Downloading safetensors-0.7.0-cp38-abi3-manylinux_2_17_x86_64.manylinux2014_x86_64.whl.metadata (4.1 kB)
Collecting Pillow (from diffusers==0.30.2->-r requirements.txt (line 1))
  Using cached pillow-12.1.1-cp310-cp310-manylinux_2_27_x86_64.manylinux_2_28_x86_64.whl.metadata (8.8 kB)
Collecting packaging>=20.0 (from accelerate==0.28.0->-r requirements.txt (line 2))
  Using cached packaging-26.0-py3-none-any.whl.metadata (3.3 kB)
Collecting psutil (from accelerate==0.28.0->-r requirements.txt (line 2))
  Using cached psutil-7.2.2-cp36-abi3-manylinux2010_x86_64.manylinux_2_12_x86_64.manylinux_2_28_x86_64.whl.metadata (22 kB)
Collecting pyyaml (from accelerate==0.28.0->-r requirements.txt (line 2))
  Downloading pyyaml-6.0.3-cp310-cp310-manylinux2014_x86_64.manylinux_2_17_x86_64.manylinux_2_28_x86_64.whl.metadata (2.4 kB)
Collecting torch>=1.10.0 (from accelerate==0.28.0->-r requirements.txt (line 2))
  Downloading torch-2.11.0-cp310-cp310-manylinux_2_28_x86_64.whl.metadata (29 kB)
Collecting absl-py>=1.0.0 (from tensorflow==2.12.0->-r requirements.txt (line 4))
  Downloading absl_py-2.4.0-py3-none-any.whl.metadata (3.3 kB)
Collecting astunparse>=1.6.0 (from tensorflow==2.12.0->-r requirements.txt (line 4))
  Downloading astunparse-1.6.3-py2.py3-none-any.whl.metadata (4.4 kB)
Collecting flatbuffers>=2.0 (from tensorflow==2.12.0->-r requirements.txt (line 4))
  Downloading flatbuffers-25.12.19-py2.py3-none-any.whl.metadata (1.0 kB)
Collecting gast<=0.4.0,>=0.2.1 (from tensorflow==2.12.0->-r requirements.txt (line 4))
  Downloading gast-0.4.0-py3-none-any.whl.metadata (1.1 kB)
Collecting google-pasta>=0.1.1 (from tensorflow==2.12.0->-r requirements.txt (line 4))
  Downloading google_pasta-0.2.0-py3-none-any.whl.metadata (814 bytes)
Collecting grpcio<2.0,>=1.24.3 (from tensorflow==2.12.0->-r requirements.txt (line 4))
  Downloading grpcio-1.78.0-cp310-cp310-manylinux2014_x86_64.manylinux_2_17_x86_64.whl.metadata (3.8 kB)
Collecting h5py>=2.9.0 (from tensorflow==2.12.0->-r requirements.txt (line 4))
  Downloading h5py-3.16.0-cp310-cp310-manylinux_2_28_x86_64.whl.metadata (3.0 kB)
Collecting jax>=0.3.15 (from tensorflow==2.12.0->-r requirements.txt (line 4))
  Downloading jax-0.6.2-py3-none-any.whl.metadata (13 kB)
Collecting keras<2.13,>=2.12.0 (from tensorflow==2.12.0->-r requirements.txt (line 4))
  Downloading keras-2.12.0-py2.py3-none-any.whl.metadata (1.4 kB)
Collecting libclang>=13.0.0 (from tensorflow==2.12.0->-r requirements.txt (line 4))
  Downloading libclang-18.1.1-py2.py3-none-manylinux2010_x86_64.whl.metadata (5.2 kB)
Collecting opt-einsum>=2.3.2 (from tensorflow==2.12.0->-r requirements.txt (line 4))
  Downloading opt_einsum-3.4.0-py3-none-any.whl.metadata (6.3 kB)
Collecting protobuf!=4.21.0,!=4.21.1,!=4.21.2,!=4.21.3,!=4.21.4,!=4.21.5,<5.0.0dev,>=3.20.3 (from tensorflow==2.12.0->-r requirements.txt (line 4))
  Downloading protobuf-4.25.8-cp37-abi3-manylinux2014_x86_64.whl.metadata (541 bytes)
Requirement already satisfied: setuptools in ./.venv/lib/python3.10/site-packages (from tensorflow==2.12.0->-r requirements.txt (line 4)) (79.0.1)
Collecting six>=1.12.0 (from tensorflow==2.12.0->-r requirements.txt (line 4))
  Using cached six-1.17.0-py2.py3-none-any.whl.metadata (1.7 kB)
Collecting tensorflow-estimator<2.13,>=2.12.0 (from tensorflow==2.12.0->-r requirements.txt (line 4))
  Downloading tensorflow_estimator-2.12.0-py2.py3-none-any.whl.metadata (1.3 kB)
Collecting termcolor>=1.1.0 (from tensorflow==2.12.0->-r requirements.txt (line 4))
  Downloading termcolor-3.3.0-py3-none-any.whl.metadata (6.5 kB)
Collecting typing-extensions>=3.6.6 (from tensorflow==2.12.0->-r requirements.txt (line 4))
  Using cached typing_extensions-4.15.0-py3-none-any.whl.metadata (3.3 kB)
Collecting wrapt<1.15,>=1.11.0 (from tensorflow==2.12.0->-r requirements.txt (line 4))
  Downloading wrapt-1.14.2-cp310-cp310-manylinux1_x86_64.manylinux_2_28_x86_64.manylinux_2_5_x86_64.whl.metadata (6.5 kB)
Collecting tensorflow-io-gcs-filesystem>=0.23.1 (from tensorflow==2.12.0->-r requirements.txt (line 4))
  Downloading tensorflow_io_gcs_filesystem-0.37.1-cp310-cp310-manylinux_2_17_x86_64.manylinux2014_x86_64.whl.metadata (14 kB)
Collecting google-auth<3,>=1.6.3 (from tensorboard==2.12.0->-r requirements.txt (line 5))
  Downloading google_auth-2.49.1-py3-none-any.whl.metadata (6.2 kB)
Collecting google-auth-oauthlib<0.5,>=0.4.1 (from tensorboard==2.12.0->-r requirements.txt (line 5))
  Downloading google_auth_oauthlib-0.4.6-py2.py3-none-any.whl.metadata (2.7 kB)
Collecting markdown>=2.6.8 (from tensorboard==2.12.0->-r requirements.txt (line 5))
  Downloading markdown-3.10.2-py3-none-any.whl.metadata (5.1 kB)
Collecting tensorboard-data-server<0.8.0,>=0.7.0 (from tensorboard==2.12.0->-r requirements.txt (line 5))
  Downloading tensorboard_data_server-0.7.2-py3-none-manylinux_2_31_x86_64.whl.metadata (1.1 kB)
Collecting tensorboard-plugin-wit>=1.6.0 (from tensorboard==2.12.0->-r requirements.txt (line 5))
  Downloading tensorboard_plugin_wit-1.8.1-py3-none-any.whl.metadata (873 bytes)
Collecting werkzeug>=1.0.1 (from tensorboard==2.12.0->-r requirements.txt (line 5))
  Downloading werkzeug-3.1.7-py3-none-any.whl.metadata (4.0 kB)
Collecting wheel>=0.26 (from tensorboard==2.12.0->-r requirements.txt (line 5))
  Using cached wheel-0.46.3-py3-none-any.whl.metadata (2.4 kB)
Collecting cffi>=1.0 (from soundfile==0.12.1->-r requirements.txt (line 7))
  Downloading cffi-2.0.0-cp310-cp310-manylinux2014_x86_64.manylinux_2_17_x86_64.whl.metadata (2.6 kB)
Collecting tokenizers<0.19,>=0.14 (from transformers==4.39.2->-r requirements.txt (line 8))
  Downloading tokenizers-0.15.2-cp310-cp310-manylinux_2_17_x86_64.manylinux2014_x86_64.whl.metadata (6.7 kB)
Collecting tqdm>=4.27 (from transformers==4.39.2->-r requirements.txt (line 8))
  Using cached tqdm-4.67.3-py3-none-any.whl.metadata (57 kB)
Collecting fsspec>=2023.5.0 (from huggingface_hub==0.30.2->-r requirements.txt (line 9))
  Using cached fsspec-2026.2.0-py3-none-any.whl.metadata (10 kB)
Collecting audioread>=2.1.9 (from librosa==0.11.0->-r requirements.txt (line 10))
  Downloading audioread-3.1.0-py3-none-any.whl.metadata (9.0 kB)
Collecting numba>=0.51.0 (from librosa==0.11.0->-r requirements.txt (line 10))
  Downloading numba-0.64.0-cp310-cp310-manylinux2014_x86_64.manylinux_2_17_x86_64.whl.metadata (2.9 kB)
Collecting scipy>=1.6.0 (from librosa==0.11.0->-r requirements.txt (line 10))
  Downloading scipy-1.15.3-cp310-cp310-manylinux_2_17_x86_64.manylinux2014_x86_64.whl.metadata (61 kB)
Collecting scikit-learn>=1.1.0 (from librosa==0.11.0->-r requirements.txt (line 10))
  Downloading scikit_learn-1.7.2-cp310-cp310-manylinux2014_x86_64.manylinux_2_17_x86_64.whl.metadata (11 kB)
Collecting joblib>=1.0 (from librosa==0.11.0->-r requirements.txt (line 10))
  Using cached joblib-1.5.3-py3-none-any.whl.metadata (5.5 kB)
Collecting decorator>=4.3.0 (from librosa==0.11.0->-r requirements.txt (line 10))
  Downloading decorator-5.2.1-py3-none-any.whl.metadata (3.9 kB)
Collecting pooch>=1.1 (from librosa==0.11.0->-r requirements.txt (line 10))
  Downloading pooch-1.9.0-py3-none-any.whl.metadata (10 kB)
Collecting soxr>=0.3.2 (from librosa==0.11.0->-r requirements.txt (line 10))
  Downloading soxr-1.0.0-cp310-cp310-manylinux_2_27_x86_64.manylinux_2_28_x86_64.whl.metadata (5.6 kB)
Collecting lazy_loader>=0.1 (from librosa==0.11.0->-r requirements.txt (line 10))
  Downloading lazy_loader-0.5-py3-none-any.whl.metadata (5.9 kB)
Collecting msgpack>=1.0 (from librosa==0.11.0->-r requirements.txt (line 10))
  Downloading msgpack-1.1.2-cp310-cp310-manylinux2014_x86_64.manylinux_2_17_x86_64.manylinux_2_28_x86_64.whl.metadata (8.1 kB)
Collecting aiofiles<25.0,>=22.0 (from gradio==5.24.0->-r requirements.txt (line 12))
  Downloading aiofiles-24.1.0-py3-none-any.whl.metadata (10 kB)
Collecting anyio<5.0,>=3.0 (from gradio==5.24.0->-r requirements.txt (line 12))
  Downloading anyio-4.13.0-py3-none-any.whl.metadata (4.5 kB)
Collecting fastapi<1.0,>=0.115.2 (from gradio==5.24.0->-r requirements.txt (line 12))
  Downloading fastapi-0.135.2-py3-none-any.whl.metadata (28 kB)
Collecting ffmpy (from gradio==5.24.0->-r requirements.txt (line 12))
  Downloading ffmpy-1.0.0-py3-none-any.whl.metadata (3.0 kB)
Collecting gradio-client==1.8.0 (from gradio==5.24.0->-r requirements.txt (line 12))
  Downloading gradio_client-1.8.0-py3-none-any.whl.metadata (7.1 kB)
Collecting groovy~=0.1 (from gradio==5.24.0->-r requirements.txt (line 12))
  Downloading groovy-0.1.2-py3-none-any.whl.metadata (6.1 kB)
Collecting httpx>=0.24.1 (from gradio==5.24.0->-r requirements.txt (line 12))
  Downloading httpx-0.28.1-py3-none-any.whl.metadata (7.1 kB)
Collecting jinja2<4.0 (from gradio==5.24.0->-r requirements.txt (line 12))
  Using cached jinja2-3.1.6-py3-none-any.whl.metadata (2.9 kB)
Collecting markupsafe<4.0,>=2.0 (from gradio==5.24.0->-r requirements.txt (line 12))
  Downloading markupsafe-3.0.3-cp310-cp310-manylinux2014_x86_64.manylinux_2_17_x86_64.manylinux_2_28_x86_64.whl.metadata (2.7 kB)
Collecting orjson~=3.0 (from gradio==5.24.0->-r requirements.txt (line 12))
  Downloading orjson-3.11.7-cp310-cp310-manylinux_2_17_x86_64.manylinux2014_x86_64.whl.metadata (41 kB)
Collecting pandas<3.0,>=1.0 (from gradio==5.24.0->-r requirements.txt (line 12))
  Downloading pandas-2.3.3-cp310-cp310-manylinux_2_24_x86_64.manylinux_2_28_x86_64.whl.metadata (91 kB)
Collecting Pillow (from diffusers==0.30.2->-r requirements.txt (line 1))
  Downloading pillow-11.3.0-cp310-cp310-manylinux_2_27_x86_64.manylinux_2_28_x86_64.whl.metadata (9.0 kB)
Collecting pydantic<2.12,>=2.0 (from gradio==5.24.0->-r requirements.txt (line 12))
  Downloading pydantic-2.11.10-py3-none-any.whl.metadata (68 kB)
Collecting pydub (from gradio==5.24.0->-r requirements.txt (line 12))
  Downloading pydub-0.25.1-py2.py3-none-any.whl.metadata (1.4 kB)
Collecting python-multipart>=0.0.18 (from gradio==5.24.0->-r requirements.txt (line 12))
  Downloading python_multipart-0.0.22-py3-none-any.whl.metadata (1.8 kB)
Collecting ruff>=0.9.3 (from gradio==5.24.0->-r requirements.txt (line 12))
  Downloading ruff-0.15.7-py3-none-manylinux_2_17_x86_64.manylinux2014_x86_64.whl.metadata (26 kB)
Collecting safehttpx<0.2.0,>=0.1.6 (from gradio==5.24.0->-r requirements.txt (line 12))
  Downloading safehttpx-0.1.7-py3-none-any.whl.metadata (4.2 kB)
Collecting semantic-version~=2.0 (from gradio==5.24.0->-r requirements.txt (line 12))
  Downloading semantic_version-2.10.0-py2.py3-none-any.whl.metadata (9.7 kB)
Collecting starlette<1.0,>=0.40.0 (from gradio==5.24.0->-r requirements.txt (line 12))
  Downloading starlette-0.52.1-py3-none-any.whl.metadata (6.3 kB)
Collecting tomlkit<0.14.0,>=0.12.0 (from gradio==5.24.0->-r requirements.txt (line 12))
  Downloading tomlkit-0.13.3-py3-none-any.whl.metadata (2.8 kB)
Collecting typer<1.0,>=0.12 (from gradio==5.24.0->-r requirements.txt (line 12))
  Downloading typer-0.24.1-py3-none-any.whl.metadata (16 kB)
Collecting uvicorn>=0.14.0 (from gradio==5.24.0->-r requirements.txt (line 12))
  Downloading uvicorn-0.42.0-py3-none-any.whl.metadata (6.7 kB)
Collecting websockets<16.0,>=10.0 (from gradio-client==1.8.0->gradio==5.24.0->-r requirements.txt (line 12))
  Downloading websockets-15.0.1-cp310-cp310-manylinux_2_5_x86_64.manylinux1_x86_64.manylinux_2_17_x86_64.manylinux2014_x86_64.whl.metadata (6.8 kB)
Collecting charset_normalizer<4,>=2 (from requests->-r requirements.txt (line 15))
  Downloading charset_normalizer-3.4.6-cp310-cp310-manylinux2014_x86_64.manylinux_2_17_x86_64.manylinux_2_28_x86_64.whl.metadata (40 kB)
Collecting idna<4,>=2.5 (from requests->-r requirements.txt (line 15))
  Using cached idna-3.11-py3-none-any.whl.metadata (8.4 kB)
Collecting urllib3<3,>=1.21.1 (from requests->-r requirements.txt (line 15))
  Using cached urllib3-2.6.3-py3-none-any.whl.metadata (6.9 kB)
Collecting certifi>=2017.4.17 (from requests->-r requirements.txt (line 15))
  Using cached certifi-2026.2.25-py3-none-any.whl.metadata (2.5 kB)
Collecting exceptiongroup>=1.0.2 (from anyio<5.0,>=3.0->gradio==5.24.0->-r requirements.txt (line 12))
  Downloading exceptiongroup-1.3.1-py3-none-any.whl.metadata (6.7 kB)
Collecting typing-inspection>=0.4.2 (from fastapi<1.0,>=0.115.2->gradio==5.24.0->-r requirements.txt (line 12))
  Using cached typing_inspection-0.4.2-py3-none-any.whl.metadata (2.6 kB)
Collecting annotated-doc>=0.0.2 (from fastapi<1.0,>=0.115.2->gradio==5.24.0->-r requirements.txt (line 12))
  Downloading annotated_doc-0.0.4-py3-none-any.whl.metadata (6.6 kB)
Collecting pyasn1-modules>=0.2.1 (from google-auth<3,>=1.6.3->tensorboard==2.12.0->-r requirements.txt (line 5))
  Downloading pyasn1_modules-0.4.2-py3-none-any.whl.metadata (3.5 kB)
Collecting cryptography>=38.0.3 (from google-auth<3,>=1.6.3->tensorboard==2.12.0->-r requirements.txt (line 5))
  Downloading cryptography-46.0.5-cp38-abi3-manylinux_2_34_x86_64.whl.metadata (5.7 kB)
Collecting requests-oauthlib>=0.7.0 (from google-auth-oauthlib<0.5,>=0.4.1->tensorboard==2.12.0->-r requirements.txt (line 5))
  Downloading requests_oauthlib-2.0.0-py2.py3-none-any.whl.metadata (11 kB)
Collecting python-dateutil>=2.8.2 (from pandas<3.0,>=1.0->gradio==5.24.0->-r requirements.txt (line 12))
  Using cached python_dateutil-2.9.0.post0-py2.py3-none-any.whl.metadata (8.4 kB)
Collecting pytz>=2020.1 (from pandas<3.0,>=1.0->gradio==5.24.0->-r requirements.txt (line 12))
  Downloading pytz-2026.1.post1-py2.py3-none-any.whl.metadata (22 kB)
Collecting tzdata>=2022.7 (from pandas<3.0,>=1.0->gradio==5.24.0->-r requirements.txt (line 12))
  Using cached tzdata-2025.3-py2.py3-none-any.whl.metadata (1.4 kB)
Collecting annotated-types>=0.6.0 (from pydantic<2.12,>=2.0->gradio==5.24.0->-r requirements.txt (line 12))
  Using cached annotated_types-0.7.0-py3-none-any.whl.metadata (15 kB)
Collecting pydantic-core==2.33.2 (from pydantic<2.12,>=2.0->gradio==5.24.0->-r requirements.txt (line 12))
  Downloading pydantic_core-2.33.2-cp310-cp310-manylinux_2_17_x86_64.manylinux2014_x86_64.whl.metadata (6.8 kB)
Collecting click>=8.2.1 (from typer<1.0,>=0.12->gradio==5.24.0->-r requirements.txt (line 12))
  Using cached click-8.3.1-py3-none-any.whl.metadata (2.6 kB)
Collecting shellingham>=1.3.0 (from typer<1.0,>=0.12->gradio==5.24.0->-r requirements.txt (line 12))
  Downloading shellingham-1.5.4-py2.py3-none-any.whl.metadata (3.5 kB)
Collecting rich>=12.3.0 (from typer<1.0,>=0.12->gradio==5.24.0->-r requirements.txt (line 12))
  Downloading rich-14.3.3-py3-none-any.whl.metadata (18 kB)
Collecting beautifulsoup4 (from gdown->-r requirements.txt (line 14))
  Downloading beautifulsoup4-4.14.3-py3-none-any.whl.metadata (3.8 kB)
Collecting imageio-ffmpeg (from imageio[ffmpeg]->-r requirements.txt (line 16))
  Downloading imageio_ffmpeg-0.6.0-py3-none-manylinux2014_x86_64.whl.metadata (1.5 kB)
Collecting antlr4-python3-runtime==4.9.* (from omegaconf->-r requirements.txt (line 18))
  Downloading antlr4-python3-runtime-4.9.3.tar.gz (117 kB)
  Installing build dependencies: started
  Installing build dependencies: finished with status 'done'
  Getting requirements to build wheel: started
  Getting requirements to build wheel: finished with status 'done'
  Preparing metadata (pyproject.toml): started
  Preparing metadata (pyproject.toml): finished with status 'done'
Collecting future (from ffmpeg-python->-r requirements.txt (line 19))
  Downloading future-1.0.0-py3-none-any.whl.metadata (4.0 kB)
INFO: pip is looking at multiple versions of moviepy to determine which version is compatible with other requirements. This could take a while.
Collecting moviepy (from -r requirements.txt (line 20))
  Downloading moviepy-2.2.0-py3-none-any.whl.metadata (6.9 kB)
  Downloading moviepy-2.1.2-py3-none-any.whl.metadata (6.9 kB)
  Downloading moviepy-2.1.1-py3-none-any.whl.metadata (6.9 kB)
  Downloading moviepy-2.1.0-py3-none-any.whl.metadata (6.9 kB)
  Downloading moviepy-2.0.0-py3-none-any.whl.metadata (6.4 kB)
  Downloading moviepy-1.0.3.tar.gz (388 kB)
  Installing build dependencies: started
  Installing build dependencies: finished with status 'done'
  Getting requirements to build wheel: started
  Getting requirements to build wheel: finished with status 'done'
  Preparing metadata (pyproject.toml): started
  Preparing metadata (pyproject.toml): finished with status 'done'
Collecting decorator>=4.3.0 (from librosa==0.11.0->-r requirements.txt (line 10))
  Downloading decorator-4.4.2-py2.py3-none-any.whl.metadata (4.2 kB)
Collecting proglog<=1.0.0 (from moviepy->-r requirements.txt (line 20))
  Downloading proglog-0.1.12-py3-none-any.whl.metadata (794 bytes)
Collecting pycparser (from cffi>=1.0->soundfile==0.12.1->-r requirements.txt (line 7))
  Downloading pycparser-3.0-py3-none-any.whl.metadata (8.2 kB)
Collecting httpcore==1.* (from httpx>=0.24.1->gradio==5.24.0->-r requirements.txt (line 12))
  Downloading httpcore-1.0.9-py3-none-any.whl.metadata (21 kB)
Collecting h11>=0.16 (from httpcore==1.*->httpx>=0.24.1->gradio==5.24.0->-r requirements.txt (line 12))
  Downloading h11-0.16.0-py3-none-any.whl.metadata (8.3 kB)
Collecting jaxlib<=0.6.2,>=0.6.2 (from jax>=0.3.15->tensorflow==2.12.0->-r requirements.txt (line 4))
  Downloading jaxlib-0.6.2-cp310-cp310-manylinux2014_x86_64.whl.metadata (1.3 kB)
Collecting ml_dtypes>=0.5.0 (from jax>=0.3.15->tensorflow==2.12.0->-r requirements.txt (line 4))
  Downloading ml_dtypes-0.5.4-cp310-cp310-manylinux_2_27_x86_64.manylinux_2_28_x86_64.whl.metadata (8.9 kB)
INFO: pip is looking at multiple versions of jax to determine which version is compatible with other requirements. This could take a while.
Collecting jax>=0.3.15 (from tensorflow==2.12.0->-r requirements.txt (line 4))
  Downloading jax-0.6.1-py3-none-any.whl.metadata (13 kB)
Collecting jaxlib<=0.6.1,>=0.6.1 (from jax>=0.3.15->tensorflow==2.12.0->-r requirements.txt (line 4))
  Downloading jaxlib-0.6.1-cp310-cp310-manylinux2014_x86_64.whl.metadata (1.2 kB)
Collecting jax>=0.3.15 (from tensorflow==2.12.0->-r requirements.txt (line 4))
  Downloading jax-0.6.0-py3-none-any.whl.metadata (22 kB)
Collecting jaxlib<=0.6.0,>=0.6.0 (from jax>=0.3.15->tensorflow==2.12.0->-r requirements.txt (line 4))
  Downloading jaxlib-0.6.0-cp310-cp310-manylinux2014_x86_64.whl.metadata (1.2 kB)
Collecting jax>=0.3.15 (from tensorflow==2.12.0->-r requirements.txt (line 4))
  Downloading jax-0.5.3-py3-none-any.whl.metadata (22 kB)
Collecting jaxlib<=0.5.3,>=0.5.3 (from jax>=0.3.15->tensorflow==2.12.0->-r requirements.txt (line 4))
  Downloading jaxlib-0.5.3-cp310-cp310-manylinux2014_x86_64.whl.metadata (1.2 kB)
Collecting jax>=0.3.15 (from tensorflow==2.12.0->-r requirements.txt (line 4))
  Downloading jax-0.5.2-py3-none-any.whl.metadata (22 kB)
Collecting jaxlib<=0.5.2,>=0.5.1 (from jax>=0.3.15->tensorflow==2.12.0->-r requirements.txt (line 4))
  Downloading jaxlib-0.5.1-cp310-cp310-manylinux2014_x86_64.whl.metadata (978 bytes)
Collecting jax>=0.3.15 (from tensorflow==2.12.0->-r requirements.txt (line 4))
  Downloading jax-0.5.1-py3-none-any.whl.metadata (22 kB)
  Downloading jax-0.5.0-py3-none-any.whl.metadata (22 kB)
Collecting jaxlib<=0.5.0,>=0.5.0 (from jax>=0.3.15->tensorflow==2.12.0->-r requirements.txt (line 4))
  Downloading jaxlib-0.5.0-cp310-cp310-manylinux2014_x86_64.whl.metadata (978 bytes)
Collecting jax>=0.3.15 (from tensorflow==2.12.0->-r requirements.txt (line 4))
  Downloading jax-0.4.38-py3-none-any.whl.metadata (22 kB)
Collecting jaxlib<=0.4.38,>=0.4.38 (from jax>=0.3.15->tensorflow==2.12.0->-r requirements.txt (line 4))
  Downloading jaxlib-0.4.38-cp310-cp310-manylinux2014_x86_64.whl.metadata (1.0 kB)
INFO: pip is still looking at multiple versions of jax to determine which version is compatible with other requirements. This could take a while.
Collecting jax>=0.3.15 (from tensorflow==2.12.0->-r requirements.txt (line 4))
  Downloading jax-0.4.37-py3-none-any.whl.metadata (22 kB)
Collecting jaxlib<=0.4.37,>=0.4.36 (from jax>=0.3.15->tensorflow==2.12.0->-r requirements.txt (line 4))
  Downloading jaxlib-0.4.36-cp310-cp310-manylinux2014_x86_64.whl.metadata (1.0 kB)
Collecting jax>=0.3.15 (from tensorflow==2.12.0->-r requirements.txt (line 4))
  Downloading jax-0.4.36-py3-none-any.whl.metadata (22 kB)
  Downloading jax-0.4.35-py3-none-any.whl.metadata (22 kB)
Collecting jaxlib<=0.4.35,>=0.4.34 (from jax>=0.3.15->tensorflow==2.12.0->-r requirements.txt (line 4))
  Downloading jaxlib-0.4.35-cp310-cp310-manylinux2014_x86_64.whl.metadata (983 bytes)
Collecting jax>=0.3.15 (from tensorflow==2.12.0->-r requirements.txt (line 4))
  Downloading jax-0.4.34-py3-none-any.whl.metadata (22 kB)
Collecting jaxlib<=0.4.34,>=0.4.34 (from jax>=0.3.15->tensorflow==2.12.0->-r requirements.txt (line 4))
  Downloading jaxlib-0.4.34-cp310-cp310-manylinux2014_x86_64.whl.metadata (983 bytes)
Collecting jax>=0.3.15 (from tensorflow==2.12.0->-r requirements.txt (line 4))
  Downloading jax-0.4.33-py3-none-any.whl.metadata (22 kB)
Collecting jaxlib<=0.4.33,>=0.4.33 (from jax>=0.3.15->tensorflow==2.12.0->-r requirements.txt (line 4))
  Downloading jaxlib-0.4.33-cp310-cp310-manylinux2014_x86_64.whl.metadata (983 bytes)
INFO: This is taking longer than usual. You might need to provide the dependency resolver with stricter constraints to reduce runtime. See https://pip.pypa.io/warnings/backtracking for guidance. If you want to abort this run, press Ctrl + C.
Collecting jax>=0.3.15 (from tensorflow==2.12.0->-r requirements.txt (line 4))
  Downloading jax-0.4.31-py3-none-any.whl.metadata (22 kB)
Collecting jaxlib<=0.4.31,>=0.4.30 (from jax>=0.3.15->tensorflow==2.12.0->-r requirements.txt (line 4))
  Downloading jaxlib-0.4.31-cp310-cp310-manylinux2014_x86_64.whl.metadata (983 bytes)
Collecting jax>=0.3.15 (from tensorflow==2.12.0->-r requirements.txt (line 4))
  Downloading jax-0.4.30-py3-none-any.whl.metadata (22 kB)
Collecting jaxlib<=0.4.30,>=0.4.27 (from jax>=0.3.15->tensorflow==2.12.0->-r requirements.txt (line 4))
  Downloading jaxlib-0.4.30-cp310-cp310-manylinux2014_x86_64.whl.metadata (1.0 kB)
Collecting llvmlite<0.47,>=0.46.0dev0 (from numba>=0.51.0->librosa==0.11.0->-r requirements.txt (line 10))
  Downloading llvmlite-0.46.0-cp310-cp310-manylinux2014_x86_64.manylinux_2_17_x86_64.whl.metadata (5.0 kB)
Collecting platformdirs>=2.5.0 (from pooch>=1.1->librosa==0.11.0->-r requirements.txt (line 10))
  Downloading platformdirs-4.9.4-py3-none-any.whl.metadata (4.7 kB)
Collecting pyasn1<0.7.0,>=0.6.1 (from pyasn1-modules>=0.2.1->google-auth<3,>=1.6.3->tensorboard==2.12.0->-r requirements.txt (line 5))
  Downloading pyasn1-0.6.3-py3-none-any.whl.metadata (8.4 kB)
Collecting oauthlib>=3.0.0 (from requests-oauthlib>=0.7.0->google-auth-oauthlib<0.5,>=0.4.1->tensorboard==2.12.0->-r requirements.txt (line 5))
  Downloading oauthlib-3.3.1-py3-none-any.whl.metadata (7.9 kB)
Collecting markdown-it-py>=2.2.0 (from rich>=12.3.0->typer<1.0,>=0.12->gradio==5.24.0->-r requirements.txt (line 12))
  Downloading markdown_it_py-4.0.0-py3-none-any.whl.metadata (7.3 kB)
Collecting pygments<3.0.0,>=2.13.0 (from rich>=12.3.0->typer<1.0,>=0.12->gradio==5.24.0->-r requirements.txt (line 12))
  Downloading pygments-2.19.2-py3-none-any.whl.metadata (2.5 kB)
Collecting mdurl~=0.1 (from markdown-it-py>=2.2.0->rich>=12.3.0->typer<1.0,>=0.12->gradio==5.24.0->-r requirements.txt (line 12))
  Downloading mdurl-0.1.2-py3-none-any.whl.metadata (1.6 kB)
Collecting threadpoolctl>=3.1.0 (from scikit-learn>=1.1.0->librosa==0.11.0->-r requirements.txt (line 10))
  Using cached threadpoolctl-3.6.0-py3-none-any.whl.metadata (13 kB)
Collecting sympy>=1.13.3 (from torch>=1.10.0->accelerate==0.28.0->-r requirements.txt (line 2))
  Downloading sympy-1.14.0-py3-none-any.whl.metadata (12 kB)
Collecting networkx>=2.5.1 (from torch>=1.10.0->accelerate==0.28.0->-r requirements.txt (line 2))
  Using cached networkx-3.4.2-py3-none-any.whl.metadata (6.3 kB)
Collecting cuda-toolkit==13.0.2 (from cuda-toolkit[cublas,cudart,cufft,cufile,cupti,curand,cusolver,cusparse,nvjitlink,nvrtc,nvtx]==13.0.2; platform_system == "Linux"->torch>=1.10.0->accelerate==0.28.0->-r requirements.txt (line 2))
  Downloading cuda_toolkit-13.0.2-py2.py3-none-any.whl.metadata (9.4 kB)
Collecting cuda-bindings<14,>=13.0.3 (from torch>=1.10.0->accelerate==0.28.0->-r requirements.txt (line 2))
  Downloading cuda_bindings-13.2.0-cp310-cp310-manylinux_2_24_x86_64.manylinux_2_28_x86_64.whl.metadata (2.3 kB)
Collecting nvidia-cudnn-cu13==9.19.0.56 (from torch>=1.10.0->accelerate==0.28.0->-r requirements.txt (line 2))
  Downloading nvidia_cudnn_cu13-9.19.0.56-py3-none-manylinux_2_27_x86_64.whl.metadata (1.9 kB)
Collecting nvidia-cusparselt-cu13==0.8.0 (from torch>=1.10.0->accelerate==0.28.0->-r requirements.txt (line 2))
  Downloading nvidia_cusparselt_cu13-0.8.0-py3-none-manylinux2014_x86_64.whl.metadata (12 kB)
Collecting nvidia-nccl-cu13==2.28.9 (from torch>=1.10.0->accelerate==0.28.0->-r requirements.txt (line 2))
  Downloading nvidia_nccl_cu13-2.28.9-py3-none-manylinux_2_18_x86_64.whl.metadata (2.0 kB)
Collecting nvidia-nvshmem-cu13==3.4.5 (from torch>=1.10.0->accelerate==0.28.0->-r requirements.txt (line 2))
  Downloading nvidia_nvshmem_cu13-3.4.5-py3-none-manylinux2014_x86_64.manylinux_2_17_x86_64.whl.metadata (2.1 kB)
Collecting triton==3.6.0 (from torch>=1.10.0->accelerate==0.28.0->-r requirements.txt (line 2))
  Downloading triton-3.6.0-cp310-cp310-manylinux_2_27_x86_64.manylinux_2_28_x86_64.whl.metadata (1.7 kB)
Collecting nvidia-cusolver==12.0.4.66.* (from cuda-toolkit[cublas,cudart,cufft,cufile,cupti,curand,cusolver,cusparse,nvjitlink,nvrtc,nvtx]==13.0.2; platform_system == "Linux"->torch>=1.10.0->accelerate==0.28.0->-r requirements.txt (line 2))
  Downloading nvidia_cusolver-12.0.4.66-py3-none-manylinux_2_27_x86_64.whl.metadata (1.8 kB)
Collecting nvidia-cufile==1.15.1.6.* (from cuda-toolkit[cublas,cudart,cufft,cufile,cupti,curand,cusolver,cusparse,nvjitlink,nvrtc,nvtx]==13.0.2; platform_system == "Linux"->torch>=1.10.0->accelerate==0.28.0->-r requirements.txt (line 2))
  Downloading nvidia_cufile-1.15.1.6-py3-none-manylinux2014_x86_64.manylinux_2_17_x86_64.whl.metadata (1.7 kB)
Collecting nvidia-cuda-nvrtc==13.0.88.* (from cuda-toolkit[cublas,cudart,cufft,cufile,cupti,curand,cusolver,cusparse,nvjitlink,nvrtc,nvtx]==13.0.2; platform_system == "Linux"->torch>=1.10.0->accelerate==0.28.0->-r requirements.txt (line 2))
  Downloading nvidia_cuda_nvrtc-13.0.88-py3-none-manylinux2010_x86_64.manylinux_2_12_x86_64.whl.metadata (1.7 kB)
Collecting nvidia-nvtx==13.0.85.* (from cuda-toolkit[cublas,cudart,cufft,cufile,cupti,curand,cusolver,cusparse,nvjitlink,nvrtc,nvtx]==13.0.2; platform_system == "Linux"->torch>=1.10.0->accelerate==0.28.0->-r requirements.txt (line 2))
  Downloading nvidia_nvtx-13.0.85-py3-none-manylinux1_x86_64.manylinux_2_5_x86_64.whl.metadata (1.8 kB)
Collecting nvidia-cuda-cupti==13.0.85.* (from cuda-toolkit[cublas,cudart,cufft,cufile,cupti,curand,cusolver,cusparse,nvjitlink,nvrtc,nvtx]==13.0.2; platform_system == "Linux"->torch>=1.10.0->accelerate==0.28.0->-r requirements.txt (line 2))
  Downloading nvidia_cuda_cupti-13.0.85-py3-none-manylinux_2_25_x86_64.whl.metadata (1.7 kB)
Collecting nvidia-nvjitlink==13.0.88.* (from cuda-toolkit[cublas,cudart,cufft,cufile,cupti,curand,cusolver,cusparse,nvjitlink,nvrtc,nvtx]==13.0.2; platform_system == "Linux"->torch>=1.10.0->accelerate==0.28.0->-r requirements.txt (line 2))
  Downloading nvidia_nvjitlink-13.0.88-py3-none-manylinux2010_x86_64.manylinux_2_12_x86_64.whl.metadata (1.7 kB)
Collecting nvidia-cufft==12.0.0.61.* (from cuda-toolkit[cublas,cudart,cufft,cufile,cupti,curand,cusolver,cusparse,nvjitlink,nvrtc,nvtx]==13.0.2; platform_system == "Linux"->torch>=1.10.0->accelerate==0.28.0->-r requirements.txt (line 2))
  Downloading nvidia_cufft-12.0.0.61-py3-none-manylinux2014_x86_64.manylinux_2_17_x86_64.whl.metadata (1.8 kB)
Collecting nvidia-cuda-runtime==13.0.96.* (from cuda-toolkit[cublas,cudart,cufft,cufile,cupti,curand,cusolver,cusparse,nvjitlink,nvrtc,nvtx]==13.0.2; platform_system == "Linux"->torch>=1.10.0->accelerate==0.28.0->-r requirements.txt (line 2))
  Downloading nvidia_cuda_runtime-13.0.96-py3-none-manylinux2014_x86_64.manylinux_2_17_x86_64.whl.metadata (1.7 kB)
Collecting nvidia-curand==10.4.0.35.* (from cuda-toolkit[cublas,cudart,cufft,cufile,cupti,curand,cusolver,cusparse,nvjitlink,nvrtc,nvtx]==13.0.2; platform_system == "Linux"->torch>=1.10.0->accelerate==0.28.0->-r requirements.txt (line 2))
  Downloading nvidia_curand-10.4.0.35-py3-none-manylinux_2_27_x86_64.whl.metadata (1.7 kB)
Collecting nvidia-cublas==13.1.0.3.* (from cuda-toolkit[cublas,cudart,cufft,cufile,cupti,curand,cusolver,cusparse,nvjitlink,nvrtc,nvtx]==13.0.2; platform_system == "Linux"->torch>=1.10.0->accelerate==0.28.0->-r requirements.txt (line 2))
  Downloading nvidia_cublas-13.1.0.3-py3-none-manylinux_2_27_x86_64.whl.metadata (1.7 kB)
Collecting nvidia-cusparse==12.6.3.3.* (from cuda-toolkit[cublas,cudart,cufft,cufile,cupti,curand,cusolver,cusparse,nvjitlink,nvrtc,nvtx]==13.0.2; platform_system == "Linux"->torch>=1.10.0->accelerate==0.28.0->-r requirements.txt (line 2))
  Downloading nvidia_cusparse-12.6.3.3-py3-none-manylinux2014_x86_64.manylinux_2_17_x86_64.whl.metadata (1.8 kB)
Collecting cuda-pathfinder~=1.1 (from cuda-bindings<14,>=13.0.3->torch>=1.10.0->accelerate==0.28.0->-r requirements.txt (line 2))
  Downloading cuda_pathfinder-1.4.4-py3-none-any.whl.metadata (1.9 kB)
Collecting mpmath<1.4,>=1.1.0 (from sympy>=1.13.3->torch>=1.10.0->accelerate==0.28.0->-r requirements.txt (line 2))
  Using cached mpmath-1.3.0-py3-none-any.whl.metadata (8.6 kB)
Collecting soupsieve>=1.6.1 (from beautifulsoup4->gdown->-r requirements.txt (line 14))
  Downloading soupsieve-2.8.3-py3-none-any.whl.metadata (4.6 kB)
Collecting zipp>=3.20 (from importlib-metadata->diffusers==0.30.2->-r requirements.txt (line 1))
  Downloading zipp-3.23.0-py3-none-any.whl.metadata (3.6 kB)
Collecting PySocks!=1.5.7,>=1.5.6 (from requests[socks]->gdown->-r requirements.txt (line 14))
  Downloading PySocks-1.7.1-py3-none-any.whl.metadata (13 kB)
Downloading diffusers-0.30.2-py3-none-any.whl (2.6 MB)
   ━━━━━━━━━━━━━━━━━━━━━━━━━━━━━━━━━━━━━━━━ 2.6/2.6 MB 11.1 MB/s  0:00:00
Downloading accelerate-0.28.0-py3-none-any.whl (290 kB)
Downloading numpy-1.23.5-cp310-cp310-manylinux_2_17_x86_64.manylinux2014_x86_64.whl (17.1 MB)
   ━━━━━━━━━━━━━━━━━━━━━━━━━━━━━━━━━━━━━━━━ 17.1/17.1 MB 10.3 MB/s  0:00:01
Downloading tensorflow-2.12.0-cp310-cp310-manylinux_2_17_x86_64.manylinux2014_x86_64.whl (585.9 MB)
   ━━━━━━━━━━━━━━━━━━━━━━━━━━━━━━━━━━━━━━━━ 585.9/585.9 MB 11.2 MB/s  0:00:50
Downloading tensorboard-2.12.0-py3-none-any.whl (5.6 MB)
   ━━━━━━━━━━━━━━━━━━━━━━━━━━━━━━━━━━━━━━━━ 5.6/5.6 MB 11.2 MB/s  0:00:00
Downloading opencv_python-4.9.0.80-cp37-abi3-manylinux_2_17_x86_64.manylinux2014_x86_64.whl (62.2 MB)
   ━━━━━━━━━━━━━━━━━━━━━━━━━━━━━━━━━━━━━━━━ 62.2/62.2 MB 11.6 MB/s  0:00:05
Downloading soundfile-0.12.1-py2.py3-none-manylinux_2_31_x86_64.whl (1.2 MB)
   ━━━━━━━━━━━━━━━━━━━━━━━━━━━━━━━━━━━━━━━━ 1.2/1.2 MB 10.7 MB/s  0:00:00
Downloading transformers-4.39.2-py3-none-any.whl (8.8 MB)
   ━━━━━━━━━━━━━━━━━━━━━━━━━━━━━━━━━━━━━━━━ 8.8/8.8 MB 11.5 MB/s  0:00:00
Downloading huggingface_hub-0.30.2-py3-none-any.whl (481 kB)
Downloading librosa-0.11.0-py3-none-any.whl (260 kB)
Downloading einops-0.8.1-py3-none-any.whl (64 kB)
Downloading gradio-5.24.0-py3-none-any.whl (46.9 MB)
   ━━━━━━━━━━━━━━━━━━━━━━━━━━━━━━━━━━━━━━━━ 46.9/46.9 MB 11.5 MB/s  0:00:04
Downloading gradio_client-1.8.0-py3-none-any.whl (322 kB)
Using cached requests-2.32.5-py3-none-any.whl (64 kB)
Downloading aiofiles-24.1.0-py3-none-any.whl (15 kB)
Downloading anyio-4.13.0-py3-none-any.whl (114 kB)
Downloading charset_normalizer-3.4.6-cp310-cp310-manylinux2014_x86_64.manylinux_2_17_x86_64.manylinux_2_28_x86_64.whl (207 kB)
Downloading fastapi-0.135.2-py3-none-any.whl (117 kB)
Downloading gast-0.4.0-py3-none-any.whl (9.8 kB)
Downloading google_auth-2.49.1-py3-none-any.whl (240 kB)
Downloading google_auth_oauthlib-0.4.6-py2.py3-none-any.whl (18 kB)
Downloading groovy-0.1.2-py3-none-any.whl (14 kB)
Downloading grpcio-1.78.0-cp310-cp310-manylinux2014_x86_64.manylinux_2_17_x86_64.whl (6.7 MB)
   ━━━━━━━━━━━━━━━━━━━━━━━━━━━━━━━━━━━━━━━━ 6.7/6.7 MB 11.4 MB/s  0:00:00
Using cached idna-3.11-py3-none-any.whl (71 kB)
Using cached jinja2-3.1.6-py3-none-any.whl (134 kB)
Downloading keras-2.12.0-py2.py3-none-any.whl (1.7 MB)
   ━━━━━━━━━━━━━━━━━━━━━━━━━━━━━━━━━━━━━━━━ 1.7/1.7 MB 10.8 MB/s  0:00:00
Downloading markupsafe-3.0.3-cp310-cp310-manylinux2014_x86_64.manylinux_2_17_x86_64.manylinux_2_28_x86_64.whl (20 kB)
Downloading orjson-3.11.7-cp310-cp310-manylinux_2_17_x86_64.manylinux2014_x86_64.whl (133 kB)
Downloading pandas-2.3.3-cp310-cp310-manylinux_2_24_x86_64.manylinux_2_28_x86_64.whl (12.8 MB)
   ━━━━━━━━━━━━━━━━━━━━━━━━━━━━━━━━━━━━━━━━ 12.8/12.8 MB 11.2 MB/s  0:00:01
Downloading pillow-11.3.0-cp310-cp310-manylinux_2_27_x86_64.manylinux_2_28_x86_64.whl (6.6 MB)
   ━━━━━━━━━━━━━━━━━━━━━━━━━━━━━━━━━━━━━━━━ 6.6/6.6 MB 9.3 MB/s  0:00:00
Downloading protobuf-4.25.8-cp37-abi3-manylinux2014_x86_64.whl (294 kB)
Downloading pydantic-2.11.10-py3-none-any.whl (444 kB)
Downloading pydantic_core-2.33.2-cp310-cp310-manylinux_2_17_x86_64.manylinux2014_x86_64.whl (2.0 MB)
   ━━━━━━━━━━━━━━━━━━━━━━━━━━━━━━━━━━━━━━━━ 2.0/2.0 MB 11.1 MB/s  0:00:00
Downloading pyyaml-6.0.3-cp310-cp310-manylinux2014_x86_64.manylinux_2_17_x86_64.manylinux_2_28_x86_64.whl (770 kB)
   ━━━━━━━━━━━━━━━━━━━━━━━━━━━━━━━━━━━━━━━━ 770.3/770.3 kB 10.0 MB/s  0:00:00
Downloading safehttpx-0.1.7-py3-none-any.whl (9.0 kB)
Downloading semantic_version-2.10.0-py2.py3-none-any.whl (15 kB)
Downloading starlette-0.52.1-py3-none-any.whl (74 kB)
Downloading tensorboard_data_server-0.7.2-py3-none-manylinux_2_31_x86_64.whl (6.6 MB)
   ━━━━━━━━━━━━━━━━━━━━━━━━━━━━━━━━━━━━━━━━ 6.6/6.6 MB 11.4 MB/s  0:00:00
Downloading tensorflow_estimator-2.12.0-py2.py3-none-any.whl (440 kB)
Downloading tokenizers-0.15.2-cp310-cp310-manylinux_2_17_x86_64.manylinux2014_x86_64.whl (3.6 MB)
   ━━━━━━━━━━━━━━━━━━━━━━━━━━━━━━━━━━━━━━━━ 3.6/3.6 MB 11.3 MB/s  0:00:00
Downloading tomlkit-0.13.3-py3-none-any.whl (38 kB)
Downloading typer-0.24.1-py3-none-any.whl (56 kB)
Using cached typing_extensions-4.15.0-py3-none-any.whl (44 kB)
Using cached urllib3-2.6.3-py3-none-any.whl (131 kB)
Downloading websockets-15.0.1-cp310-cp310-manylinux_2_5_x86_64.manylinux1_x86_64.manylinux_2_17_x86_64.manylinux2014_x86_64.whl (181 kB)
Downloading wrapt-1.14.2-cp310-cp310-manylinux1_x86_64.manylinux_2_28_x86_64.manylinux_2_5_x86_64.whl (76 kB)
Downloading gdown-5.2.1-py3-none-any.whl (18 kB)
Downloading imageio-2.37.3-py3-none-any.whl (317 kB)
Downloading omegaconf-2.3.0-py3-none-any.whl (79 kB)
Downloading ffmpeg_python-0.2.0-py3-none-any.whl (25 kB)
Downloading decorator-4.4.2-py2.py3-none-any.whl (9.2 kB)
Downloading proglog-0.1.12-py3-none-any.whl (6.3 kB)
Using cached tqdm-4.67.3-py3-none-any.whl (78 kB)
Downloading absl_py-2.4.0-py3-none-any.whl (135 kB)
Downloading annotated_doc-0.0.4-py3-none-any.whl (5.3 kB)
Using cached annotated_types-0.7.0-py3-none-any.whl (13 kB)
Downloading astunparse-1.6.3-py2.py3-none-any.whl (12 kB)
Using cached six-1.17.0-py2.py3-none-any.whl (11 kB)
Downloading wheel-0.46.3-py3-none-any.whl (30 kB)
Downloading audioread-3.1.0-py3-none-any.whl (23 kB)
Using cached certifi-2026.2.25-py3-none-any.whl (153 kB)
Downloading cffi-2.0.0-cp310-cp310-manylinux2014_x86_64.manylinux_2_17_x86_64.whl (216 kB)
Using cached click-8.3.1-py3-none-any.whl (108 kB)
Downloading cryptography-46.0.5-cp38-abi3-manylinux_2_34_x86_64.whl (4.5 MB)
   ━━━━━━━━━━━━━━━━━━━━━━━━━━━━━━━━━━━━━━━━ 4.5/4.5 MB 11.3 MB/s  0:00:00
Downloading exceptiongroup-1.3.1-py3-none-any.whl (16 kB)
Downloading flatbuffers-25.12.19-py2.py3-none-any.whl (26 kB)
Using cached fsspec-2026.2.0-py3-none-any.whl (202 kB)
Downloading google_pasta-0.2.0-py3-none-any.whl (57 kB)
Downloading h5py-3.16.0-cp310-cp310-manylinux_2_28_x86_64.whl (5.1 MB)
   ━━━━━━━━━━━━━━━━━━━━━━━━━━━━━━━━━━━━━━━━ 5.1/5.1 MB 9.1 MB/s  0:00:00
Downloading httpx-0.28.1-py3-none-any.whl (73 kB)
Downloading httpcore-1.0.9-py3-none-any.whl (78 kB)
Downloading h11-0.16.0-py3-none-any.whl (37 kB)
Downloading imageio_ffmpeg-0.6.0-py3-none-manylinux2014_x86_64.whl (29.5 MB)
   ━━━━━━━━━━━━━━━━━━━━━━━━━━━━━━━━━━━━━━━━ 29.5/29.5 MB 11.6 MB/s  0:00:02
Downloading jax-0.4.30-py3-none-any.whl (2.0 MB)
   ━━━━━━━━━━━━━━━━━━━━━━━━━━━━━━━━━━━━━━━━ 2.0/2.0 MB 11.1 MB/s  0:00:00
Downloading jaxlib-0.4.30-cp310-cp310-manylinux2014_x86_64.whl (79.6 MB)
   ━━━━━━━━━━━━━━━━━━━━━━━━━━━━━━━━━━━━━━━━ 79.6/79.6 MB 11.5 MB/s  0:00:06
Using cached joblib-1.5.3-py3-none-any.whl (309 kB)
Downloading lazy_loader-0.5-py3-none-any.whl (8.0 kB)
Downloading libclang-18.1.1-py2.py3-none-manylinux2010_x86_64.whl (24.5 MB)
   ━━━━━━━━━━━━━━━━━━━━━━━━━━━━━━━━━━━━━━━━ 24.5/24.5 MB 11.4 MB/s  0:00:02
Downloading markdown-3.10.2-py3-none-any.whl (108 kB)
Downloading ml_dtypes-0.5.4-cp310-cp310-manylinux_2_27_x86_64.manylinux_2_28_x86_64.whl (5.0 MB)
   ━━━━━━━━━━━━━━━━━━━━━━━━━━━━━━━━━━━━━━━━ 5.0/5.0 MB 11.3 MB/s  0:00:00
Downloading msgpack-1.1.2-cp310-cp310-manylinux2014_x86_64.manylinux_2_17_x86_64.manylinux_2_28_x86_64.whl (406 kB)
Downloading numba-0.64.0-cp310-cp310-manylinux2014_x86_64.manylinux_2_17_x86_64.whl (3.7 MB)
   ━━━━━━━━━━━━━━━━━━━━━━━━━━━━━━━━━━━━━━━━ 3.7/3.7 MB 11.1 MB/s  0:00:00
Downloading llvmlite-0.46.0-cp310-cp310-manylinux2014_x86_64.manylinux_2_17_x86_64.whl (56.3 MB)
   ━━━━━━━━━━━━━━━━━━━━━━━━━━━━━━━━━━━━━━━━ 56.3/56.3 MB 11.5 MB/s  0:00:04
Downloading opt_einsum-3.4.0-py3-none-any.whl (71 kB)
Using cached packaging-26.0-py3-none-any.whl (74 kB)
Downloading pooch-1.9.0-py3-none-any.whl (67 kB)
Downloading platformdirs-4.9.4-py3-none-any.whl (21 kB)
Downloading pyasn1_modules-0.4.2-py3-none-any.whl (181 kB)
Downloading pyasn1-0.6.3-py3-none-any.whl (83 kB)
Using cached python_dateutil-2.9.0.post0-py2.py3-none-any.whl (229 kB)
Downloading python_multipart-0.0.22-py3-none-any.whl (24 kB)
Downloading pytz-2026.1.post1-py2.py3-none-any.whl (510 kB)
Using cached regex-2026.2.28-cp310-cp310-manylinux2014_x86_64.manylinux_2_17_x86_64.manylinux_2_28_x86_64.whl (791 kB)
Downloading requests_oauthlib-2.0.0-py2.py3-none-any.whl (24 kB)
Downloading oauthlib-3.3.1-py3-none-any.whl (160 kB)
Downloading rich-14.3.3-py3-none-any.whl (310 kB)
Downloading pygments-2.19.2-py3-none-any.whl (1.2 MB)
   ━━━━━━━━━━━━━━━━━━━━━━━━━━━━━━━━━━━━━━━━ 1.2/1.2 MB 10.1 MB/s  0:00:00
Downloading markdown_it_py-4.0.0-py3-none-any.whl (87 kB)
Downloading mdurl-0.1.2-py3-none-any.whl (10.0 kB)
Downloading ruff-0.15.7-py3-none-manylinux_2_17_x86_64.manylinux2014_x86_64.whl (11.2 MB)
   ━━━━━━━━━━━━━━━━━━━━━━━━━━━━━━━━━━━━━━━━ 11.2/11.2 MB 11.3 MB/s  0:00:00
Downloading safetensors-0.7.0-cp38-abi3-manylinux_2_17_x86_64.manylinux2014_x86_64.whl (507 kB)
Downloading scikit_learn-1.7.2-cp310-cp310-manylinux2014_x86_64.manylinux_2_17_x86_64.whl (9.7 MB)
   ━━━━━━━━━━━━━━━━━━━━━━━━━━━━━━━━━━━━━━━━ 9.7/9.7 MB 11.3 MB/s  0:00:00
Downloading scipy-1.15.3-cp310-cp310-manylinux_2_17_x86_64.manylinux2014_x86_64.whl (37.7 MB)
   ━━━━━━━━━━━━━━━━━━━━━━━━━━━━━━━━━━━━━━━━ 37.7/37.7 MB 11.4 MB/s  0:00:03
Downloading shellingham-1.5.4-py2.py3-none-any.whl (9.8 kB)
Downloading soxr-1.0.0-cp310-cp310-manylinux_2_27_x86_64.manylinux_2_28_x86_64.whl (242 kB)
Downloading tensorboard_plugin_wit-1.8.1-py3-none-any.whl (781 kB)
   ━━━━━━━━━━━━━━━━━━━━━━━━━━━━━━━━━━━━━━━━ 781.3/781.3 kB 10.0 MB/s  0:00:00
Downloading tensorflow_io_gcs_filesystem-0.37.1-cp310-cp310-manylinux_2_17_x86_64.manylinux2014_x86_64.whl (5.1 MB)
   ━━━━━━━━━━━━━━━━━━━━━━━━━━━━━━━━━━━━━━━━ 5.1/5.1 MB 11.1 MB/s  0:00:00
Downloading termcolor-3.3.0-py3-none-any.whl (7.7 kB)
Using cached threadpoolctl-3.6.0-py3-none-any.whl (18 kB)
Downloading torch-2.11.0-cp310-cp310-manylinux_2_28_x86_64.whl (530.6 MB)
   ━━━━━━━━━━━━━━━━━━━━━━━━━━━━━━━━━━━━━━━━ 530.6/530.6 MB 11.0 MB/s  0:00:46
Downloading cuda_toolkit-13.0.2-py2.py3-none-any.whl (2.4 kB)
Downloading nvidia_cudnn_cu13-9.19.0.56-py3-none-manylinux_2_27_x86_64.whl (366.1 MB)
   ━━━━━━━━━━━━━━━━━━━━━━━━━━━━━━━━━━━━━━━━ 366.1/366.1 MB 11.3 MB/s  0:00:32
Downloading nvidia_cusparselt_cu13-0.8.0-py3-none-manylinux2014_x86_64.whl (169.9 MB)
   ━━━━━━━━━━━━━━━━━━━━━━━━━━━━━━━━━━━━━━━━ 169.9/169.9 MB 11.6 MB/s  0:00:14
Downloading nvidia_nccl_cu13-2.28.9-py3-none-manylinux_2_18_x86_64.whl (196.5 MB)
   ━━━━━━━━━━━━━━━━━━━━━━━━━━━━━━━━━━━━━━━━ 196.5/196.5 MB 11.2 MB/s  0:00:17
Downloading nvidia_nvshmem_cu13-3.4.5-py3-none-manylinux2014_x86_64.manylinux_2_17_x86_64.whl (60.4 MB)
   ━━━━━━━━━━━━━━━━━━━━━━━━━━━━━━━━━━━━━━━━ 60.4/60.4 MB 11.6 MB/s  0:00:05
Downloading triton-3.6.0-cp310-cp310-manylinux_2_27_x86_64.manylinux_2_28_x86_64.whl (188.1 MB)
   ━━━━━━━━━━━━━━━━━━━━━━━━━━━━━━━━━━━━━━━━ 188.1/188.1 MB 11.3 MB/s  0:00:16
Downloading cuda_bindings-13.2.0-cp310-cp310-manylinux_2_24_x86_64.manylinux_2_28_x86_64.whl (6.3 MB)
   ━━━━━━━━━━━━━━━━━━━━━━━━━━━━━━━━━━━━━━━━ 6.3/6.3 MB 10.5 MB/s  0:00:00
Downloading cuda_pathfinder-1.4.4-py3-none-any.whl (48 kB)
Downloading nvidia_cublas-13.1.0.3-py3-none-manylinux_2_27_x86_64.whl (423.1 MB)
   ━━━━━━━━━━━━━━━━━━━━━━━━━━━━━━━━━━━━━━━━ 423.1/423.1 MB 11.5 MB/s  0:00:36
Downloading nvidia_cuda_cupti-13.0.85-py3-none-manylinux_2_25_x86_64.whl (10.7 MB)
   ━━━━━━━━━━━━━━━━━━━━━━━━━━━━━━━━━━━━━━━━ 10.7/10.7 MB 11.3 MB/s  0:00:00
Downloading nvidia_cuda_nvrtc-13.0.88-py3-none-manylinux2010_x86_64.manylinux_2_12_x86_64.whl (90.2 MB)
   ━━━━━━━━━━━━━━━━━━━━━━━━━━━━━━━━━━━━━━━━ 90.2/90.2 MB 11.3 MB/s  0:00:07
Downloading nvidia_cuda_runtime-13.0.96-py3-none-manylinux2014_x86_64.manylinux_2_17_x86_64.whl (2.2 MB)
   ━━━━━━━━━━━━━━━━━━━━━━━━━━━━━━━━━━━━━━━━ 2.2/2.2 MB 10.7 MB/s  0:00:00
Downloading nvidia_cufft-12.0.0.61-py3-none-manylinux2014_x86_64.manylinux_2_17_x86_64.whl (214.1 MB)
   ━━━━━━━━━━━━━━━━━━━━━━━━━━━━━━━━━━━━━━━━ 214.1/214.1 MB 11.3 MB/s  0:00:18
Downloading nvidia_cufile-1.15.1.6-py3-none-manylinux2014_x86_64.manylinux_2_17_x86_64.whl (1.2 MB)
   ━━━━━━━━━━━━━━━━━━━━━━━━━━━━━━━━━━━━━━━━ 1.2/1.2 MB 10.2 MB/s  0:00:00
Downloading nvidia_curand-10.4.0.35-py3-none-manylinux_2_27_x86_64.whl (59.5 MB)
   ━━━━━━━━━━━━━━━━━━━━━━━━━━━━━━━━━━━━━━━━ 59.5/59.5 MB 11.3 MB/s  0:00:05
Downloading nvidia_cusolver-12.0.4.66-py3-none-manylinux_2_27_x86_64.whl (200.9 MB)
   ━━━━━━━━━━━━━━━━━━━━━━━━━━━━━━━━━━━━━━━━ 200.9/200.9 MB 11.6 MB/s  0:00:17
Downloading nvidia_cusparse-12.6.3.3-py3-none-manylinux2014_x86_64.manylinux_2_17_x86_64.whl (145.9 MB)
   ━━━━━━━━━━━━━━━━━━━━━━━━━━━━━━━━━━━━━━━━ 145.9/145.9 MB 11.4 MB/s  0:00:12
Downloading nvidia_nvjitlink-13.0.88-py3-none-manylinux2010_x86_64.manylinux_2_12_x86_64.whl (40.7 MB)
   ━━━━━━━━━━━━━━━━━━━━━━━━━━━━━━━━━━━━━━━━ 40.7/40.7 MB 11.4 MB/s  0:00:03
Downloading nvidia_nvtx-13.0.85-py3-none-manylinux1_x86_64.manylinux_2_5_x86_64.whl (148 kB)
Using cached networkx-3.4.2-py3-none-any.whl (1.7 MB)
Downloading sympy-1.14.0-py3-none-any.whl (6.3 MB)
   ━━━━━━━━━━━━━━━━━━━━━━━━━━━━━━━━━━━━━━━━ 6.3/6.3 MB 11.3 MB/s  0:00:00
Using cached mpmath-1.3.0-py3-none-any.whl (536 kB)
Using cached typing_inspection-0.4.2-py3-none-any.whl (14 kB)
Using cached tzdata-2025.3-py2.py3-none-any.whl (348 kB)
Downloading uvicorn-0.42.0-py3-none-any.whl (68 kB)
Downloading werkzeug-3.1.7-py3-none-any.whl (226 kB)
Downloading beautifulsoup4-4.14.3-py3-none-any.whl (107 kB)
Downloading soupsieve-2.8.3-py3-none-any.whl (37 kB)
Downloading ffmpy-1.0.0-py3-none-any.whl (5.6 kB)
Using cached filelock-3.25.2-py3-none-any.whl (26 kB)
Downloading future-1.0.0-py3-none-any.whl (491 kB)
Downloading importlib_metadata-9.0.0-py3-none-any.whl (27 kB)
Downloading zipp-3.23.0-py3-none-any.whl (10 kB)
Using cached psutil-7.2.2-cp36-abi3-manylinux2010_x86_64.manylinux_2_12_x86_64.manylinux_2_28_x86_64.whl (155 kB)
Downloading pycparser-3.0-py3-none-any.whl (48 kB)
Downloading pydub-0.25.1-py2.py3-none-any.whl (32 kB)
Downloading PySocks-1.7.1-py3-none-any.whl (16 kB)
Building wheels for collected packages: antlr4-python3-runtime, moviepy
  Building wheel for antlr4-python3-runtime (pyproject.toml): started
  Building wheel for antlr4-python3-runtime (pyproject.toml): finished with status 'done'
  Created wheel for antlr4-python3-runtime: filename=antlr4_python3_runtime-4.9.3-py3-none-any.whl size=144590 sha256=e114599495da36643caf32feee0f2a2f6063a1c82c5ffdda6a529f2d63ff2a4f
  Stored in directory: /home/rob/.cache/pip/wheels/12/93/dd/1f6a127edc45659556564c5730f6d4e300888f4bca2d4c5a88
  Building wheel for moviepy (pyproject.toml): started
  Building wheel for moviepy (pyproject.toml): finished with status 'done'
  Created wheel for moviepy: filename=moviepy-1.0.3-py3-none-any.whl size=110796 sha256=2cee90bbabfce6578cefa80214a7225d90eb1747b656b6bec67812f5e3a3d686
  Stored in directory: /home/rob/.cache/pip/wheels/96/32/2d/e10123bd88fbfc02fed53cc18c80a171d3c87479ed845fa7c1
Successfully built antlr4-python3-runtime moviepy
Installing collected packages: tensorboard-plugin-wit, pytz, pydub, nvidia-cusparselt-cu13, mpmath, libclang, flatbuffers, cuda-toolkit, antlr4-python3-runtime, zipp, wrapt, websockets, urllib3, tzdata, typing-extensions, triton, tqdm, tomlkit, threadpoolctl, termcolor, tensorflow-io-gcs-filesystem, tensorflow-estimator, tensorboard-data-server, sympy, soupsieve, six, shellingham, semantic-version, safetensors, ruff, regex, pyyaml, python-multipart, PySocks, pygments, pycparser, pyasn1, psutil, protobuf, platformdirs, Pillow, packaging, orjson, opt-einsum, oauthlib, nvidia-nvtx, nvidia-nvshmem-cu13, nvidia-nvjitlink, nvidia-nccl-cu13, nvidia-curand, nvidia-cufile, nvidia-cuda-runtime, nvidia-cuda-nvrtc, nvidia-cuda-cupti, nvidia-cublas, numpy, networkx, msgpack, mdurl, markupsafe, markdown, llvmlite, keras, joblib, imageio-ffmpeg, idna, h11, groovy, gast, future, fsspec, filelock, ffmpy, einops, decorator, cuda-pathfinder, click, charset_normalizer, certifi, audioread, annotated-types, annotated-doc, aiofiles, absl-py, wheel, werkzeug, uvicorn, typing-inspection, soxr, scipy, requests, python-dateutil, pydantic-core, pyasn1-modules, proglog, opencv-python, omegaconf, nvidia-cusparse, nvidia-cufft, nvidia-cudnn-cu13, numba, ml_dtypes, markdown-it-py, lazy_loader, jinja2, importlib-metadata, imageio, httpcore, h5py, grpcio, google-pasta, ffmpeg-python, exceptiongroup, cuda-bindings, cffi, beautifulsoup4, soundfile, scikit-learn, rich, requests-oauthlib, pydantic, pooch, pandas, nvidia-cusolver, moviepy, jaxlib, huggingface_hub, cryptography, astunparse, anyio, typer, tokenizers, starlette, librosa, jax, httpx, google-auth, gdown, diffusers, transformers, torch, safehttpx, gradio-client, google-auth-oauthlib, fastapi, tensorboard, gradio, accelerate, tensorflow

Successfully installed Pillow-11.3.0 PySocks-1.7.1 absl-py-2.4.0 accelerate-0.28.0 aiofiles-24.1.0 annotated-doc-0.0.4 annotated-types-0.7.0 antlr4-python3-runtime-4.9.3 anyio-4.13.0 astunparse-1.6.3 audioread-3.1.0 beautifulsoup4-4.14.3 certifi-2026.2.25 cffi-2.0.0 charset_normalizer-3.4.6 click-8.3.1 cryptography-46.0.5 cuda-bindings-13.2.0 cuda-pathfinder-1.4.4 cuda-toolkit-13.0.2 decorator-4.4.2 diffusers-0.30.2 einops-0.8.1 exceptiongroup-1.3.1 fastapi-0.135.2 ffmpeg-python-0.2.0 ffmpy-1.0.0 filelock-3.25.2 flatbuffers-25.12.19 fsspec-2026.2.0 future-1.0.0 gast-0.4.0 gdown-5.2.1 google-auth-2.49.1 google-auth-oauthlib-0.4.6 google-pasta-0.2.0 gradio-5.24.0 gradio-client-1.8.0 groovy-0.1.2 grpcio-1.78.0 h11-0.16.0 h5py-3.16.0 httpcore-1.0.9 httpx-0.28.1 huggingface_hub-0.30.2 idna-3.11 imageio-2.37.3 imageio-ffmpeg-0.6.0 importlib-metadata-9.0.0 jax-0.4.30 jaxlib-0.4.30 jinja2-3.1.6 joblib-1.5.3 keras-2.12.0 lazy_loader-0.5 libclang-18.1.1 librosa-0.11.0 llvmlite-0.46.0 markdown-3.10.2 markdown-it-py-4.0.0 markupsafe-3.0.3 mdurl-0.1.2 ml_dtypes-0.5.4 moviepy-1.0.3 mpmath-1.3.0 msgpack-1.1.2 networkx-3.4.2 numba-0.64.0 numpy-1.23.5 nvidia-cublas-13.1.0.3 nvidia-cuda-cupti-13.0.85 nvidia-cuda-nvrtc-13.0.88 nvidia-cuda-runtime-13.0.96 nvidia-cudnn-cu13-9.19.0.56 nvidia-cufft-12.0.0.61 nvidia-cufile-1.15.1.6 nvidia-curand-10.4.0.35 nvidia-cusolver-12.0.4.66 nvidia-cusparse-12.6.3.3 nvidia-cusparselt-cu13-0.8.0 nvidia-nccl-cu13-2.28.9 nvidia-nvjitlink-13.0.88 nvidia-nvshmem-cu13-3.4.5 nvidia-nvtx-13.0.85 oauthlib-3.3.1 omegaconf-2.3.0 opencv-python-4.9.0.80 opt-einsum-3.4.0 orjson-3.11.7 packaging-26.0 pandas-2.3.3 platformdirs-4.9.4 pooch-1.9.0 proglog-0.1.12 protobuf-4.25.8 psutil-7.2.2 pyasn1-0.6.3 pyasn1-modules-0.4.2 pycparser-3.0 pydantic-2.11.10 pydantic-core-2.33.2 pydub-0.25.1 pygments-2.19.2 python-dateutil-2.9.0.post0 python-multipart-0.0.22 pytz-2026.1.post1 pyyaml-6.0.3 regex-2026.2.28 requests-2.32.5 requests-oauthlib-2.0.0 rich-14.3.3 ruff-0.15.7 safehttpx-0.1.7 safetensors-0.7.0 scikit-learn-1.7.2 scipy-1.15.3 semantic-version-2.10.0 shellingham-1.5.4 six-1.17.0 soundfile-0.12.1 soupsieve-2.8.3 soxr-1.0.0 starlette-0.52.1 sympy-1.14.0 tensorboard-2.12.0 tensorboard-data-server-0.7.2 tensorboard-plugin-wit-1.8.1 tensorflow-2.12.0 tensorflow-estimator-2.12.0 tensorflow-io-gcs-filesystem-0.37.1 termcolor-3.3.0 threadpoolctl-3.6.0 tokenizers-0.15.2 tomlkit-0.13.3 torch-2.11.0 tqdm-4.67.3 transformers-4.39.2 triton-3.6.0 typer-0.24.1 typing-extensions-4.15.0 typing-inspection-0.4.2 tzdata-2025.3 urllib3-2.6.3 uvicorn-0.42.0 websockets-15.0.1 werkzeug-3.1.7 wheel-0.46.3 wrapt-1.14.2 zipp-3.23.0
