
╔══════════════════════════════════════════════════════════════╗
║             📊 TOKEN OUTCOME TRACKER 📊                      ║
║                                                              ║
║   Tracks tokens over time to measure scoring effectiveness  ║
║   Intervals: 5min, 30min, 1hr, 6hr, 24hr                   ║
╚══════════════════════════════════════════════════════════════╝
    
📁 Logs: /home/rob/.openclaw/workspace/dexscreener-scanner/logs
🔄 Checking every 5 minutes...


============================================================
📊 OUTCOME TRACKER - 20:38:35 UTC
============================================================
📝 457 new tokens to track
  📍 Started tracking: SCUBA (Score: 20)
  📍 Started tracking: Penis-chan (Score: 30)
  📍 Started tracking: Penis-chan (Score: 30)
  📍 Started tracking: BEE (Score: 5)
  📍 Started tracking: HORMUZ (Score: 30)
  📍 Started tracking: Penis-chan (Score: 30)
  📍 Started tracking: Penis-chan (Score: 30)
  📍 Started tracking: $BO (Score: 20)
  📍 Started tracking: Alon (Score: 20)
  📍 Started tracking: Mika (Score: 37)
  📍 Started tracking: istunks (Score: 30)
  📍 Started tracking: JC (Score: 30)
  📍 Started tracking: Easter (Score: 30)
  📍 Started tracking: AI (Score: 15)
  📍 Started tracking: Jomvet (Score: 30)
  📍 Started tracking: SADASD (Score: 5)
  📍 Started tracking: AI (Score: 15)
  📍 Started tracking: ቿቿቿ (Score: 5)
  📍 Started tracking: Jomvet (Score: 15)
  📍 Started tracking: KryvenN (Score: 20)
  📍 Started tracking: Boofett (Score: 15)
  📍 Started tracking: LILSnape (Score: 20)
  📍 Started tracking: READOG (Score: 30)
  📍 Started tracking: READOG (Score: 30)
  📍 Started tracking: MarioX (Score: 20)
  📍 Started tracking: doggystyle (Score: 15)
  📍 Started tracking: test (Score: 20)
  📍 Started tracking: REDSOL (Score: 30)
  📍 Started tracking: FUGU (Score: 28)
  📍 Started tracking: Doggystyle (Score: 19)
  📍 Started tracking: BTCF (Score: 28)
  📍 Started tracking: STENKS (Score: 24)
  📍 Started tracking: FORESKIN (Score: 17)
  📍 Started tracking: MMGA (Score: 34)
  📍 Started tracking: p (Score: 7)
  📍 Started tracking: Penis-Chan (Score: 34)
  📍 Started tracking: SwaGrid (Score: 28)
  📍 Started tracking: simplest (Score: 19)
  📍 Started tracking: SIMPLE (Score: 17)
  📍 Started tracking: BITCOIN (Score: 19)
  📍 Started tracking: Schitcoin (Score: 34)
  📍 Started tracking: Easter (Score: 28)
  📍 Started tracking: MAN (Score: 14)
  📍 Started tracking: ALLAH (Score: 43)
  📍 Started tracking: Schitcoin (Score: 22)
  📍 Started tracking: Dripdemor (Score: 31)
  📍 Started tracking: SCHIT (Score: 34)
  📍 Started tracking: Penis-Chan (Score: 41)
  📍 Started tracking: 144P (Score: 37)
  📍 Started tracking: behind (Score: 24)
  📍 Started tracking: foreskin (Score: 30)
  📍 Started tracking: Penis-chan (Score: 30)
  📍 Started tracking: Penis-chan (Score: 30)
  📍 Started tracking: picapika (Score: 30)
  📍 Started tracking: PenisChan (Score: 15)
  📍 Started tracking: PEPE (Score: 33)
  📍 Started tracking: penis (Score: 30)
  📍 Started tracking: JC (Score: 30)
  📍 Started tracking: Penis-chan (Score: 30)
  📍 Started tracking: Penis-chan (Score: 30)
  📍 Started tracking: sol (Score: 20)
  📍 Started tracking: WAGMI (Score: 5)
  📍 Started tracking: Penis-chan (Score: 30)
  📍 Started tracking: Penis-chan (Score: 30)
  📍 Started tracking: SCUBA (Score: 30)
  📍 Started tracking: DripDobby (Score: 20)
  📍 Started tracking: Penis-chan (Score: 30)
  📍 Started tracking: Watching (Score: 30)
  📍 Started tracking: PMAN (Score: 30)
  📍 Started tracking: Penis-chan (Score: 30)
  📍 Started tracking: LOLA (Score: 30)
  📍 Started tracking: SCUBA (Score: 30)
  📍 Started tracking: Penis-Chan (Score: 30)
  📍 Started tracking: READOG (Score: 30)
  📍 Started tracking: READOG (Score: 30)
  📍 Started tracking: READOG (Score: 30)
  📍 Started tracking: READOG (Score: 30)
  📍 Started tracking: Sol (Score: 20)
  📍 Started tracking: GSPOT (Score: 15)
  📍 Started tracking: HOP (Score: 30)
  📍 Started tracking: Penis-chan (Score: 30)
  📍 Started tracking: nēnē (Score: 33)
  📍 Started tracking: Penis-chan (Score: 30)
  📍 Started tracking: WIREX (Score: 30)
  📍 Started tracking: foreskin (Score: 30)
  📍 Started tracking: Pi (Score: 15)
  📍 Started tracking: Penis-chan (Score: 30)
  📍 Started tracking: Penis-chan (Score: 30)
  📍 Started tracking: Penis-chan (Score: 30)
  📍 Started tracking: că, (Score: 5)
  📍 Started tracking: JESUS (Score: 15)
  📍 Started tracking: PenisChan (Score: 30)
  📍 Started tracking: Penis-chan (Score: 30)
  📍 Started tracking: Penis-chan (Score: 30)
  📍 Started tracking: Inertia (Score: 30)
  📍 Started tracking: DripPump (Score: 20)
  📍 Started tracking: BREADLINESMA (Score: 15)
  📍 Started tracking: BREAD (Score: 30)
  📍 Started tracking: GSPOT (Score: 30)
  📍 Started tracking: fsaddsaf (Score: 20)
  📍 Started tracking: NAKAMUTI (Score: 20)
  📍 Started tracking: FORESKIN (Score: 30)
  📍 Started tracking: RWAR (Score: 30)
  📍 Started tracking: Sonya cat (Score: 30)
  📍 Started tracking: s,z (Score: 20)
  📍 Started tracking: RWAR (Score: 30)
  📍 Started tracking: GSPOT (Score: 18)
  📍 Started tracking: Easter (Score: 30)
  📍 Started tracking: GSPOT (Score: 15)
  📍 Started tracking: Mymo (Score: 30)
  📍 Started tracking: PenisChan (Score: 30)
  📍 Started tracking: SAFFAS (Score: 20)
  📍 Started tracking: LeahCoin (Score: 30)
  📍 Started tracking: AIRDR (Score: 20)
  📍 Started tracking: Inertia (Score: 30)
  📍 Started tracking: foreskin (Score: 15)
  📍 Started tracking: circumcise (Score: 30)
  📍 Started tracking: SAF (Score: 30)
  📍 Started tracking: BREAD (Score: 33)
  📍 Started tracking: $BLNTBUNY (Score: 30)
  📍 Started tracking: NOBITO (Score: 30)
  📍 Started tracking: SAFS (Score: 30)
  📍 Started tracking: DSI (Score: 30)
  📍 Started tracking: Inertia (Score: 30)
  📍 Started tracking: CANDLE (Score: 15)
  📍 Started tracking: ASF (Score: 30)
  📍 Started tracking: BLM (Score: 15)
  📍 Started tracking: MONKEY (Score: 20)
  📍 Started tracking: 100x (Score: 30)
  📍 Started tracking: m,h (Score: 5)
  📍 Started tracking: TRILLY (Score: 30)
  📍 Started tracking: foreskin (Score: 37)
  📍 Started tracking: BLM (Score: 30)
  📍 Started tracking: Lil' (Score: 30)
  📍 Started tracking: BLM (Score: 15)
  📍 Started tracking: BREAD (Score: 15)
  📍 Started tracking: BreadLine (Score: 15)
  📍 Started tracking: Mika (Score: 37)
  📍 Started tracking: PvP (Score: 15)
  📍 Started tracking: GSPOT (Score: 30)
  📍 Started tracking: AFSFS (Score: 20)
  📍 Started tracking: BLM (Score: 15)
  📍 Started tracking: D (Score: 15)
  📍 Started tracking: BREAD (Score: 15)
  📍 Started tracking: Dawg (Score: 20)
  📍 Started tracking: Awon (Score: 20)
  📍 Started tracking: Toly (Score: 15)
  📍 Started tracking: CIRC (Score: 30)
  📍 Started tracking: AFSFS (Score: 20)
  📍 Started tracking: GSPOT (Score: 15)
  📍 Started tracking: SAFFAS (Score: 20)
  📍 Started tracking: Flomby (Score: 20)
  📍 Started tracking: Easter (Score: 30)
  📍 Started tracking: CORG (Score: 30)
  📍 Started tracking: CORG (Score: 30)
  📍 Started tracking: CORG (Score: 30)
  📍 Started tracking: CORG (Score: 30)
  📍 Started tracking: GSPOT (Score: 15)
  📍 Started tracking: Inertia (Score: 30)
  📍 Started tracking: HQSNAIL (Score: 20)
  📍 Started tracking: SAF (Score: 30)
  📍 Started tracking: scissors (Score: 33)
  📍 Started tracking: DOLAPORR (Score: 30)
  📍 Started tracking: Eggyions (Score: 20)
  📍 Started tracking: ROI (Score: 20)
  📍 Started tracking: SAF (Score: 30)
  📍 Started tracking: BUNNIES (Score: 15)
  📍 Started tracking: foreskin (Score: 30)
  📍 Started tracking: test (Score: 20)
  📍 Started tracking: BREAD (Score: 15)
  📍 Started tracking: SCUBA (Score: 30)
  📍 Started tracking: SAF (Score: 30)
  📍 Started tracking: SCUBA (Score: 30)
  📍 Started tracking: SAF (Score: 30)
  📍 Started tracking: shanwer (Score: 20)
  📍 Started tracking: SCUBA (Score: 30)
  📍 Started tracking: STC (Score: 30)
  📍 Started tracking: Verstuppen (Score: 20)
  📍 Started tracking: Inertia (Score: 30)
  📍 Started tracking: Anisa (Score: 33)
  📍 Started tracking: READ (Score: 30)
  📍 Started tracking: READ (Score: 30)
  📍 Started tracking: READ (Score: 30)
  📍 Started tracking: READ (Score: 30)
  📍 Started tracking: READ (Score: 30)
  📍 Started tracking: Scuba  (Score: 20)
  📍 Started tracking: TEST (Score: 20)
  📍 Started tracking: Balls (Score: 30)
  📍 Started tracking: saz,ai (Score: 5)
  📍 Started tracking: CXAI (Score: 20)
  📍 Started tracking: MINGYU (Score: 30)
  📍 Started tracking: READ (Score: 30)
  📍 Started tracking: READ (Score: 30)
  📍 Started tracking: READ (Score: 30)
  📍 Started tracking: READ (Score: 30)
  📍 Started tracking: DOGE PEPE (Score: 5)
  📍 Started tracking: READ (Score: 30)
  📍 Started tracking: READ (Score: 30)
  📍 Started tracking: READ (Score: 30)
  📍 Started tracking: READ (Score: 30)
  📍 Started tracking: READ (Score: 30)
  📍 Started tracking: Bait  (Score: 20)
  📍 Started tracking: MINGYU (Score: 15)
  📍 Started tracking: p (Score: 20)
  📍 Started tracking: OldMoney (Score: 20)
  📍 Started tracking: ANUS (Score: 15)
  📍 Started tracking: STC (Score: 15)
  📍 Started tracking: shet (Score: 20)
  📍 Started tracking: Liquidify (Score: 30)
  📍 Started tracking: Easter (Score: 30)
  📍 Started tracking: TTR (Score: 20)
  📍 Started tracking: CONGGRESS (Score: 30)
  📍 Started tracking: Ziggy (Score: 30)
  📍 Started tracking: BMW (Score: 20)
  📍 Started tracking: ELM (Score: 20)
  📍 Started tracking: PvP (Score: 15)
  📍 Started tracking: ANUS (Score: 15)
  📍 Started tracking: MegaDong (Score: 20)
  📍 Started tracking: dry (Score: 20)
  📍 Started tracking: Sol (Score: 20)
  📍 Started tracking: s (Score: 20)
  📍 Started tracking: gut (Score: 15)
  📍 Started tracking: BUM (Score: 20)
  📍 Started tracking: BOOM (Score: 28)
  📍 Started tracking: ANUS (Score: 15)
  📍 Started tracking: NOBITO (Score: 30)
  📍 Started tracking: FOH (Score: 30)
  📍 Started tracking: d (Score: 20)
  📍 Started tracking: TTR (Score: 20)
  📍 Started tracking: gfd (Score: 20)
  📍 Started tracking: Penis-chan (Score: 5)
  📍 Started tracking: Pepayyy (Score: 20)
  📍 Started tracking: $DSTRD (Score: 30)
  📍 Started tracking: BEBETHEPARRO (Score: 15)
  📍 Started tracking: ANUS (Score: 15)
  📍 Started tracking: ANUS (Score: 15)
  📍 Started tracking: ANUS (Score: 30)
  📍 Started tracking: Inertia (Score: 30)
  📍 Started tracking: DMRCY (Score: 20)
  📍 Started tracking: FORESKIN (Score: 20)
  📍 Started tracking: test (Score: 20)
  📍 Started tracking: NEMO (Score: 20)
  📍 Started tracking: SHAW! (Score: 20)
  📍 Started tracking: Walker (Score: 37)
  📍 Started tracking: Kibo (Score: 23)
  📍 Started tracking: Ashat (Score: 20)
  📍 Started tracking: test (Score: 20)
  📍 Started tracking: $EXIT (Score: 30)
  📍 Started tracking: OpenCode (Score: 30)
  📍 Started tracking: Yumiko-chan (Score: 30)
  📍 Started tracking: BEBE (Score: 37)
  📍 Started tracking: BUM (Score: 30)
  📍 Started tracking: BALLISTIK (Score: 30)
  📍 Started tracking: got. (Score: 5)
  📍 Started tracking: $MSB (Score: 20)
  📍 Started tracking: Desk (Score: 15)
  📍 Started tracking: BEBE (Score: 37)
  📍 Started tracking: Jew (Score: 30)
  📍 Started tracking: BEBE (Score: 33)
  📍 Started tracking: TRUMP (Score: 30)
  📍 Started tracking: BYOC (Score: 15)
  📍 Started tracking: test (Score: 20)
  📍 Started tracking: BEBE (Score: 15)
  📍 Started tracking: SCUBA (Score: 30)
  📍 Started tracking: poza (Score: 5)
  📍 Started tracking: g (Score: 20)
  📍 Started tracking: POTATO (Score: 15)
  📍 Started tracking: SCUBA (Score: 30)
  📍 Started tracking: BEBE (Score: 15)
  📍 Started tracking: ABSOLUTE (Score: 37)
  📍 Started tracking: MULUNIA (Score: 37)
  📍 Started tracking: SCUBA (Score: 30)
  📍 Started tracking: TrubaCuba (Score: 30)
  📍 Started tracking: SCUBA (Score: 30)
  📍 Started tracking: pozq (Score: 5)
  📍 Started tracking: foreskin (Score: 33)
  📍 Started tracking: RsqdPilot (Score: 20)
  📍 Started tracking: OG (Score: 30)
  📍 Started tracking: fds (Score: 20)
  📍 Started tracking: OG (Score: 30)
  📍 Started tracking: MGAS (Score: 30)
  📍 Started tracking: BALLISTIK (Score: 30)
  📍 Started tracking: test (Score: 20)
  📍 Started tracking: MARIO (Score: 30)
  📍 Started tracking: SCUBA (Score: 30)
  📍 Started tracking: SCUBA (Score: 30)
  📍 Started tracking: SCUBA (Score: 30)
  📍 Started tracking: SCUBA (Score: 30)
  📍 Started tracking: 21 (Score: 5)
  📍 Started tracking: SCUBA (Score: 30)
  📍 Started tracking: BALLISTIK (Score: 20)
  📍 Started tracking: MAGA (Score: 20)
  📍 Started tracking: Oodlecat (Score: 30)
  📍 Started tracking: SHANNON (Score: 30)
  📍 Started tracking: TTR (Score: 20)
  📍 Started tracking: tih (Score: 20)
  📍 Started tracking: TAVERN (Score: 30)
  📍 Started tracking: HELLOOOOOOO (Score: 30)
  📍 Started tracking: BOOBMOGGED (Score: 15)
  📍 Started tracking: Mika (Score: 37)
  📍 Started tracking: 7,7 (Score: 5)
  📍 Started tracking: SHANNON (Score: 30)
  📍 Started tracking: SHANNON (Score: 30)
  📍 Started tracking: Italian  (Score: 20)
  📍 Started tracking: SHANNON (Score: 33)
  📍 Started tracking: FSDA (Score: 20)
  📍 Started tracking: ALI (Score: 20)
  📍 Started tracking: MULUNIA (Score: 37)
  📍 Started tracking: SHANNON (Score: 37)
  📍 Started tracking: FUND (Score: 15)
  📍 Started tracking: Coca-Cola (Score: 30)
  📍 Started tracking: 8:00 (Score: 15)
  📍 Started tracking: MGAS (Score: 30)
  📍 Started tracking: MGAS (Score: 30)
  📍 Started tracking: EASTER (Score: 20)
  📍 Started tracking: money (Score: 20)
  📍 Started tracking: Unspiral (Score: 30)
  📍 Started tracking: SHANNON (Score: 30)
  📍 Started tracking: SHANNON (Score: 30)
  📍 Started tracking: LOKI (Score: 37)
  📍 Started tracking: SHANNON (Score: 30)
  📍 Started tracking: SHANNON (Score: 30)
  📍 Started tracking: TOLY (Score: 15)
  📍 Started tracking: Trump (Score: 5)
  📍 Started tracking: Bebe (Score: 30)
  📍 Started tracking: Finger (Score: 33)
  📍 Started tracking: so (Score: 20)
  📍 Started tracking: Shannon (Score: 30)
  📍 Started tracking: TEST (Score: 20)
  📍 Started tracking: Inertia (Score: 30)
  📍 Started tracking: NEOPETS (Score: 30)
  📍 Started tracking: SHANNON (Score: 30)
  📍 Started tracking: OpenCode (Score: 30)
  📍 Started tracking: CAVEMAN (Score: 30)
  📍 Started tracking: 31, (Score: 5)
  📍 Started tracking: SHANNON (Score: 30)
  📍 Started tracking: AIRDR (Score: 20)
  📍 Started tracking: Sex (Score: 26)
  📍 Started tracking: SOLEIMANI (Score: 30)
  📍 Started tracking: 雨降 (Score: 33)
  📍 Started tracking: FORESKIN (Score: 30)
  📍 Started tracking: test (Score: 20)
  📍 Started tracking: 67 (Score: 30)
  📍 Started tracking: PEANUT (Score: 30)
  📍 Started tracking: REALIZATION (Score: 37)
  📍 Started tracking: CutBlack (Score: 20)
  📍 Started tracking: 13.93 (Score: 5)
  📍 Started tracking: NIGGA (Score: 15)
  📍 Started tracking: bitchat (Score: 30)
  📍 Started tracking: 雨降 (Score: 15)
  📍 Started tracking: MOONER (Score: 20)
  📍 Started tracking: World (Score: 15)
  📍 Started tracking: INCEPTION (Score: 37)
  📍 Started tracking: ST (Score: 20)